{"meta": {"format": 3, "version": "7.10.1", "timestamp": "2025-08-06T15:37:47.753140", "branch_coverage": false, "show_contexts": false}, "files": {"aegis_sdk/__init__.py": {"executed_lines": [1, 3, 4, 6, 7], "summary": {"covered_lines": 4, "num_statements": 4, "percent_covered": 100.0, "percent_covered_display": "100", "missing_lines": 0, "excluded_lines": 0}, "missing_lines": [], "excluded_lines": [], "functions": {"": {"executed_lines": [1, 3, 4, 6, 7], "summary": {"covered_lines": 4, "num_statements": 4, "percent_covered": 100.0, "percent_covered_display": "100", "missing_lines": 0, "excluded_lines": 0}, "missing_lines": [], "excluded_lines": []}}, "classes": {"": {"executed_lines": [1, 3, 4, 6, 7], "summary": {"covered_lines": 4, "num_statements": 4, "percent_covered": 100.0, "percent_covered_display": "100", "missing_lines": 0, "excluded_lines": 0}, "missing_lines": [], "excluded_lines": []}}}, "aegis_sdk/application/__init__.py": {"executed_lines": [1, 3, 4, 6], "summary": {"covered_lines": 3, "num_statements": 3, "percent_covered": 100.0, "percent_covered_display": "100", "missing_lines": 0, "excluded_lines": 0}, "missing_lines": [], "excluded_lines": [], "functions": {"": {"executed_lines": [1, 3, 4, 6], "summary": {"covered_lines": 3, "num_statements": 3, "percent_covered": 100.0, "percent_covered_display": "100", "missing_lines": 0, "excluded_lines": 0}, "missing_lines": [], "excluded_lines": []}}, "classes": {"": {"executed_lines": [1, 3, 4, 6], "summary": {"covered_lines": 3, "num_statements": 3, "percent_covered": 100.0, "percent_covered_display": "100", "missing_lines": 0, "excluded_lines": 0}, "missing_lines": [], "excluded_lines": []}}}, "aegis_sdk/application/dependency_provider.py": {"executed_lines": [1, 7, 9, 11, 20, 21, 28, 29, 30, 31, 33, 34, 61, 62, 78, 79, 95, 96, 112, 113, 129, 130], "summary": {"covered_lines": 19, "num_statements": 43, "percent_covered": 44.18604651162791, "percent_covered_display": "44", "missing_lines": 24, "excluded_lines": 3}, "missing_lines": [52, 53, 54, 55, 56, 57, 58, 59, 71, 72, 76, 88, 89, 93, 105, 106, 110, 122, 123, 127, 135, 136, 137, 138], "excluded_lines": [11, 12, 17], "functions": {"DependencyProvider.register_defaults": {"executed_lines": [], "summary": {"covered_lines": 0, "num_statements": 8, "percent_covered": 0.0, "percent_covered_display": "0", "missing_lines": 8, "excluded_lines": 0}, "missing_lines": [52, 53, 54, 55, 56, 57, 58, 59], "excluded_lines": []}, "DependencyProvider.get_default_election_factory": {"executed_lines": [], "summary": {"covered_lines": 0, "num_statements": 3, "percent_covered": 0.0, "percent_covered_display": "0", "missing_lines": 3, "excluded_lines": 0}, "missing_lines": [71, 72, 76], "excluded_lines": []}, "DependencyProvider.get_default_use_case_factory": {"executed_lines": [], "summary": {"covered_lines": 0, "num_statements": 3, "percent_covered": 0.0, "percent_covered_display": "0", "missing_lines": 3, "excluded_lines": 0}, "missing_lines": [88, 89, 93], "excluded_lines": []}, "DependencyProvider.get_default_kv_store_factory": {"executed_lines": [], "summary": {"covered_lines": 0, "num_statements": 3, "percent_covered": 0.0, "percent_covered_display": "0", "missing_lines": 3, "excluded_lines": 0}, "missing_lines": [105, 106, 110], "excluded_lines": []}, "DependencyProvider.get_default_metrics": {"executed_lines": [], "summary": {"covered_lines": 0, "num_statements": 3, "percent_covered": 0.0, "percent_covered_display": "0", "missing_lines": 3, "excluded_lines": 0}, "missing_lines": [122, 123, 127], "excluded_lines": []}, "DependencyProvider.reset": {"executed_lines": [], "summary": {"covered_lines": 0, "num_statements": 4, "percent_covered": 0.0, "percent_covered_display": "0", "missing_lines": 4, "excluded_lines": 0}, "missing_lines": [135, 136, 137, 138], "excluded_lines": []}, "": {"executed_lines": [1, 7, 9, 11, 20, 21, 28, 29, 30, 31, 33, 34, 61, 62, 78, 79, 95, 96, 112, 113, 129, 130], "summary": {"covered_lines": 19, "num_statements": 19, "percent_covered": 100.0, "percent_covered_display": "100", "missing_lines": 0, "excluded_lines": 3}, "missing_lines": [], "excluded_lines": [11, 12, 17]}}, "classes": {"DependencyProvider": {"executed_lines": [], "summary": {"covered_lines": 0, "num_statements": 24, "percent_covered": 0.0, "percent_covered_display": "0", "missing_lines": 24, "excluded_lines": 0}, "missing_lines": [52, 53, 54, 55, 56, 57, 58, 59, 71, 72, 76, 88, 89, 93, 105, 106, 110, 122, 123, 127, 135, 136, 137, 138], "excluded_lines": []}, "": {"executed_lines": [1, 7, 9, 11, 20, 21, 28, 29, 30, 31, 33, 34, 61, 62, 78, 79, 95, 96, 112, 113, 129, 130], "summary": {"covered_lines": 19, "num_statements": 19, "percent_covered": 100.0, "percent_covered_display": "100", "missing_lines": 0, "excluded_lines": 3}, "missing_lines": [], "excluded_lines": [11, 12, 17]}}}, "aegis_sdk/application/failover_monitoring_use_case.py": {"executed_lines": [1, 7, 9, 10, 11, 12, 14, 15, 16, 17, 22, 23, 24, 25, 26, 27, 28, 31, 32, 41, 75, 151, 199, 218, 249, 294, 349, 405, 444, 473], "summary": {"covered_lines": 28, "num_statements": 141, "percent_covered": 19.858156028368793, "percent_covered_display": "20", "missing_lines": 113, "excluded_lines": 0}, "missing_lines": [62, 63, 64, 65, 66, 67, 68, 71, 72, 73, 88, 91, 92, 95, 96, 99, 109, 120, 121, 124, 129, 130, 133, 136, 140, 149, 164, 167, 168, 169, 170, 173, 174, 175, 176, 177, 180, 181, 182, 183, 184, 185, 186, 187, 189, 197, 206, 209, 211, 212, 213, 214, 216, 234, 237, 238, 239, 242, 245, 247, 265, 267, 269, 277, 279, 280, 287, 302, 305, 310, 311, 314, 322, 336, 339, 340, 342, 357, 360, 365, 366, 369, 378, 392, 395, 396, 398, 418, 419, 421, 422, 423, 424, 426, 432, 437, 438, 450, 452, 453, 454, 455, 457, 458, 460, 471, 489, 491, 492, 493, 499, 501, 508], "excluded_lines": [], "functions": {"FailoverMonitoringUseCase.__init__": {"executed_lines": [], "summary": {"covered_lines": 0, "num_statements": 10, "percent_covered": 0.0, "percent_covered_display": "0", "missing_lines": 10, "excluded_lines": 0}, "missing_lines": [62, 63, 64, 65, 66, 67, 68, 71, 72, 73], "excluded_lines": []}, "FailoverMonitoringUseCase.start_monitoring": {"executed_lines": [], "summary": {"covered_lines": 0, "num_statements": 16, "percent_covered": 0.0, "percent_covered_display": "0", "missing_lines": 16, "excluded_lines": 0}, "missing_lines": [88, 91, 92, 95, 96, 99, 109, 120, 121, 124, 129, 130, 133, 136, 140, 149], "excluded_lines": []}, "FailoverMonitoringUseCase.stop_monitoring": {"executed_lines": [], "summary": {"covered_lines": 0, "num_statements": 20, "percent_covered": 0.0, "percent_covered_display": "0", "missing_lines": 20, "excluded_lines": 0}, "missing_lines": [164, 167, 168, 169, 170, 173, 174, 175, 176, 177, 180, 181, 182, 183, 184, 185, 186, 187, 189, 197], "excluded_lines": []}, "FailoverMonitoringUseCase.stop_all_monitoring": {"executed_lines": [], "summary": {"covered_lines": 0, "num_statements": 7, "percent_covered": 0.0, "percent_covered_display": "0", "missing_lines": 7, "excluded_lines": 0}, "missing_lines": [206, 209, 211, 212, 213, 214, 216], "excluded_lines": []}, "FailoverMonitoringUseCase.get_status": {"executed_lines": [], "summary": {"covered_lines": 0, "num_statements": 7, "percent_covered": 0.0, "percent_covered_display": "0", "missing_lines": 7, "excluded_lines": 0}, "missing_lines": [234, 237, 238, 239, 242, 245, 247], "excluded_lines": []}, "FailoverMonitoringUseCase._check_initial_election": {"executed_lines": [], "summary": {"covered_lines": 0, "num_statements": 7, "percent_covered": 0.0, "percent_covered_display": "0", "missing_lines": 7, "excluded_lines": 0}, "missing_lines": [265, 267, 269, 277, 279, 280, 287], "excluded_lines": []}, "FailoverMonitoringUseCase._on_elected": {"executed_lines": [], "summary": {"covered_lines": 0, "num_statements": 10, "percent_covered": 0.0, "percent_covered_display": "0", "missing_lines": 10, "excluded_lines": 0}, "missing_lines": [302, 305, 310, 311, 314, 322, 336, 339, 340, 342], "excluded_lines": []}, "FailoverMonitoringUseCase._on_lost": {"executed_lines": [], "summary": {"covered_lines": 0, "num_statements": 10, "percent_covered": 0.0, "percent_covered_display": "0", "missing_lines": 10, "excluded_lines": 0}, "missing_lines": [357, 360, 365, 366, 369, 378, 392, 395, 396, 398], "excluded_lines": []}, "FailoverMonitoringUseCase._update_instance_status": {"executed_lines": [], "summary": {"covered_lines": 0, "num_statements": 10, "percent_covered": 0.0, "percent_covered_display": "0", "missing_lines": 10, "excluded_lines": 0}, "missing_lines": [418, 419, 421, 422, 423, 424, 426, 432, 437, 438], "excluded_lines": []}, "FailoverMonitoringUseCase.get_monitoring_status": {"executed_lines": [], "summary": {"covered_lines": 0, "num_statements": 9, "percent_covered": 0.0, "percent_covered_display": "0", "missing_lines": 9, "excluded_lines": 0}, "missing_lines": [450, 452, 453, 454, 455, 457, 458, 460, 471], "excluded_lines": []}, "FailoverMonitoringUseCase.trigger_manual_election": {"executed_lines": [], "summary": {"covered_lines": 0, "num_statements": 7, "percent_covered": 0.0, "percent_covered_display": "0", "missing_lines": 7, "excluded_lines": 0}, "missing_lines": [489, 491, 492, 493, 499, 501, 508], "excluded_lines": []}, "": {"executed_lines": [1, 7, 9, 10, 11, 12, 14, 15, 16, 17, 22, 23, 24, 25, 26, 27, 28, 31, 32, 41, 75, 151, 199, 218, 249, 294, 349, 405, 444, 473], "summary": {"covered_lines": 28, "num_statements": 28, "percent_covered": 100.0, "percent_covered_display": "100", "missing_lines": 0, "excluded_lines": 0}, "missing_lines": [], "excluded_lines": []}}, "classes": {"FailoverMonitoringUseCase": {"executed_lines": [], "summary": {"covered_lines": 0, "num_statements": 113, "percent_covered": 0.0, "percent_covered_display": "0", "missing_lines": 113, "excluded_lines": 0}, "missing_lines": [62, 63, 64, 65, 66, 67, 68, 71, 72, 73, 88, 91, 92, 95, 96, 99, 109, 120, 121, 124, 129, 130, 133, 136, 140, 149, 164, 167, 168, 169, 170, 173, 174, 175, 176, 177, 180, 181, 182, 183, 184, 185, 186, 187, 189, 197, 206, 209, 211, 212, 213, 214, 216, 234, 237, 238, 239, 242, 245, 247, 265, 267, 269, 277, 279, 280, 287, 302, 305, 310, 311, 314, 322, 336, 339, 340, 342, 357, 360, 365, 366, 369, 378, 392, 395, 396, 398, 418, 419, 421, 422, 423, 424, 426, 432, 437, 438, 450, 452, 453, 454, 455, 457, 458, 460, 471, 489, 491, 492, 493, 499, 501, 508], "excluded_lines": []}, "": {"executed_lines": [1, 7, 9, 10, 11, 12, 14, 15, 16, 17, 22, 23, 24, 25, 26, 27, 28, 31, 32, 41, 75, 151, 199, 218, 249, 294, 349, 405, 444, 473], "summary": {"covered_lines": 28, "num_statements": 28, "percent_covered": 100.0, "percent_covered_display": "100", "missing_lines": 0, "excluded_lines": 0}, "missing_lines": [], "excluded_lines": []}}}, "aegis_sdk/application/metrics.py": {"executed_lines": [1, 3, 4, 5, 7, 10, 11, 13, 21, 29, 30, 34, 42, 55, 56, 58, 60, 61, 62, 63, 65, 69, 73, 77, 96, 102, 113, 121, 124], "summary": {"covered_lines": 26, "num_statements": 67, "percent_covered": 38.80597014925373, "percent_covered_display": "39", "missing_lines": 41, "excluded_lines": 0}, "missing_lines": [15, 16, 17, 18, 19, 23, 24, 25, 26, 27, 32, 36, 37, 38, 39, 40, 44, 67, 71, 75, 80, 81, 82, 83, 84, 86, 87, 88, 90, 91, 92, 94, 98, 99, 100, 104, 106, 115, 116, 117, 126], "excluded_lines": [], "functions": {"MetricsSummary.__init__": {"executed_lines": [], "summary": {"covered_lines": 0, "num_statements": 5, "percent_covered": 0.0, "percent_covered_display": "0", "missing_lines": 5, "excluded_lines": 0}, "missing_lines": [15, 16, 17, 18, 19], "excluded_lines": []}, "MetricsSummary.add": {"executed_lines": [], "summary": {"covered_lines": 0, "num_statements": 5, "percent_covered": 0.0, "percent_covered_display": "0", "missing_lines": 5, "excluded_lines": 0}, "missing_lines": [23, 24, 25, 26, 27], "excluded_lines": []}, "MetricsSummary.average": {"executed_lines": [], "summary": {"covered_lines": 0, "num_statements": 1, "percent_covered": 0.0, "percent_covered_display": "0", "missing_lines": 1, "excluded_lines": 0}, "missing_lines": [32], "excluded_lines": []}, "MetricsSummary.percentile": {"executed_lines": [], "summary": {"covered_lines": 0, "num_statements": 5, "percent_covered": 0.0, "percent_covered_display": "0", "missing_lines": 5, "excluded_lines": 0}, "missing_lines": [36, 37, 38, 39, 40], "excluded_lines": []}, "MetricsSummary.to_pydantic": {"executed_lines": [], "summary": {"covered_lines": 0, "num_statements": 1, "percent_covered": 0.0, "percent_covered_display": "0", "missing_lines": 1, "excluded_lines": 0}, "missing_lines": [44], "excluded_lines": []}, "Metrics.__init__": {"executed_lines": [60, 61, 62, 63], "summary": {"covered_lines": 4, "num_statements": 4, "percent_covered": 100.0, "percent_covered_display": "100", "missing_lines": 0, "excluded_lines": 0}, "missing_lines": [], "excluded_lines": []}, "Metrics.increment": {"executed_lines": [], "summary": {"covered_lines": 0, "num_statements": 1, "percent_covered": 0.0, "percent_covered_display": "0", "missing_lines": 1, "excluded_lines": 0}, "missing_lines": [67], "excluded_lines": []}, "Metrics.gauge": {"executed_lines": [], "summary": {"covered_lines": 0, "num_statements": 1, "percent_covered": 0.0, "percent_covered_display": "0", "missing_lines": 1, "excluded_lines": 0}, "missing_lines": [71], "excluded_lines": []}, "Metrics.record": {"executed_lines": [], "summary": {"covered_lines": 0, "num_statements": 1, "percent_covered": 0.0, "percent_covered_display": "0", "missing_lines": 1, "excluded_lines": 0}, "missing_lines": [75], "excluded_lines": []}, "Metrics.timer": {"executed_lines": [], "summary": {"covered_lines": 0, "num_statements": 5, "percent_covered": 0.0, "percent_covered_display": "0", "missing_lines": 5, "excluded_lines": 0}, "missing_lines": [80, 81, 86, 90, 94], "excluded_lines": []}, "Metrics.timer.Timer.__init__": {"executed_lines": [], "summary": {"covered_lines": 0, "num_statements": 3, "percent_covered": 0.0, "percent_covered_display": "0", "missing_lines": 3, "excluded_lines": 0}, "missing_lines": [82, 83, 84], "excluded_lines": []}, "Metrics.timer.Timer.__enter__": {"executed_lines": [], "summary": {"covered_lines": 0, "num_statements": 2, "percent_covered": 0.0, "percent_covered_display": "0", "missing_lines": 2, "excluded_lines": 0}, "missing_lines": [87, 88], "excluded_lines": []}, "Metrics.timer.Timer.__exit__": {"executed_lines": [], "summary": {"covered_lines": 0, "num_statements": 2, "percent_covered": 0.0, "percent_covered_display": "0", "missing_lines": 2, "excluded_lines": 0}, "missing_lines": [91, 92], "excluded_lines": []}, "Metrics.get_all": {"executed_lines": [], "summary": {"covered_lines": 0, "num_statements": 3, "percent_covered": 0.0, "percent_covered_display": "0", "missing_lines": 3, "excluded_lines": 0}, "missing_lines": [98, 99, 100], "excluded_lines": []}, "Metrics.get_snapshot": {"executed_lines": [], "summary": {"covered_lines": 0, "num_statements": 2, "percent_covered": 0.0, "percent_covered_display": "0", "missing_lines": 2, "excluded_lines": 0}, "missing_lines": [104, 106], "excluded_lines": []}, "Metrics.reset": {"executed_lines": [], "summary": {"covered_lines": 0, "num_statements": 3, "percent_covered": 0.0, "percent_covered_display": "0", "missing_lines": 3, "excluded_lines": 0}, "missing_lines": [115, 116, 117], "excluded_lines": []}, "get_metrics": {"executed_lines": [], "summary": {"covered_lines": 0, "num_statements": 1, "percent_covered": 0.0, "percent_covered_display": "0", "missing_lines": 1, "excluded_lines": 0}, "missing_lines": [126], "excluded_lines": []}, "": {"executed_lines": [1, 3, 4, 5, 7, 10, 11, 13, 21, 29, 30, 34, 42, 55, 56, 58, 65, 69, 73, 77, 96, 102, 113, 121, 124], "summary": {"covered_lines": 22, "num_statements": 22, "percent_covered": 100.0, "percent_covered_display": "100", "missing_lines": 0, "excluded_lines": 0}, "missing_lines": [], "excluded_lines": []}}, "classes": {"MetricsSummary": {"executed_lines": [], "summary": {"covered_lines": 0, "num_statements": 17, "percent_covered": 0.0, "percent_covered_display": "0", "missing_lines": 17, "excluded_lines": 0}, "missing_lines": [15, 16, 17, 18, 19, 23, 24, 25, 26, 27, 32, 36, 37, 38, 39, 40, 44], "excluded_lines": []}, "Metrics": {"executed_lines": [60, 61, 62, 63], "summary": {"covered_lines": 4, "num_statements": 20, "percent_covered": 20.0, "percent_covered_display": "20", "missing_lines": 16, "excluded_lines": 0}, "missing_lines": [67, 71, 75, 80, 81, 86, 90, 94, 98, 99, 100, 104, 106, 115, 116, 117], "excluded_lines": []}, "Metrics.timer.Timer": {"executed_lines": [], "summary": {"covered_lines": 0, "num_statements": 7, "percent_covered": 0.0, "percent_covered_display": "0", "missing_lines": 7, "excluded_lines": 0}, "missing_lines": [82, 83, 84, 87, 88, 91, 92], "excluded_lines": []}, "": {"executed_lines": [1, 3, 4, 5, 7, 10, 11, 13, 21, 29, 30, 34, 42, 55, 56, 58, 65, 69, 73, 77, 96, 102, 113, 121, 124], "summary": {"covered_lines": 22, "num_statements": 23, "percent_covered": 95.65217391304348, "percent_covered_display": "96", "missing_lines": 1, "excluded_lines": 0}, "missing_lines": [126], "excluded_lines": []}}}, "aegis_sdk/application/service.py": {"executed_lines": [1, 3, 5, 6, 7, 8, 9, 10, 12, 14, 20, 21, 22, 23, 25, 33, 34, 36, 37, 38, 39, 40, 41, 43, 44, 45, 52, 53, 55, 62, 69, 77, 88, 105, 110, 118, 119, 123, 124, 128, 129, 134, 135, 137, 143, 164, 165, 169, 174, 175, 177, 202, 206, 214, 230, 237, 255, 264, 269, 270, 272, 276, 302, 303, 305, 369, 370, 374, 378, 404, 434, 462, 482, 501, 512, 523, 534, 545, 553, 565, 572, 616, 633, 652, 670, 680, 692, 702, 709, 715, 744, 745, 749, 762, 785, 806, 810, 814, 818, 823, 827, 831, 844], "summary": {"covered_lines": 95, "num_statements": 413, "percent_covered": 23.002421307506054, "percent_covered_display": "23", "missing_lines": 318, "excluded_lines": 5}, "missing_lines": [47, 48, 49, 57, 58, 59, 60, 64, 65, 66, 67, 71, 72, 73, 74, 75, 81, 82, 83, 84, 85, 86, 90, 91, 92, 94, 95, 96, 98, 99, 100, 101, 102, 103, 107, 108, 112, 113, 114, 115, 116, 121, 126, 131, 139, 140, 141, 147, 148, 149, 154, 155, 157, 158, 167, 171, 189, 190, 191, 192, 193, 194, 195, 196, 197, 198, 199, 200, 204, 208, 209, 210, 211, 212, 216, 217, 218, 219, 220, 221, 222, 223, 225, 226, 227, 228, 232, 233, 234, 235, 240, 242, 243, 251, 257, 259, 260, 261, 262, 266, 274, 278, 279, 281, 282, 283, 284, 285, 286, 288, 291, 292, 293, 294, 297, 299, 320, 330, 331, 332, 335, 336, 337, 338, 341, 346, 349, 350, 351, 361, 364, 365, 366, 372, 376, 380, 385, 386, 387, 388, 389, 390, 392, 397, 398, 400, 401, 402, 406, 416, 417, 418, 419, 420, 422, 427, 428, 430, 431, 432, 436, 437, 446, 447, 448, 452, 453, 454, 460, 464, 467, 468, 471, 472, 473, 476, 479, 480, 484, 485, 486, 490, 491, 492, 499, 503, 504, 505, 514, 515, 521, 525, 526, 532, 536, 537, 543, 547, 548, 549, 550, 556, 558, 559, 560, 561, 563, 567, 568, 569, 570, 580, 581, 583, 584, 585, 586, 588, 589, 594, 595, 597, 598, 605, 606, 607, 608, 609, 610, 611, 612, 613, 614, 624, 637, 638, 640, 641, 643, 645, 646, 647, 648, 650, 654, 655, 657, 658, 659, 661, 662, 663, 666, 667, 668, 672, 673, 676, 677, 678, 684, 695, 697, 698, 700, 704, 705, 706, 707, 711, 712, 713, 725, 726, 728, 729, 730, 731, 733, 747, 751, 752, 753, 754, 755, 756, 757, 764, 765, 767, 768, 769, 771, 772, 775, 776, 778, 779, 780, 781, 787, 788, 790, 791, 795, 796, 797, 808, 812, 816, 820, 825, 829, 839, 840, 841, 842, 846], "excluded_lines": [25, 26, 27, 28, 29], "functions": {"ServiceConfig.validate_service_name": {"executed_lines": [], "summary": {"covered_lines": 0, "num_statements": 3, "percent_covered": 0.0, "percent_covered_display": "0", "missing_lines": 3, "excluded_lines": 0}, "missing_lines": [47, 48, 49], "excluded_lines": []}, "HandlerRegistry.__init__": {"executed_lines": [], "summary": {"covered_lines": 0, "num_statements": 4, "percent_covered": 0.0, "percent_covered_display": "0", "missing_lines": 4, "excluded_lines": 0}, "missing_lines": [57, 58, 59, 60], "excluded_lines": []}, "HandlerRegistry.register_rpc": {"executed_lines": [], "summary": {"covered_lines": 0, "num_statements": 4, "percent_covered": 0.0, "percent_covered_display": "0", "missing_lines": 4, "excluded_lines": 0}, "missing_lines": [64, 65, 66, 67], "excluded_lines": []}, "HandlerRegistry.unregister_rpc": {"executed_lines": [], "summary": {"covered_lines": 0, "num_statements": 5, "percent_covered": 0.0, "percent_covered_display": "0", "missing_lines": 5, "excluded_lines": 0}, "missing_lines": [71, 72, 73, 74, 75], "excluded_lines": []}, "HandlerRegistry.register_event": {"executed_lines": [], "summary": {"covered_lines": 0, "num_statements": 6, "percent_covered": 0.0, "percent_covered_display": "0", "missing_lines": 6, "excluded_lines": 0}, "missing_lines": [81, 82, 83, 84, 85, 86], "excluded_lines": []}, "HandlerRegistry.unregister_event": {"executed_lines": [], "summary": {"covered_lines": 0, "num_statements": 12, "percent_covered": 0.0, "percent_covered_display": "0", "missing_lines": 12, "excluded_lines": 0}, "missing_lines": [90, 91, 92, 94, 95, 96, 98, 99, 100, 101, 102, 103], "excluded_lines": []}, "HandlerRegistry.register_command": {"executed_lines": [], "summary": {"covered_lines": 0, "num_statements": 2, "percent_covered": 0.0, "percent_covered_display": "0", "missing_lines": 2, "excluded_lines": 0}, "missing_lines": [107, 108], "excluded_lines": []}, "HandlerRegistry.unregister_command": {"executed_lines": [], "summary": {"covered_lines": 0, "num_statements": 5, "percent_covered": 0.0, "percent_covered_display": "0", "missing_lines": 5, "excluded_lines": 0}, "missing_lines": [112, 113, 114, 115, 116], "excluded_lines": []}, "HandlerRegistry.rpc_handlers": {"executed_lines": [], "summary": {"covered_lines": 0, "num_statements": 1, "percent_covered": 0.0, "percent_covered_display": "0", "missing_lines": 1, "excluded_lines": 0}, "missing_lines": [121], "excluded_lines": []}, "HandlerRegistry.event_handlers": {"executed_lines": [], "summary": {"covered_lines": 0, "num_statements": 1, "percent_covered": 0.0, "percent_covered_display": "0", "missing_lines": 1, "excluded_lines": 0}, "missing_lines": [126], "excluded_lines": []}, "HandlerRegistry.command_handlers": {"executed_lines": [], "summary": {"covered_lines": 0, "num_statements": 1, "percent_covered": 0.0, "percent_covered_display": "0", "missing_lines": 1, "excluded_lines": 0}, "missing_lines": [131], "excluded_lines": []}, "LifecycleManager.__init__": {"executed_lines": [], "summary": {"covered_lines": 0, "num_statements": 3, "percent_covered": 0.0, "percent_covered_display": "0", "missing_lines": 3, "excluded_lines": 0}, "missing_lines": [139, 140, 141], "excluded_lines": []}, "LifecycleManager.transition_to": {"executed_lines": [], "summary": {"covered_lines": 0, "num_statements": 7, "percent_covered": 0.0, "percent_covered_display": "0", "missing_lines": 7, "excluded_lines": 0}, "missing_lines": [147, 148, 149, 154, 155, 157, 158], "excluded_lines": []}, "LifecycleManager.state": {"executed_lines": [], "summary": {"covered_lines": 0, "num_statements": 1, "percent_covered": 0.0, "percent_covered_display": "0", "missing_lines": 1, "excluded_lines": 0}, "missing_lines": [167], "excluded_lines": []}, "LifecycleManager.is_operational": {"executed_lines": [], "summary": {"covered_lines": 0, "num_statements": 1, "percent_covered": 0.0, "percent_covered_display": "0", "missing_lines": 1, "excluded_lines": 0}, "missing_lines": [171], "excluded_lines": []}, "HealthManager.__init__": {"executed_lines": [], "summary": {"covered_lines": 0, "num_statements": 12, "percent_covered": 0.0, "percent_covered_display": "0", "missing_lines": 12, "excluded_lines": 0}, "missing_lines": [189, 190, 191, 192, 193, 194, 195, 196, 197, 198, 199, 200], "excluded_lines": []}, "HealthManager.start_heartbeat": {"executed_lines": [], "summary": {"covered_lines": 0, "num_statements": 1, "percent_covered": 0.0, "percent_covered_display": "0", "missing_lines": 1, "excluded_lines": 0}, "missing_lines": [204], "excluded_lines": []}, "HealthManager.stop_heartbeat": {"executed_lines": [], "summary": {"covered_lines": 0, "num_statements": 5, "percent_covered": 0.0, "percent_covered_display": "0", "missing_lines": 5, "excluded_lines": 0}, "missing_lines": [208, 209, 210, 211, 212], "excluded_lines": []}, "HealthManager._heartbeat_loop": {"executed_lines": [], "summary": {"covered_lines": 0, "num_statements": 12, "percent_covered": 0.0, "percent_covered_display": "0", "missing_lines": 12, "excluded_lines": 0}, "missing_lines": [216, 217, 218, 219, 220, 221, 222, 223, 225, 226, 227, 228], "excluded_lines": []}, "HealthManager._send_heartbeat": {"executed_lines": [], "summary": {"covered_lines": 0, "num_statements": 4, "percent_covered": 0.0, "percent_covered_display": "0", "missing_lines": 4, "excluded_lines": 0}, "missing_lines": [232, 233, 234, 235], "excluded_lines": []}, "HealthManager._handle_heartbeat_failure": {"executed_lines": [], "summary": {"covered_lines": 0, "num_statements": 4, "percent_covered": 0.0, "percent_covered_display": "0", "missing_lines": 4, "excluded_lines": 0}, "missing_lines": [240, 242, 243, 251], "excluded_lines": []}, "HealthManager._backoff_sleep": {"executed_lines": [], "summary": {"covered_lines": 0, "num_statements": 5, "percent_covered": 0.0, "percent_covered_display": "0", "missing_lines": 5, "excluded_lines": 0}, "missing_lines": [257, 259, 260, 261, 262], "excluded_lines": []}, "HealthManager.is_healthy": {"executed_lines": [], "summary": {"covered_lines": 0, "num_statements": 1, "percent_covered": 0.0, "percent_covered_display": "0", "missing_lines": 1, "excluded_lines": 0}, "missing_lines": [266], "excluded_lines": []}, "ServiceNameResolver.__init__": {"executed_lines": [], "summary": {"covered_lines": 0, "num_statements": 1, "percent_covered": 0.0, "percent_covered_display": "0", "missing_lines": 1, "excluded_lines": 0}, "missing_lines": [274], "excluded_lines": []}, "ServiceNameResolver.is_service_name": {"executed_lines": [], "summary": {"covered_lines": 0, "num_statements": 15, "percent_covered": 0.0, "percent_covered_display": "0", "missing_lines": 15, "excluded_lines": 0}, "missing_lines": [278, 279, 281, 282, 283, 284, 285, 286, 288, 291, 292, 293, 294, 297, 299], "excluded_lines": []}, "Service.__init__": {"executed_lines": [], "summary": {"covered_lines": 0, "num_statements": 17, "percent_covered": 0.0, "percent_covered_display": "0", "missing_lines": 17, "excluded_lines": 0}, "missing_lines": [320, 330, 331, 332, 335, 336, 337, 338, 341, 346, 349, 350, 351, 361, 364, 365, 366], "excluded_lines": []}, "Service.lifecycle_state": {"executed_lines": [], "summary": {"covered_lines": 0, "num_statements": 1, "percent_covered": 0.0, "percent_covered_display": "0", "missing_lines": 1, "excluded_lines": 0}, "missing_lines": [372], "excluded_lines": []}, "Service.is_operational": {"executed_lines": [], "summary": {"covered_lines": 0, "num_statements": 1, "percent_covered": 0.0, "percent_covered_display": "0", "missing_lines": 1, "excluded_lines": 0}, "missing_lines": [376], "excluded_lines": []}, "Service.start": {"executed_lines": [], "summary": {"covered_lines": 0, "num_statements": 13, "percent_covered": 0.0, "percent_covered_display": "0", "missing_lines": 13, "excluded_lines": 0}, "missing_lines": [380, 385, 386, 387, 388, 389, 390, 392, 397, 398, 400, 401, 402], "excluded_lines": []}, "Service.stop": {"executed_lines": [], "summary": {"covered_lines": 0, "num_statements": 12, "percent_covered": 0.0, "percent_covered_display": "0", "missing_lines": 12, "excluded_lines": 0}, "missing_lines": [406, 416, 417, 418, 419, 420, 422, 427, 428, 430, 431, 432], "excluded_lines": []}, "Service._initialize_service_instance": {"executed_lines": [], "summary": {"covered_lines": 0, "num_statements": 9, "percent_covered": 0.0, "percent_covered_display": "0", "missing_lines": 9, "excluded_lines": 0}, "missing_lines": [436, 437, 446, 447, 448, 452, 453, 454, 460], "excluded_lines": []}, "Service._register_with_infrastructure": {"executed_lines": [], "summary": {"covered_lines": 0, "num_statements": 9, "percent_covered": 0.0, "percent_covered_display": "0", "missing_lines": 9, "excluded_lines": 0}, "missing_lines": [464, 467, 468, 471, 472, 473, 476, 479, 480], "excluded_lines": []}, "Service._deregister_from_infrastructure": {"executed_lines": [], "summary": {"covered_lines": 0, "num_statements": 7, "percent_covered": 0.0, "percent_covered_display": "0", "missing_lines": 7, "excluded_lines": 0}, "missing_lines": [484, 485, 486, 490, 491, 492, 499], "excluded_lines": []}, "Service._handle_start_failure": {"executed_lines": [], "summary": {"covered_lines": 0, "num_statements": 3, "percent_covered": 0.0, "percent_covered_display": "0", "missing_lines": 3, "excluded_lines": 0}, "missing_lines": [503, 504, 505], "excluded_lines": []}, "Service._handle_stop_failure": {"executed_lines": [], "summary": {"covered_lines": 0, "num_statements": 3, "percent_covered": 0.0, "percent_covered_display": "0", "missing_lines": 3, "excluded_lines": 0}, "missing_lines": [514, 515, 521], "excluded_lines": []}, "Service._log_start_success": {"executed_lines": [], "summary": {"covered_lines": 0, "num_statements": 3, "percent_covered": 0.0, "percent_covered_display": "0", "missing_lines": 3, "excluded_lines": 0}, "missing_lines": [525, 526, 532], "excluded_lines": []}, "Service._log_stop_success": {"executed_lines": [], "summary": {"covered_lines": 0, "num_statements": 3, "percent_covered": 0.0, "percent_covered_display": "0", "missing_lines": 3, "excluded_lines": 0}, "missing_lines": [536, 537, 543], "excluded_lines": []}, "Service._cancel_status_update_task": {"executed_lines": [], "summary": {"covered_lines": 0, "num_statements": 4, "percent_covered": 0.0, "percent_covered_display": "0", "missing_lines": 4, "excluded_lines": 0}, "missing_lines": [547, 548, 549, 550], "excluded_lines": []}, "Service.rpc": {"executed_lines": [], "summary": {"covered_lines": 0, "num_statements": 2, "percent_covered": 0.0, "percent_covered_display": "0", "missing_lines": 2, "excluded_lines": 0}, "missing_lines": [556, 563], "excluded_lines": []}, "Service.rpc.decorator": {"executed_lines": [], "summary": {"covered_lines": 0, "num_statements": 4, "percent_covered": 0.0, "percent_covered_display": "0", "missing_lines": 4, "excluded_lines": 0}, "missing_lines": [558, 559, 560, 561], "excluded_lines": []}, "Service.unregister_rpc": {"executed_lines": [], "summary": {"covered_lines": 0, "num_statements": 4, "percent_covered": 0.0, "percent_covered_display": "0", "missing_lines": 4, "excluded_lines": 0}, "missing_lines": [567, 568, 569, 570], "excluded_lines": []}, "Service.call_rpc": {"executed_lines": [], "summary": {"covered_lines": 0, "num_statements": 22, "percent_covered": 0.0, "percent_covered_display": "0", "missing_lines": 22, "excluded_lines": 0}, "missing_lines": [580, 581, 583, 584, 585, 586, 588, 589, 594, 595, 597, 598, 605, 606, 607, 608, 609, 610, 611, 612, 613, 614], "excluded_lines": []}, "Service.create_rpc_request": {"executed_lines": [], "summary": {"covered_lines": 0, "num_statements": 1, "percent_covered": 0.0, "percent_covered_display": "0", "missing_lines": 1, "excluded_lines": 0}, "missing_lines": [624], "excluded_lines": []}, "Service.subscribe": {"executed_lines": [], "summary": {"covered_lines": 0, "num_statements": 6, "percent_covered": 0.0, "percent_covered_display": "0", "missing_lines": 6, "excluded_lines": 0}, "missing_lines": [637, 638, 640, 641, 643, 650], "excluded_lines": []}, "Service.subscribe.decorator": {"executed_lines": [], "summary": {"covered_lines": 0, "num_statements": 4, "percent_covered": 0.0, "percent_covered_display": "0", "missing_lines": 4, "excluded_lines": 0}, "missing_lines": [645, 646, 647, 648], "excluded_lines": []}, "Service.unsubscribe": {"executed_lines": [], "summary": {"covered_lines": 0, "num_statements": 11, "percent_covered": 0.0, "percent_covered_display": "0", "missing_lines": 11, "excluded_lines": 0}, "missing_lines": [654, 655, 657, 658, 659, 661, 662, 663, 666, 667, 668], "excluded_lines": []}, "Service.publish_event": {"executed_lines": [], "summary": {"covered_lines": 0, "num_statements": 5, "percent_covered": 0.0, "percent_covered_display": "0", "missing_lines": 5, "excluded_lines": 0}, "missing_lines": [672, 673, 676, 677, 678], "excluded_lines": []}, "Service.create_event": {"executed_lines": [], "summary": {"covered_lines": 0, "num_statements": 1, "percent_covered": 0.0, "percent_covered_display": "0", "missing_lines": 1, "excluded_lines": 0}, "missing_lines": [684], "excluded_lines": []}, "Service.command": {"executed_lines": [], "summary": {"covered_lines": 0, "num_statements": 2, "percent_covered": 0.0, "percent_covered_display": "0", "missing_lines": 2, "excluded_lines": 0}, "missing_lines": [695, 700], "excluded_lines": []}, "Service.command.decorator": {"executed_lines": [], "summary": {"covered_lines": 0, "num_statements": 2, "percent_covered": 0.0, "percent_covered_display": "0", "missing_lines": 2, "excluded_lines": 0}, "missing_lines": [697, 698], "excluded_lines": []}, "Service.unregister_command": {"executed_lines": [], "summary": {"covered_lines": 0, "num_statements": 4, "percent_covered": 0.0, "percent_covered_display": "0", "missing_lines": 4, "excluded_lines": 0}, "missing_lines": [704, 705, 706, 707], "excluded_lines": []}, "Service.send_command": {"executed_lines": [], "summary": {"covered_lines": 0, "num_statements": 3, "percent_covered": 0.0, "percent_covered_display": "0", "missing_lines": 3, "excluded_lines": 0}, "missing_lines": [711, 712, 713], "excluded_lines": []}, "Service.create_command": {"executed_lines": [], "summary": {"covered_lines": 0, "num_statements": 7, "percent_covered": 0.0, "percent_covered_display": "0", "missing_lines": 7, "excluded_lines": 0}, "missing_lines": [725, 726, 728, 729, 730, 731, 733], "excluded_lines": []}, "Service.info": {"executed_lines": [], "summary": {"covered_lines": 0, "num_statements": 1, "percent_covered": 0.0, "percent_covered_display": "0", "missing_lines": 1, "excluded_lines": 0}, "missing_lines": [747], "excluded_lines": []}, "Service.is_healthy": {"executed_lines": [], "summary": {"covered_lines": 0, "num_statements": 7, "percent_covered": 0.0, "percent_covered_display": "0", "missing_lines": 7, "excluded_lines": 0}, "missing_lines": [751, 752, 753, 754, 755, 756, 757], "excluded_lines": []}, "Service.set_status": {"executed_lines": [], "summary": {"covered_lines": 0, "num_statements": 13, "percent_covered": 0.0, "percent_covered_display": "0", "missing_lines": 13, "excluded_lines": 0}, "missing_lines": [764, 765, 767, 768, 769, 771, 772, 775, 776, 778, 779, 780, 781], "excluded_lines": []}, "Service._update_registry_status": {"executed_lines": [], "summary": {"covered_lines": 0, "num_statements": 7, "percent_covered": 0.0, "percent_covered_display": "0", "missing_lines": 7, "excluded_lines": 0}, "missing_lines": [787, 788, 790, 791, 795, 796, 797], "excluded_lines": []}, "Service.on_start": {"executed_lines": [], "summary": {"covered_lines": 0, "num_statements": 1, "percent_covered": 0.0, "percent_covered_display": "0", "missing_lines": 1, "excluded_lines": 0}, "missing_lines": [808], "excluded_lines": []}, "Service.on_started": {"executed_lines": [], "summary": {"covered_lines": 0, "num_statements": 1, "percent_covered": 0.0, "percent_covered_display": "0", "missing_lines": 1, "excluded_lines": 0}, "missing_lines": [812], "excluded_lines": []}, "Service.on_stop": {"executed_lines": [], "summary": {"covered_lines": 0, "num_statements": 1, "percent_covered": 0.0, "percent_covered_display": "0", "missing_lines": 1, "excluded_lines": 0}, "missing_lines": [816], "excluded_lines": []}, "Service.on_stopped": {"executed_lines": [], "summary": {"covered_lines": 0, "num_statements": 1, "percent_covered": 0.0, "percent_covered_display": "0", "missing_lines": 1, "excluded_lines": 0}, "missing_lines": [820], "excluded_lines": []}, "Service.register_rpc_method": {"executed_lines": [], "summary": {"covered_lines": 0, "num_statements": 1, "percent_covered": 0.0, "percent_covered_display": "0", "missing_lines": 1, "excluded_lines": 0}, "missing_lines": [825], "excluded_lines": []}, "Service.register_command_handler": {"executed_lines": [], "summary": {"covered_lines": 0, "num_statements": 1, "percent_covered": 0.0, "percent_covered_display": "0", "missing_lines": 1, "excluded_lines": 0}, "missing_lines": [829], "excluded_lines": []}, "Service.subscribe_event": {"executed_lines": [], "summary": {"covered_lines": 0, "num_statements": 4, "percent_covered": 0.0, "percent_covered_display": "0", "missing_lines": 4, "excluded_lines": 0}, "missing_lines": [839, 840, 841, 842], "excluded_lines": []}, "Service._is_service_name": {"executed_lines": [], "summary": {"covered_lines": 0, "num_statements": 1, "percent_covered": 0.0, "percent_covered_display": "0", "missing_lines": 1, "excluded_lines": 0}, "missing_lines": [846], "excluded_lines": []}, "": {"executed_lines": [1, 3, 5, 6, 7, 8, 9, 10, 12, 14, 20, 21, 22, 23, 25, 33, 34, 36, 37, 38, 39, 40, 41, 43, 44, 45, 52, 53, 55, 62, 69, 77, 88, 105, 110, 118, 119, 123, 124, 128, 129, 134, 135, 137, 143, 164, 165, 169, 174, 175, 177, 202, 206, 214, 230, 237, 255, 264, 269, 270, 272, 276, 302, 303, 305, 369, 370, 374, 378, 404, 434, 462, 482, 501, 512, 523, 534, 545, 553, 565, 572, 616, 633, 652, 670, 680, 692, 702, 709, 715, 744, 745, 749, 762, 785, 806, 810, 814, 818, 823, 827, 831, 844], "summary": {"covered_lines": 95, "num_statements": 95, "percent_covered": 100.0, "percent_covered_display": "100", "missing_lines": 0, "excluded_lines": 5}, "missing_lines": [], "excluded_lines": [25, 26, 27, 28, 29]}}, "classes": {"ServiceConfig": {"executed_lines": [], "summary": {"covered_lines": 0, "num_statements": 3, "percent_covered": 0.0, "percent_covered_display": "0", "missing_lines": 3, "excluded_lines": 0}, "missing_lines": [47, 48, 49], "excluded_lines": []}, "HandlerRegistry": {"executed_lines": [], "summary": {"covered_lines": 0, "num_statements": 41, "percent_covered": 0.0, "percent_covered_display": "0", "missing_lines": 41, "excluded_lines": 0}, "missing_lines": [57, 58, 59, 60, 64, 65, 66, 67, 71, 72, 73, 74, 75, 81, 82, 83, 84, 85, 86, 90, 91, 92, 94, 95, 96, 98, 99, 100, 101, 102, 103, 107, 108, 112, 113, 114, 115, 116, 121, 126, 131], "excluded_lines": []}, "LifecycleManager": {"executed_lines": [], "summary": {"covered_lines": 0, "num_statements": 12, "percent_covered": 0.0, "percent_covered_display": "0", "missing_lines": 12, "excluded_lines": 0}, "missing_lines": [139, 140, 141, 147, 148, 149, 154, 155, 157, 158, 167, 171], "excluded_lines": []}, "HealthManager": {"executed_lines": [], "summary": {"covered_lines": 0, "num_statements": 44, "percent_covered": 0.0, "percent_covered_display": "0", "missing_lines": 44, "excluded_lines": 0}, "missing_lines": [189, 190, 191, 192, 193, 194, 195, 196, 197, 198, 199, 200, 204, 208, 209, 210, 211, 212, 216, 217, 218, 219, 220, 221, 222, 223, 225, 226, 227, 228, 232, 233, 234, 235, 240, 242, 243, 251, 257, 259, 260, 261, 262, 266], "excluded_lines": []}, "ServiceNameResolver": {"executed_lines": [], "summary": {"covered_lines": 0, "num_statements": 16, "percent_covered": 0.0, "percent_covered_display": "0", "missing_lines": 16, "excluded_lines": 0}, "missing_lines": [274, 278, 279, 281, 282, 283, 284, 285, 286, 288, 291, 292, 293, 294, 297, 299], "excluded_lines": []}, "Service": {"executed_lines": [], "summary": {"covered_lines": 0, "num_statements": 202, "percent_covered": 0.0, "percent_covered_display": "0", "missing_lines": 202, "excluded_lines": 0}, "missing_lines": [320, 330, 331, 332, 335, 336, 337, 338, 341, 346, 349, 350, 351, 361, 364, 365, 366, 372, 376, 380, 385, 386, 387, 388, 389, 390, 392, 397, 398, 400, 401, 402, 406, 416, 417, 418, 419, 420, 422, 427, 428, 430, 431, 432, 436, 437, 446, 447, 448, 452, 453, 454, 460, 464, 467, 468, 471, 472, 473, 476, 479, 480, 484, 485, 486, 490, 491, 492, 499, 503, 504, 505, 514, 515, 521, 525, 526, 532, 536, 537, 543, 547, 548, 549, 550, 556, 558, 559, 560, 561, 563, 567, 568, 569, 570, 580, 581, 583, 584, 585, 586, 588, 589, 594, 595, 597, 598, 605, 606, 607, 608, 609, 610, 611, 612, 613, 614, 624, 637, 638, 640, 641, 643, 645, 646, 647, 648, 650, 654, 655, 657, 658, 659, 661, 662, 663, 666, 667, 668, 672, 673, 676, 677, 678, 684, 695, 697, 698, 700, 704, 705, 706, 707, 711, 712, 713, 725, 726, 728, 729, 730, 731, 733, 747, 751, 752, 753, 754, 755, 756, 757, 764, 765, 767, 768, 769, 771, 772, 775, 776, 778, 779, 780, 781, 787, 788, 790, 791, 795, 796, 797, 808, 812, 816, 820, 825, 829, 839, 840, 841, 842, 846], "excluded_lines": []}, "": {"executed_lines": [1, 3, 5, 6, 7, 8, 9, 10, 12, 14, 20, 21, 22, 23, 25, 33, 34, 36, 37, 38, 39, 40, 41, 43, 44, 45, 52, 53, 55, 62, 69, 77, 88, 105, 110, 118, 119, 123, 124, 128, 129, 134, 135, 137, 143, 164, 165, 169, 174, 175, 177, 202, 206, 214, 230, 237, 255, 264, 269, 270, 272, 276, 302, 303, 305, 369, 370, 374, 378, 404, 434, 462, 482, 501, 512, 523, 534, 545, 553, 565, 572, 616, 633, 652, 670, 680, 692, 702, 709, 715, 744, 745, 749, 762, 785, 806, 810, 814, 818, 823, 827, 831, 844], "summary": {"covered_lines": 95, "num_statements": 95, "percent_covered": 100.0, "percent_covered_display": "100", "missing_lines": 0, "excluded_lines": 5}, "missing_lines": [], "excluded_lines": [25, 26, 27, 28, 29]}}}, "aegis_sdk/application/single_active_dtos.py": {"executed_lines": [1, 6, 8, 10, 13, 14, 16, 19, 25, 30, 37, 43, 49, 55, 61, 68, 69, 70, 81, 82, 83, 94, 95, 96, 106, 107, 108, 119, 120, 122, 124, 125, 126, 127, 130, 131, 133, 135, 136, 137, 138, 139, 140, 144, 148], "summary": {"covered_lines": 41, "num_statements": 59, "percent_covered": 69.49152542372882, "percent_covered_display": "69", "missing_lines": 18, "excluded_lines": 0}, "missing_lines": [72, 74, 75, 79, 85, 87, 88, 92, 98, 99, 100, 101, 104, 110, 111, 112, 113, 116], "excluded_lines": [], "functions": {"SingleActiveConfig.validate_service_name": {"executed_lines": [], "summary": {"covered_lines": 0, "num_statements": 4, "percent_covered": 0.0, "percent_covered_display": "0", "missing_lines": 4, "excluded_lines": 0}, "missing_lines": [72, 74, 75, 79], "excluded_lines": []}, "SingleActiveConfig.validate_group_id": {"executed_lines": [], "summary": {"covered_lines": 0, "num_statements": 4, "percent_covered": 0.0, "percent_covered_display": "0", "missing_lines": 4, "excluded_lines": 0}, "missing_lines": [85, 87, 88, 92], "excluded_lines": []}, "SingleActiveConfig.validate_heartbeat_interval": {"executed_lines": [], "summary": {"covered_lines": 0, "num_statements": 5, "percent_covered": 0.0, "percent_covered_display": "0", "missing_lines": 5, "excluded_lines": 0}, "missing_lines": [98, 99, 100, 101, 104], "excluded_lines": []}, "SingleActiveConfig.validate_leader_ttl": {"executed_lines": [], "summary": {"covered_lines": 0, "num_statements": 5, "percent_covered": 0.0, "percent_covered_display": "0", "missing_lines": 5, "excluded_lines": 0}, "missing_lines": [110, 111, 112, 113, 116], "excluded_lines": []}, "": {"executed_lines": [1, 6, 8, 10, 13, 14, 16, 19, 25, 30, 37, 43, 49, 55, 61, 68, 69, 70, 81, 82, 83, 94, 95, 96, 106, 107, 108, 119, 120, 122, 124, 125, 126, 127, 130, 131, 133, 135, 136, 137, 138, 139, 140, 144, 148], "summary": {"covered_lines": 41, "num_statements": 41, "percent_covered": 100.0, "percent_covered_display": "100", "missing_lines": 0, "excluded_lines": 0}, "missing_lines": [], "excluded_lines": []}}, "classes": {"SingleActiveConfig": {"executed_lines": [], "summary": {"covered_lines": 0, "num_statements": 18, "percent_covered": 0.0, "percent_covered_display": "0", "missing_lines": 18, "excluded_lines": 0}, "missing_lines": [72, 74, 75, 79, 85, 87, 88, 92, 98, 99, 100, 101, 104, 110, 111, 112, 113, 116], "excluded_lines": []}, "ExclusiveRPCResponse": {"executed_lines": [], "summary": {"covered_lines": 0, "num_statements": 0, "percent_covered": 100.0, "percent_covered_display": "100", "missing_lines": 0, "excluded_lines": 0}, "missing_lines": [], "excluded_lines": []}, "SingleActiveStatus": {"executed_lines": [], "summary": {"covered_lines": 0, "num_statements": 0, "percent_covered": 100.0, "percent_covered_display": "100", "missing_lines": 0, "excluded_lines": 0}, "missing_lines": [], "excluded_lines": []}, "": {"executed_lines": [1, 6, 8, 10, 13, 14, 16, 19, 25, 30, 37, 43, 49, 55, 61, 68, 69, 70, 81, 82, 83, 94, 95, 96, 106, 107, 108, 119, 120, 122, 124, 125, 126, 127, 130, 131, 133, 135, 136, 137, 138, 139, 140, 144, 148], "summary": {"covered_lines": 41, "num_statements": 41, "percent_covered": 100.0, "percent_covered_display": "100", "missing_lines": 0, "excluded_lines": 0}, "missing_lines": [], "excluded_lines": []}}}, "aegis_sdk/application/single_active_service.py": {"executed_lines": [1, 8, 10, 11, 12, 13, 14, 16, 17, 18, 19, 20, 21, 22, 23, 24, 25, 26, 27, 35, 39, 40, 47, 112, 120, 218, 255, 284, 334, 368], "summary": {"covered_lines": 27, "num_statements": 151, "percent_covered": 17.880794701986755, "percent_covered_display": "18", "missing_lines": 124, "excluded_lines": 2}, "missing_lines": [73, 76, 90, 91, 92, 93, 96, 97, 98, 99, 102, 103, 104, 107, 110, 118, 123, 124, 126, 130, 141, 142, 145, 147, 150, 158, 165, 175, 178, 179, 189, 190, 191, 193, 194, 202, 208, 213, 214, 215, 216, 221, 222, 229, 230, 231, 233, 239, 240, 246, 247, 248, 251, 253, 258, 259, 262, 263, 271, 274, 275, 276, 277, 291, 292, 293, 294, 295, 296, 298, 306, 308, 309, 311, 312, 313, 317, 318, 319, 320, 321, 326, 329, 330, 332, 340, 341, 342, 343, 347, 348, 349, 350, 352, 382, 383, 384, 385, 386, 387, 389, 397, 399, 400, 401, 403, 407, 408, 409, 410, 411, 412, 417, 420, 421, 422, 425, 426, 428, 429, 430, 431, 432, 434], "excluded_lines": [35, 36], "functions": {"SingleActiveService.__init__": {"executed_lines": [], "summary": {"covered_lines": 0, "num_statements": 15, "percent_covered": 0.0, "percent_covered_display": "0", "missing_lines": 15, "excluded_lines": 0}, "missing_lines": [73, 76, 90, 91, 92, 93, 96, 97, 98, 99, 102, 103, 104, 107, 110], "excluded_lines": []}, "SingleActiveService._update_active_status": {"executed_lines": [], "summary": {"covered_lines": 0, "num_statements": 1, "percent_covered": 0.0, "percent_covered_display": "0", "missing_lines": 1, "excluded_lines": 0}, "missing_lines": [118], "excluded_lines": []}, "SingleActiveService.start": {"executed_lines": [], "summary": {"covered_lines": 0, "num_statements": 25, "percent_covered": 0.0, "percent_covered_display": "0", "missing_lines": 25, "excluded_lines": 0}, "missing_lines": [123, 124, 126, 130, 141, 142, 145, 147, 150, 158, 165, 175, 178, 179, 189, 190, 191, 193, 194, 202, 208, 213, 214, 215, 216], "excluded_lines": []}, "SingleActiveService.stop": {"executed_lines": [], "summary": {"covered_lines": 0, "num_statements": 13, "percent_covered": 0.0, "percent_covered_display": "0", "missing_lines": 13, "excluded_lines": 0}, "missing_lines": [221, 222, 229, 230, 231, 233, 239, 240, 246, 247, 248, 251, 253], "excluded_lines": []}, "SingleActiveService._update_registry_heartbeat": {"executed_lines": [], "summary": {"covered_lines": 0, "num_statements": 9, "percent_covered": 0.0, "percent_covered_display": "0", "missing_lines": 9, "excluded_lines": 0}, "missing_lines": [258, 259, 262, 263, 271, 274, 275, 276, 277], "excluded_lines": []}, "SingleActiveService.exclusive_rpc": {"executed_lines": [], "summary": {"covered_lines": 0, "num_statements": 3, "percent_covered": 0.0, "percent_covered_display": "0", "missing_lines": 3, "excluded_lines": 0}, "missing_lines": [291, 292, 332], "excluded_lines": []}, "SingleActiveService.exclusive_rpc.decorator": {"executed_lines": [], "summary": {"covered_lines": 0, "num_statements": 3, "percent_covered": 0.0, "percent_covered_display": "0", "missing_lines": 3, "excluded_lines": 0}, "missing_lines": [293, 329, 330], "excluded_lines": []}, "SingleActiveService.exclusive_rpc.decorator.wrapper": {"executed_lines": [], "summary": {"covered_lines": 0, "num_statements": 16, "percent_covered": 0.0, "percent_covered_display": "0", "missing_lines": 16, "excluded_lines": 0}, "missing_lines": [294, 295, 296, 298, 306, 308, 309, 311, 312, 313, 317, 318, 319, 320, 321, 326], "excluded_lines": []}, "SingleActiveService.get_status": {"executed_lines": [], "summary": {"covered_lines": 0, "num_statements": 9, "percent_covered": 0.0, "percent_covered_display": "0", "missing_lines": 9, "excluded_lines": 0}, "missing_lines": [340, 341, 342, 343, 347, 348, 349, 350, 352], "excluded_lines": []}, "exclusive_rpc": {"executed_lines": [], "summary": {"covered_lines": 0, "num_statements": 6, "percent_covered": 0.0, "percent_covered_display": "0", "missing_lines": 6, "excluded_lines": 0}, "missing_lines": [382, 383, 425, 426, 428, 434], "excluded_lines": []}, "exclusive_rpc.decorator": {"executed_lines": [], "summary": {"covered_lines": 0, "num_statements": 4, "percent_covered": 0.0, "percent_covered_display": "0", "missing_lines": 4, "excluded_lines": 0}, "missing_lines": [384, 420, 421, 422], "excluded_lines": []}, "exclusive_rpc.decorator.wrapper": {"executed_lines": [], "summary": {"covered_lines": 0, "num_statements": 16, "percent_covered": 0.0, "percent_covered_display": "0", "missing_lines": 16, "excluded_lines": 0}, "missing_lines": [385, 386, 387, 389, 397, 399, 400, 401, 403, 407, 408, 409, 410, 411, 412, 417], "excluded_lines": []}, "exclusive_rpc.outer_decorator": {"executed_lines": [], "summary": {"covered_lines": 0, "num_statements": 4, "percent_covered": 0.0, "percent_covered_display": "0", "missing_lines": 4, "excluded_lines": 0}, "missing_lines": [429, 430, 431, 432], "excluded_lines": []}, "": {"executed_lines": [1, 8, 10, 11, 12, 13, 14, 16, 17, 18, 19, 20, 21, 22, 23, 24, 25, 26, 27, 35, 39, 40, 47, 112, 120, 218, 255, 284, 334, 368], "summary": {"covered_lines": 27, "num_statements": 27, "percent_covered": 100.0, "percent_covered_display": "100", "missing_lines": 0, "excluded_lines": 2}, "missing_lines": [], "excluded_lines": [35, 36]}}, "classes": {"SingleActiveService": {"executed_lines": [], "summary": {"covered_lines": 0, "num_statements": 94, "percent_covered": 0.0, "percent_covered_display": "0", "missing_lines": 94, "excluded_lines": 0}, "missing_lines": [73, 76, 90, 91, 92, 93, 96, 97, 98, 99, 102, 103, 104, 107, 110, 118, 123, 124, 126, 130, 141, 142, 145, 147, 150, 158, 165, 175, 178, 179, 189, 190, 191, 193, 194, 202, 208, 213, 214, 215, 216, 221, 222, 229, 230, 231, 233, 239, 240, 246, 247, 248, 251, 253, 258, 259, 262, 263, 271, 274, 275, 276, 277, 291, 292, 293, 294, 295, 296, 298, 306, 308, 309, 311, 312, 313, 317, 318, 319, 320, 321, 326, 329, 330, 332, 340, 341, 342, 343, 347, 348, 349, 350, 352], "excluded_lines": []}, "": {"executed_lines": [1, 8, 10, 11, 12, 13, 14, 16, 17, 18, 19, 20, 21, 22, 23, 24, 25, 26, 27, 35, 39, 40, 47, 112, 120, 218, 255, 284, 334, 368], "summary": {"covered_lines": 27, "num_statements": 57, "percent_covered": 47.36842105263158, "percent_covered_display": "47", "missing_lines": 30, "excluded_lines": 2}, "missing_lines": [382, 383, 384, 385, 386, 387, 389, 397, 399, 400, 401, 403, 407, 408, 409, 410, 411, 412, 417, 420, 421, 422, 425, 426, 428, 429, 430, 431, 432, 434], "excluded_lines": [35, 36]}}}, "aegis_sdk/application/sticky_active_use_cases.py": {"executed_lines": [1, 7, 9, 10, 11, 13, 15, 16, 21, 22, 23, 24, 25, 26, 27, 30, 31, 33, 35, 41, 47, 52, 58, 64, 70, 75, 76, 77, 89, 90, 92, 94, 95, 96, 97, 102, 105, 106, 112, 127, 280, 281, 283, 285, 291, 297, 303, 309, 317, 318, 324, 337, 433, 434, 440, 467, 490, 502, 602, 651, 683], "summary": {"covered_lines": 54, "num_statements": 242, "percent_covered": 22.31404958677686, "percent_covered_display": "22", "missing_lines": 188, "excluded_lines": 0}, "missing_lines": [79, 81, 82, 86, 121, 122, 123, 124, 125, 142, 144, 145, 146, 147, 148, 151, 155, 157, 166, 168, 171, 174, 182, 183, 185, 186, 187, 188, 191, 193, 196, 197, 198, 199, 200, 205, 206, 207, 208, 212, 213, 224, 225, 226, 227, 228, 229, 232, 233, 234, 241, 242, 250, 253, 267, 269, 271, 332, 333, 334, 335, 349, 351, 352, 353, 354, 355, 356, 359, 363, 364, 365, 366, 369, 370, 377, 378, 379, 382, 383, 386, 387, 390, 393, 395, 399, 401, 402, 404, 407, 409, 410, 412, 413, 416, 418, 419, 420, 421, 422, 425, 426, 427, 428, 429, 459, 460, 461, 462, 463, 464, 465, 474, 477, 478, 481, 488, 497, 498, 499, 500, 515, 516, 518, 519, 520, 521, 526, 530, 531, 533, 534, 535, 537, 539, 540, 541, 544, 545, 548, 557, 571, 574, 576, 577, 578, 579, 580, 581, 582, 583, 586, 589, 590, 591, 594, 595, 600, 611, 612, 614, 617, 620, 621, 628, 629, 630, 633, 636, 637, 640, 643, 644, 645, 646, 649, 659, 667, 681, 690, 692, 696, 697, 699, 700, 701, 702, 703], "excluded_lines": [], "functions": {"StickyActiveRegistrationRequest.validate_name_format": {"executed_lines": [], "summary": {"covered_lines": 0, "num_statements": 4, "percent_covered": 0.0, "percent_covered_display": "0", "missing_lines": 4, "excluded_lines": 0}, "missing_lines": [79, 81, 82, 86], "excluded_lines": []}, "StickyActiveRegistrationUseCase.__init__": {"executed_lines": [], "summary": {"covered_lines": 0, "num_statements": 5, "percent_covered": 0.0, "percent_covered_display": "0", "missing_lines": 5, "excluded_lines": 0}, "missing_lines": [121, 122, 123, 124, 125], "excluded_lines": []}, "StickyActiveRegistrationUseCase.execute": {"executed_lines": [], "summary": {"covered_lines": 0, "num_statements": 48, "percent_covered": 0.0, "percent_covered_display": "0", "missing_lines": 48, "excluded_lines": 0}, "missing_lines": [142, 144, 145, 146, 147, 148, 151, 155, 157, 166, 168, 171, 174, 182, 183, 185, 186, 187, 188, 191, 193, 196, 197, 198, 199, 200, 205, 206, 207, 208, 212, 213, 224, 225, 226, 227, 228, 229, 232, 233, 234, 241, 242, 250, 253, 267, 269, 271], "excluded_lines": []}, "StickyActiveHeartbeatUseCase.__init__": {"executed_lines": [], "summary": {"covered_lines": 0, "num_statements": 4, "percent_covered": 0.0, "percent_covered_display": "0", "missing_lines": 4, "excluded_lines": 0}, "missing_lines": [332, 333, 334, 335], "excluded_lines": []}, "StickyActiveHeartbeatUseCase.execute": {"executed_lines": [], "summary": {"covered_lines": 0, "num_statements": 44, "percent_covered": 0.0, "percent_covered_display": "0", "missing_lines": 44, "excluded_lines": 0}, "missing_lines": [349, 351, 352, 353, 354, 355, 356, 359, 363, 364, 365, 366, 369, 370, 377, 378, 379, 382, 383, 386, 387, 390, 393, 395, 399, 401, 402, 404, 407, 409, 410, 412, 413, 416, 418, 419, 420, 421, 422, 425, 426, 427, 428, 429], "excluded_lines": []}, "StickyActiveMonitoringUseCase.__init__": {"executed_lines": [], "summary": {"covered_lines": 0, "num_statements": 7, "percent_covered": 0.0, "percent_covered_display": "0", "missing_lines": 7, "excluded_lines": 0}, "missing_lines": [459, 460, 461, 462, 463, 464, 465], "excluded_lines": []}, "StickyActiveMonitoringUseCase.start_monitoring": {"executed_lines": [], "summary": {"covered_lines": 0, "num_statements": 5, "percent_covered": 0.0, "percent_covered_display": "0", "missing_lines": 5, "excluded_lines": 0}, "missing_lines": [474, 477, 478, 481, 488], "excluded_lines": []}, "StickyActiveMonitoringUseCase.stop_monitoring": {"executed_lines": [], "summary": {"covered_lines": 0, "num_statements": 4, "percent_covered": 0.0, "percent_covered_display": "0", "missing_lines": 4, "excluded_lines": 0}, "missing_lines": [497, 498, 499, 500], "excluded_lines": []}, "StickyActiveMonitoringUseCase._monitor_leadership": {"executed_lines": [], "summary": {"covered_lines": 0, "num_statements": 37, "percent_covered": 0.0, "percent_covered_display": "0", "missing_lines": 37, "excluded_lines": 0}, "missing_lines": [515, 516, 518, 519, 520, 521, 526, 530, 531, 533, 534, 535, 537, 539, 540, 541, 544, 545, 548, 557, 571, 574, 576, 577, 578, 579, 580, 581, 582, 583, 586, 589, 590, 591, 594, 595, 600], "excluded_lines": []}, "StickyActiveMonitoringUseCase._handle_leader_expired": {"executed_lines": [], "summary": {"covered_lines": 0, "num_statements": 18, "percent_covered": 0.0, "percent_covered_display": "0", "missing_lines": 18, "excluded_lines": 0}, "missing_lines": [611, 612, 614, 617, 620, 621, 628, 629, 630, 633, 636, 637, 640, 643, 644, 645, 646, 649], "excluded_lines": []}, "StickyActiveMonitoringUseCase._publish_leader_elected_event": {"executed_lines": [], "summary": {"covered_lines": 0, "num_statements": 3, "percent_covered": 0.0, "percent_covered_display": "0", "missing_lines": 3, "excluded_lines": 0}, "missing_lines": [659, 667, 681], "excluded_lines": []}, "StickyActiveMonitoringUseCase._update_instance_status": {"executed_lines": [], "summary": {"covered_lines": 0, "num_statements": 9, "percent_covered": 0.0, "percent_covered_display": "0", "missing_lines": 9, "excluded_lines": 0}, "missing_lines": [690, 692, 696, 697, 699, 700, 701, 702, 703], "excluded_lines": []}, "": {"executed_lines": [1, 7, 9, 10, 11, 13, 15, 16, 21, 22, 23, 24, 25, 26, 27, 30, 31, 33, 35, 41, 47, 52, 58, 64, 70, 75, 76, 77, 89, 90, 92, 94, 95, 96, 97, 102, 105, 106, 112, 127, 280, 281, 283, 285, 291, 297, 303, 309, 317, 318, 324, 337, 433, 434, 440, 467, 490, 502, 602, 651, 683], "summary": {"covered_lines": 54, "num_statements": 54, "percent_covered": 100.0, "percent_covered_display": "100", "missing_lines": 0, "excluded_lines": 0}, "missing_lines": [], "excluded_lines": []}}, "classes": {"StickyActiveRegistrationRequest": {"executed_lines": [], "summary": {"covered_lines": 0, "num_statements": 4, "percent_covered": 0.0, "percent_covered_display": "0", "missing_lines": 4, "excluded_lines": 0}, "missing_lines": [79, 81, 82, 86], "excluded_lines": []}, "StickyActiveRegistrationResponse": {"executed_lines": [], "summary": {"covered_lines": 0, "num_statements": 0, "percent_covered": 100.0, "percent_covered_display": "100", "missing_lines": 0, "excluded_lines": 0}, "missing_lines": [], "excluded_lines": []}, "StickyActiveRegistrationUseCase": {"executed_lines": [], "summary": {"covered_lines": 0, "num_statements": 53, "percent_covered": 0.0, "percent_covered_display": "0", "missing_lines": 53, "excluded_lines": 0}, "missing_lines": [121, 122, 123, 124, 125, 142, 144, 145, 146, 147, 148, 151, 155, 157, 166, 168, 171, 174, 182, 183, 185, 186, 187, 188, 191, 193, 196, 197, 198, 199, 200, 205, 206, 207, 208, 212, 213, 224, 225, 226, 227, 228, 229, 232, 233, 234, 241, 242, 250, 253, 267, 269, 271], "excluded_lines": []}, "StickyActiveHeartbeatRequest": {"executed_lines": [], "summary": {"covered_lines": 0, "num_statements": 0, "percent_covered": 100.0, "percent_covered_display": "100", "missing_lines": 0, "excluded_lines": 0}, "missing_lines": [], "excluded_lines": []}, "StickyActiveHeartbeatUseCase": {"executed_lines": [], "summary": {"covered_lines": 0, "num_statements": 48, "percent_covered": 0.0, "percent_covered_display": "0", "missing_lines": 48, "excluded_lines": 0}, "missing_lines": [332, 333, 334, 335, 349, 351, 352, 353, 354, 355, 356, 359, 363, 364, 365, 366, 369, 370, 377, 378, 379, 382, 383, 386, 387, 390, 393, 395, 399, 401, 402, 404, 407, 409, 410, 412, 413, 416, 418, 419, 420, 421, 422, 425, 426, 427, 428, 429], "excluded_lines": []}, "StickyActiveMonitoringUseCase": {"executed_lines": [], "summary": {"covered_lines": 0, "num_statements": 83, "percent_covered": 0.0, "percent_covered_display": "0", "missing_lines": 83, "excluded_lines": 0}, "missing_lines": [459, 460, 461, 462, 463, 464, 465, 474, 477, 478, 481, 488, 497, 498, 499, 500, 515, 516, 518, 519, 520, 521, 526, 530, 531, 533, 534, 535, 537, 539, 540, 541, 544, 545, 548, 557, 571, 574, 576, 577, 578, 579, 580, 581, 582, 583, 586, 589, 590, 591, 594, 595, 600, 611, 612, 614, 617, 620, 621, 628, 629, 630, 633, 636, 637, 640, 643, 644, 645, 646, 649, 659, 667, 681, 690, 692, 696, 697, 699, 700, 701, 702, 703], "excluded_lines": []}, "": {"executed_lines": [1, 7, 9, 10, 11, 13, 15, 16, 21, 22, 23, 24, 25, 26, 27, 30, 31, 33, 35, 41, 47, 52, 58, 64, 70, 75, 76, 77, 89, 90, 92, 94, 95, 96, 97, 102, 105, 106, 112, 127, 280, 281, 283, 285, 291, 297, 303, 309, 317, 318, 324, 337, 433, 434, 440, 467, 490, 502, 602, 651, 683], "summary": {"covered_lines": 54, "num_statements": 54, "percent_covered": 100.0, "percent_covered_display": "100", "missing_lines": 0, "excluded_lines": 0}, "missing_lines": [], "excluded_lines": []}}}, "aegis_sdk/application/use_cases.py": {"executed_lines": [1, 7, 8, 9, 11, 13, 14, 15, 16, 17, 18, 19, 22, 23, 29, 30, 63, 64, 95, 96, 98, 103, 104, 106, 107, 108, 109, 112, 113, 115, 116, 117, 118, 121, 122, 128, 139, 188, 189, 191, 192, 193, 196, 197, 203, 216, 283, 284, 286, 287, 288, 289, 290, 291, 292, 297, 298, 305, 320, 459, 460, 462, 463, 464, 467, 468, 474, 485], "summary": {"covered_lines": 56, "num_statements": 192, "percent_covered": 29.166666666666668, "percent_covered_display": "29", "missing_lines": 136, "excluded_lines": 3}, "missing_lines": [49, 81, 87, 135, 136, 137, 142, 143, 146, 154, 157, 163, 164, 167, 168, 175, 178, 180, 211, 212, 213, 214, 219, 220, 223, 224, 225, 228, 232, 233, 234, 237, 238, 241, 244, 245, 246, 247, 248, 250, 251, 252, 253, 256, 259, 265, 266, 269, 270, 277, 280, 314, 315, 316, 317, 318, 327, 329, 332, 341, 342, 344, 345, 347, 352, 353, 354, 359, 360, 361, 363, 364, 366, 367, 368, 369, 378, 381, 382, 384, 386, 387, 388, 390, 391, 392, 393, 394, 403, 406, 407, 408, 409, 410, 411, 420, 423, 424, 426, 427, 429, 430, 432, 433, 434, 435, 436, 438, 439, 442, 443, 444, 445, 446, 456, 481, 482, 483, 493, 496, 498, 499, 501, 502, 509, 510, 513, 516, 522, 524, 525, 527, 529, 535, 537, 538], "excluded_lines": [100, 101, 102], "functions": {"UseCaseEventFactory.create_service_event": {"executed_lines": [], "summary": {"covered_lines": 0, "num_statements": 1, "percent_covered": 0.0, "percent_covered_display": "0", "missing_lines": 1, "excluded_lines": 0}, "missing_lines": [49], "excluded_lines": []}, "UseCaseEventFactory.create_command_event": {"executed_lines": [], "summary": {"covered_lines": 0, "num_statements": 2, "percent_covered": 0.0, "percent_covered_display": "0", "missing_lines": 2, "excluded_lines": 0}, "missing_lines": [81, 87], "excluded_lines": []}, "UseCase.execute": {"executed_lines": [], "summary": {"covered_lines": 0, "num_statements": 0, "percent_covered": 100.0, "percent_covered_display": "100", "missing_lines": 0, "excluded_lines": 1}, "missing_lines": [], "excluded_lines": [100]}, "ServiceRegistrationUseCase.__init__": {"executed_lines": [], "summary": {"covered_lines": 0, "num_statements": 3, "percent_covered": 0.0, "percent_covered_display": "0", "missing_lines": 3, "excluded_lines": 0}, "missing_lines": [135, 136, 137], "excluded_lines": []}, "ServiceRegistrationUseCase.execute": {"executed_lines": [], "summary": {"covered_lines": 0, "num_statements": 12, "percent_covered": 0.0, "percent_covered_display": "0", "missing_lines": 12, "excluded_lines": 0}, "missing_lines": [142, 143, 146, 154, 157, 163, 164, 167, 168, 175, 178, 180], "excluded_lines": []}, "ServiceHeartbeatUseCase.__init__": {"executed_lines": [], "summary": {"covered_lines": 0, "num_statements": 4, "percent_covered": 0.0, "percent_covered_display": "0", "missing_lines": 4, "excluded_lines": 0}, "missing_lines": [211, 212, 213, 214], "excluded_lines": []}, "ServiceHeartbeatUseCase.execute": {"executed_lines": [], "summary": {"covered_lines": 0, "num_statements": 29, "percent_covered": 0.0, "percent_covered_display": "0", "missing_lines": 29, "excluded_lines": 0}, "missing_lines": [219, 220, 223, 224, 225, 228, 232, 233, 234, 237, 238, 241, 244, 245, 246, 247, 248, 250, 251, 252, 253, 256, 259, 265, 266, 269, 270, 277, 280], "excluded_lines": []}, "RPCCallUseCase.__init__": {"executed_lines": [], "summary": {"covered_lines": 0, "num_statements": 5, "percent_covered": 0.0, "percent_covered_display": "0", "missing_lines": 5, "excluded_lines": 0}, "missing_lines": [314, 315, 316, 317, 318], "excluded_lines": []}, "RPCCallUseCase.execute": {"executed_lines": [], "summary": {"covered_lines": 0, "num_statements": 59, "percent_covered": 0.0, "percent_covered_display": "0", "missing_lines": 59, "excluded_lines": 0}, "missing_lines": [327, 329, 332, 341, 342, 344, 345, 347, 352, 353, 354, 359, 360, 361, 363, 364, 366, 367, 368, 369, 378, 381, 382, 384, 386, 387, 388, 390, 391, 392, 393, 394, 403, 406, 407, 408, 409, 410, 411, 420, 423, 424, 426, 427, 429, 430, 432, 433, 434, 435, 436, 438, 439, 442, 443, 444, 445, 446, 456], "excluded_lines": []}, "CommandProcessingUseCase.__init__": {"executed_lines": [], "summary": {"covered_lines": 0, "num_statements": 3, "percent_covered": 0.0, "percent_covered_display": "0", "missing_lines": 3, "excluded_lines": 0}, "missing_lines": [481, 482, 483], "excluded_lines": []}, "CommandProcessingUseCase.execute": {"executed_lines": [], "summary": {"covered_lines": 0, "num_statements": 15, "percent_covered": 0.0, "percent_covered_display": "0", "missing_lines": 15, "excluded_lines": 0}, "missing_lines": [493, 496, 498, 499, 501, 513, 516, 522, 524, 525, 527, 529, 535, 537, 538], "excluded_lines": []}, "CommandProcessingUseCase.execute.report_progress": {"executed_lines": [], "summary": {"covered_lines": 0, "num_statements": 3, "percent_covered": 0.0, "percent_covered_display": "0", "missing_lines": 3, "excluded_lines": 0}, "missing_lines": [502, 509, 510], "excluded_lines": []}, "": {"executed_lines": [1, 7, 8, 9, 11, 13, 14, 15, 16, 17, 18, 19, 22, 23, 29, 30, 63, 64, 95, 96, 98, 103, 104, 106, 107, 108, 109, 112, 113, 115, 116, 117, 118, 121, 122, 128, 139, 188, 189, 191, 192, 193, 196, 197, 203, 216, 283, 284, 286, 287, 288, 289, 290, 291, 292, 297, 298, 305, 320, 459, 460, 462, 463, 464, 467, 468, 474, 485], "summary": {"covered_lines": 56, "num_statements": 56, "percent_covered": 100.0, "percent_covered_display": "100", "missing_lines": 0, "excluded_lines": 2}, "missing_lines": [], "excluded_lines": [101, 102]}}, "classes": {"UseCaseEventFactory": {"executed_lines": [], "summary": {"covered_lines": 0, "num_statements": 3, "percent_covered": 0.0, "percent_covered_display": "0", "missing_lines": 3, "excluded_lines": 0}, "missing_lines": [49, 81, 87], "excluded_lines": []}, "UseCase": {"executed_lines": [], "summary": {"covered_lines": 0, "num_statements": 0, "percent_covered": 100.0, "percent_covered_display": "100", "missing_lines": 0, "excluded_lines": 1}, "missing_lines": [], "excluded_lines": [100]}, "ServiceRegistrationRequest": {"executed_lines": [], "summary": {"covered_lines": 0, "num_statements": 0, "percent_covered": 100.0, "percent_covered_display": "100", "missing_lines": 0, "excluded_lines": 0}, "missing_lines": [], "excluded_lines": []}, "ServiceRegistrationResponse": {"executed_lines": [], "summary": {"covered_lines": 0, "num_statements": 0, "percent_covered": 100.0, "percent_covered_display": "100", "missing_lines": 0, "excluded_lines": 0}, "missing_lines": [], "excluded_lines": []}, "ServiceRegistrationUseCase": {"executed_lines": [], "summary": {"covered_lines": 0, "num_statements": 15, "percent_covered": 0.0, "percent_covered_display": "0", "missing_lines": 15, "excluded_lines": 0}, "missing_lines": [135, 136, 137, 142, 143, 146, 154, 157, 163, 164, 167, 168, 175, 178, 180], "excluded_lines": []}, "ServiceHeartbeatRequest": {"executed_lines": [], "summary": {"covered_lines": 0, "num_statements": 0, "percent_covered": 100.0, "percent_covered_display": "100", "missing_lines": 0, "excluded_lines": 0}, "missing_lines": [], "excluded_lines": []}, "ServiceHeartbeatUseCase": {"executed_lines": [], "summary": {"covered_lines": 0, "num_statements": 33, "percent_covered": 0.0, "percent_covered_display": "0", "missing_lines": 33, "excluded_lines": 0}, "missing_lines": [211, 212, 213, 214, 219, 220, 223, 224, 225, 228, 232, 233, 234, 237, 238, 241, 244, 245, 246, 247, 248, 250, 251, 252, 253, 256, 259, 265, 266, 269, 270, 277, 280], "excluded_lines": []}, "RPCCallRequest": {"executed_lines": [], "summary": {"covered_lines": 0, "num_statements": 0, "percent_covered": 100.0, "percent_covered_display": "100", "missing_lines": 0, "excluded_lines": 0}, "missing_lines": [], "excluded_lines": []}, "RPCCallUseCase": {"executed_lines": [], "summary": {"covered_lines": 0, "num_statements": 64, "percent_covered": 0.0, "percent_covered_display": "0", "missing_lines": 64, "excluded_lines": 0}, "missing_lines": [314, 315, 316, 317, 318, 327, 329, 332, 341, 342, 344, 345, 347, 352, 353, 354, 359, 360, 361, 363, 364, 366, 367, 368, 369, 378, 381, 382, 384, 386, 387, 388, 390, 391, 392, 393, 394, 403, 406, 407, 408, 409, 410, 411, 420, 423, 424, 426, 427, 429, 430, 432, 433, 434, 435, 436, 438, 439, 442, 443, 444, 445, 446, 456], "excluded_lines": []}, "CommandProcessingRequest": {"executed_lines": [], "summary": {"covered_lines": 0, "num_statements": 0, "percent_covered": 100.0, "percent_covered_display": "100", "missing_lines": 0, "excluded_lines": 0}, "missing_lines": [], "excluded_lines": []}, "CommandProcessingUseCase": {"executed_lines": [], "summary": {"covered_lines": 0, "num_statements": 21, "percent_covered": 0.0, "percent_covered_display": "0", "missing_lines": 21, "excluded_lines": 0}, "missing_lines": [481, 482, 483, 493, 496, 498, 499, 501, 502, 509, 510, 513, 516, 522, 524, 525, 527, 529, 535, 537, 538], "excluded_lines": []}, "": {"executed_lines": [1, 7, 8, 9, 11, 13, 14, 15, 16, 17, 18, 19, 22, 23, 29, 30, 63, 64, 95, 96, 98, 103, 104, 106, 107, 108, 109, 112, 113, 115, 116, 117, 118, 121, 122, 128, 139, 188, 189, 191, 192, 193, 196, 197, 203, 216, 283, 284, 286, 287, 288, 289, 290, 291, 292, 297, 298, 305, 320, 459, 460, 462, 463, 464, 467, 468, 474, 485], "summary": {"covered_lines": 56, "num_statements": 56, "percent_covered": 100.0, "percent_covered_display": "100", "missing_lines": 0, "excluded_lines": 2}, "missing_lines": [], "excluded_lines": [101, 102]}}}, "aegis_sdk/domain/__init__.py": {"executed_lines": [1, 3, 4, 22, 34, 35, 37], "summary": {"covered_lines": 6, "num_statements": 6, "percent_covered": 100.0, "percent_covered_display": "100", "missing_lines": 0, "excluded_lines": 0}, "missing_lines": [], "excluded_lines": [], "functions": {"": {"executed_lines": [1, 3, 4, 22, 34, 35, 37], "summary": {"covered_lines": 6, "num_statements": 6, "percent_covered": 100.0, "percent_covered_display": "100", "missing_lines": 0, "excluded_lines": 0}, "missing_lines": [], "excluded_lines": []}}, "classes": {"": {"executed_lines": [1, 3, 4, 22, 34, 35, 37], "summary": {"covered_lines": 6, "num_statements": 6, "percent_covered": 100.0, "percent_covered_display": "100", "missing_lines": 0, "excluded_lines": 0}, "missing_lines": [], "excluded_lines": []}}}, "aegis_sdk/domain/aggregates.py": {"executed_lines": [1, 7, 8, 9, 11, 13, 14, 20, 21, 23, 24, 25, 26, 29, 30, 32, 34, 35, 36, 37, 38, 41, 42, 48, 54, 55, 58, 59, 60, 63, 64, 67, 69, 74, 75, 80, 81, 85, 103, 120, 137, 156, 170, 187, 199, 203, 207, 218, 223, 224, 226, 227, 228, 231, 232, 234, 236, 237, 238, 239, 240, 241, 244, 245, 251, 257, 258, 259, 262, 263, 264, 267, 268, 269, 272, 273, 274, 277, 279, 285, 292, 293, 300, 301, 305, 306, 310, 336, 359, 381, 394, 407, 422, 445, 467, 471, 475, 487], "summary": {"covered_lines": 91, "num_statements": 206, "percent_covered": 44.1747572815534, "percent_covered_display": "44", "missing_lines": 115, "excluded_lines": 0}, "missing_lines": [71, 72, 77, 78, 83, 92, 93, 95, 96, 99, 100, 101, 110, 111, 113, 114, 116, 117, 118, 127, 128, 130, 131, 133, 134, 135, 144, 145, 147, 148, 150, 151, 152, 163, 164, 166, 167, 168, 177, 178, 180, 181, 182, 189, 201, 205, 209, 216, 220, 281, 282, 283, 287, 288, 289, 290, 295, 303, 308, 318, 319, 321, 323, 324, 325, 326, 328, 329, 330, 331, 344, 345, 347, 348, 349, 350, 351, 367, 368, 370, 371, 372, 373, 388, 389, 391, 392, 401, 402, 404, 405, 413, 414, 416, 417, 419, 420, 430, 431, 433, 434, 435, 436, 437, 452, 453, 455, 456, 457, 459, 469, 473, 477, 485, 489], "excluded_lines": [], "functions": {"ServiceAggregate.__init__": {"executed_lines": [], "summary": {"covered_lines": 0, "num_statements": 2, "percent_covered": 0.0, "percent_covered_display": "0", "missing_lines": 2, "excluded_lines": 0}, "missing_lines": [71, 72], "excluded_lines": []}, "ServiceAggregate.is_healthy": {"executed_lines": [], "summary": {"covered_lines": 0, "num_statements": 2, "percent_covered": 0.0, "percent_covered_display": "0", "missing_lines": 2, "excluded_lines": 0}, "missing_lines": [77, 78], "excluded_lines": []}, "ServiceAggregate.uptime_seconds": {"executed_lines": [], "summary": {"covered_lines": 0, "num_statements": 1, "percent_covered": 0.0, "percent_covered_display": "0", "missing_lines": 1, "excluded_lines": 0}, "missing_lines": [83], "excluded_lines": []}, "ServiceAggregate.heartbeat": {"executed_lines": [], "summary": {"covered_lines": 0, "num_statements": 7, "percent_covered": 0.0, "percent_covered_display": "0", "missing_lines": 7, "excluded_lines": 0}, "missing_lines": [92, 93, 95, 96, 99, 100, 101], "excluded_lines": []}, "ServiceAggregate.activate": {"executed_lines": [], "summary": {"covered_lines": 0, "num_statements": 7, "percent_covered": 0.0, "percent_covered_display": "0", "missing_lines": 7, "excluded_lines": 0}, "missing_lines": [110, 111, 113, 114, 116, 117, 118], "excluded_lines": []}, "ServiceAggregate.standby": {"executed_lines": [], "summary": {"covered_lines": 0, "num_statements": 7, "percent_covered": 0.0, "percent_covered_display": "0", "missing_lines": 7, "excluded_lines": 0}, "missing_lines": [127, 128, 130, 131, 133, 134, 135], "excluded_lines": []}, "ServiceAggregate.mark_unhealthy": {"executed_lines": [], "summary": {"covered_lines": 0, "num_statements": 7, "percent_covered": 0.0, "percent_covered_display": "0", "missing_lines": 7, "excluded_lines": 0}, "missing_lines": [144, 145, 147, 148, 150, 151, 152], "excluded_lines": []}, "ServiceAggregate.shutdown": {"executed_lines": [], "summary": {"covered_lines": 0, "num_statements": 5, "percent_covered": 0.0, "percent_covered_display": "0", "missing_lines": 5, "excluded_lines": 0}, "missing_lines": [163, 164, 166, 167, 168], "excluded_lines": []}, "ServiceAggregate.update_metadata": {"executed_lines": [], "summary": {"covered_lines": 0, "num_statements": 5, "percent_covered": 0.0, "percent_covered_display": "0", "missing_lines": 5, "excluded_lines": 0}, "missing_lines": [177, 178, 180, 181, 182], "excluded_lines": []}, "ServiceAggregate.to_service_info": {"executed_lines": [], "summary": {"covered_lines": 0, "num_statements": 1, "percent_covered": 0.0, "percent_covered_display": "0", "missing_lines": 1, "excluded_lines": 0}, "missing_lines": [189], "excluded_lines": []}, "ServiceAggregate.get_uncommitted_events": {"executed_lines": [], "summary": {"covered_lines": 0, "num_statements": 1, "percent_covered": 0.0, "percent_covered_display": "0", "missing_lines": 1, "excluded_lines": 0}, "missing_lines": [201], "excluded_lines": []}, "ServiceAggregate.mark_events_committed": {"executed_lines": [], "summary": {"covered_lines": 0, "num_statements": 1, "percent_covered": 0.0, "percent_covered_display": "0", "missing_lines": 1, "excluded_lines": 0}, "missing_lines": [205], "excluded_lines": []}, "ServiceAggregate._record_event": {"executed_lines": [], "summary": {"covered_lines": 0, "num_statements": 2, "percent_covered": 0.0, "percent_covered_display": "0", "missing_lines": 2, "excluded_lines": 0}, "missing_lines": [209, 216], "excluded_lines": []}, "ServiceAggregate.__str__": {"executed_lines": [], "summary": {"covered_lines": 0, "num_statements": 1, "percent_covered": 0.0, "percent_covered_display": "0", "missing_lines": 1, "excluded_lines": 0}, "missing_lines": [220], "excluded_lines": []}, "StickyActiveElection.__init__": {"executed_lines": [], "summary": {"covered_lines": 0, "num_statements": 3, "percent_covered": 0.0, "percent_covered_display": "0", "missing_lines": 3, "excluded_lines": 0}, "missing_lines": [281, 282, 283], "excluded_lines": []}, "StickyActiveElection._validate_timing_configuration": {"executed_lines": [], "summary": {"covered_lines": 0, "num_statements": 4, "percent_covered": 0.0, "percent_covered_display": "0", "missing_lines": 4, "excluded_lines": 0}, "missing_lines": [287, 288, 289, 290], "excluded_lines": []}, "StickyActiveElection.is_leader": {"executed_lines": [], "summary": {"covered_lines": 0, "num_statements": 1, "percent_covered": 0.0, "percent_covered_display": "0", "missing_lines": 1, "excluded_lines": 0}, "missing_lines": [295], "excluded_lines": []}, "StickyActiveElection.is_electing": {"executed_lines": [], "summary": {"covered_lines": 0, "num_statements": 1, "percent_covered": 0.0, "percent_covered_display": "0", "missing_lines": 1, "excluded_lines": 0}, "missing_lines": [303], "excluded_lines": []}, "StickyActiveElection.leader_key": {"executed_lines": [], "summary": {"covered_lines": 0, "num_statements": 1, "percent_covered": 0.0, "percent_covered_display": "0", "missing_lines": 1, "excluded_lines": 0}, "missing_lines": [308], "excluded_lines": []}, "StickyActiveElection.start_election": {"executed_lines": [], "summary": {"covered_lines": 0, "num_statements": 11, "percent_covered": 0.0, "percent_covered_display": "0", "missing_lines": 11, "excluded_lines": 0}, "missing_lines": [318, 319, 321, 323, 324, 325, 326, 328, 329, 330, 331], "excluded_lines": []}, "StickyActiveElection.win_election": {"executed_lines": [], "summary": {"covered_lines": 0, "num_statements": 7, "percent_covered": 0.0, "percent_covered_display": "0", "missing_lines": 7, "excluded_lines": 0}, "missing_lines": [344, 345, 347, 348, 349, 350, 351], "excluded_lines": []}, "StickyActiveElection.lose_election": {"executed_lines": [], "summary": {"covered_lines": 0, "num_statements": 6, "percent_covered": 0.0, "percent_covered_display": "0", "missing_lines": 6, "excluded_lines": 0}, "missing_lines": [367, 368, 370, 371, 372, 373], "excluded_lines": []}, "StickyActiveElection.update_leader_heartbeat": {"executed_lines": [], "summary": {"covered_lines": 0, "num_statements": 4, "percent_covered": 0.0, "percent_covered_display": "0", "missing_lines": 4, "excluded_lines": 0}, "missing_lines": [388, 389, 391, 392], "excluded_lines": []}, "StickyActiveElection.observe_leader_heartbeat": {"executed_lines": [], "summary": {"covered_lines": 0, "num_statements": 4, "percent_covered": 0.0, "percent_covered_display": "0", "missing_lines": 4, "excluded_lines": 0}, "missing_lines": [401, 402, 404, 405], "excluded_lines": []}, "StickyActiveElection.detect_leader_failure": {"executed_lines": [], "summary": {"covered_lines": 0, "num_statements": 6, "percent_covered": 0.0, "percent_covered_display": "0", "missing_lines": 6, "excluded_lines": 0}, "missing_lines": [413, 414, 416, 417, 419, 420], "excluded_lines": []}, "StickyActiveElection.step_down": {"executed_lines": [], "summary": {"covered_lines": 0, "num_statements": 7, "percent_covered": 0.0, "percent_covered_display": "0", "missing_lines": 7, "excluded_lines": 0}, "missing_lines": [430, 431, 433, 434, 435, 436, 437], "excluded_lines": []}, "StickyActiveElection.handle_leader_expired": {"executed_lines": [], "summary": {"covered_lines": 0, "num_statements": 6, "percent_covered": 0.0, "percent_covered_display": "0", "missing_lines": 6, "excluded_lines": 0}, "missing_lines": [452, 453, 455, 456, 457, 459], "excluded_lines": []}, "StickyActiveElection.get_uncommitted_events": {"executed_lines": [], "summary": {"covered_lines": 0, "num_statements": 1, "percent_covered": 0.0, "percent_covered_display": "0", "missing_lines": 1, "excluded_lines": 0}, "missing_lines": [469], "excluded_lines": []}, "StickyActiveElection.mark_events_committed": {"executed_lines": [], "summary": {"covered_lines": 0, "num_statements": 1, "percent_covered": 0.0, "percent_covered_display": "0", "missing_lines": 1, "excluded_lines": 0}, "missing_lines": [473], "excluded_lines": []}, "StickyActiveElection._record_event": {"executed_lines": [],
[...]
ercent_covered": 100.0, "percent_covered_display": "100", "missing_lines": 0, "excluded_lines": 1}, "missing_lines": [], "excluded_lines": [202]}, "KVStorePort.status": {"executed_lines": [], "summary": {"covered_lines": 0, "num_statements": 0, "percent_covered": 100.0, "percent_covered_display": "100", "missing_lines": 0, "excluded_lines": 1}, "missing_lines": [], "excluded_lines": [212]}, "": {"executed_lines": [1, 3, 4, 5, 7, 10, 11, 17, 18, 27, 28, 32, 33, 42, 43, 54, 55, 71, 72, 87, 88, 100, 101, 112, 113, 124, 125, 139, 140, 152, 153, 170, 171, 183, 184, 192, 193, 205, 206], "summary": {"covered_lines": 37, "num_statements": 37, "percent_covered": 100.0, "percent_covered_display": "100", "missing_lines": 0, "excluded_lines": 19}, "missing_lines": [], "excluded_lines": [26, 31, 40, 41, 53, 70, 86, 98, 99, 111, 123, 138, 150, 151, 169, 182, 191, 203, 204]}}, "classes": {"KVStorePort": {"executed_lines": [], "summary": {"covered_lines": 0, "num_statements": 0, "percent_covered": 100.0, "percent_covered_display": "100", "missing_lines": 0, "excluded_lines": 16}, "missing_lines": [], "excluded_lines": [25, 30, 39, 52, 69, 85, 97, 110, 122, 137, 149, 168, 181, 190, 202, 212]}, "": {"executed_lines": [1, 3, 4, 5, 7, 10, 11, 17, 18, 27, 28, 32, 33, 42, 43, 54, 55, 71, 72, 87, 88, 100, 101, 112, 113, 124, 125, 139, 140, 152, 153, 170, 171, 183, 184, 192, 193, 205, 206], "summary": {"covered_lines": 37, "num_statements": 37, "percent_covered": 100.0, "percent_covered_display": "100", "missing_lines": 0, "excluded_lines": 19}, "missing_lines": [], "excluded_lines": [26, 31, 40, 41, 53, 70, 86, 98, 99, 111, 123, 138, 150, 151, 169, 182, 191, 203, 204]}}}, "aegis_sdk/ports/logger.py": {"executed_lines": [1, 3, 4, 7, 8, 14, 15, 19, 20, 24, 25, 29, 30, 34, 35], "summary": {"covered_lines": 13, "num_statements": 13, "percent_covered": 100.0, "percent_covered_display": "100", "missing_lines": 0, "excluded_lines": 10}, "missing_lines": [], "excluded_lines": [17, 18, 22, 23, 27, 28, 32, 33, 37, 38], "functions": {"LoggerPort.debug": {"executed_lines": [], "summary": {"covered_lines": 0, "num_statements": 0, "percent_covered": 100.0, "percent_covered_display": "100", "missing_lines": 0, "excluded_lines": 1}, "missing_lines": [], "excluded_lines": [17]}, "LoggerPort.info": {"executed_lines": [], "summary": {"covered_lines": 0, "num_statements": 0, "percent_covered": 100.0, "percent_covered_display": "100", "missing_lines": 0, "excluded_lines": 1}, "missing_lines": [], "excluded_lines": [22]}, "LoggerPort.warning": {"executed_lines": [], "summary": {"covered_lines": 0, "num_statements": 0, "percent_covered": 100.0, "percent_covered_display": "100", "missing_lines": 0, "excluded_lines": 1}, "missing_lines": [], "excluded_lines": [27]}, "LoggerPort.error": {"executed_lines": [], "summary": {"covered_lines": 0, "num_statements": 0, "percent_covered": 100.0, "percent_covered_display": "100", "missing_lines": 0, "excluded_lines": 1}, "missing_lines": [], "excluded_lines": [32]}, "LoggerPort.exception": {"executed_lines": [], "summary": {"covered_lines": 0, "num_statements": 0, "percent_covered": 100.0, "percent_covered_display": "100", "missing_lines": 0, "excluded_lines": 1}, "missing_lines": [], "excluded_lines": [37]}, "": {"executed_lines": [1, 3, 4, 7, 8, 14, 15, 19, 20, 24, 25, 29, 30, 34, 35], "summary": {"covered_lines": 13, "num_statements": 13, "percent_covered": 100.0, "percent_covered_display": "100", "missing_lines": 0, "excluded_lines": 4}, "missing_lines": [], "excluded_lines": [18, 23, 28, 33]}}, "classes": {"LoggerPort": {"executed_lines": [], "summary": {"covered_lines": 0, "num_statements": 0, "percent_covered": 100.0, "percent_covered_display": "100", "missing_lines": 0, "excluded_lines": 5}, "missing_lines": [], "excluded_lines": [17, 22, 27, 32, 37]}, "": {"executed_lines": [1, 3, 4, 7, 8, 14, 15, 19, 20, 24, 25, 29, 30, 34, 35], "summary": {"covered_lines": 13, "num_statements": 13, "percent_covered": 100.0, "percent_covered_display": "100", "missing_lines": 0, "excluded_lines": 4}, "missing_lines": [], "excluded_lines": [18, 23, 28, 33]}}}, "aegis_sdk/ports/message_bus.py": {"executed_lines": [1, 3, 4, 6, 7, 8, 11, 12, 14, 15, 19, 20, 24, 25, 30, 31, 35, 36, 41, 42, 59, 60, 65, 66, 72, 73, 78, 79, 83, 84, 88, 89], "summary": {"covered_lines": 30, "num_statements": 30, "percent_covered": 100.0, "percent_covered_display": "100", "missing_lines": 0, "excluded_lines": 28}, "missing_lines": [], "excluded_lines": [17, 18, 22, 23, 27, 28, 29, 33, 34, 38, 39, 40, 57, 58, 62, 63, 64, 70, 71, 75, 76, 77, 81, 82, 86, 87, 91, 92], "functions": {"MessageBusPort.connect": {"executed_lines": [], "summary": {"covered_lines": 0, "num_statements": 0, "percent_covered": 100.0, "percent_covered_display": "100", "missing_lines": 0, "excluded_lines": 1}, "missing_lines": [], "excluded_lines": [17]}, "MessageBusPort.disconnect": {"executed_lines": [], "summary": {"covered_lines": 0, "num_statements": 0, "percent_covered": 100.0, "percent_covered_display": "100", "missing_lines": 0, "excluded_lines": 1}, "missing_lines": [], "excluded_lines": [22]}, "MessageBusPort.is_connected": {"executed_lines": [], "summary": {"covered_lines": 0, "num_statements": 0, "percent_covered": 100.0, "percent_covered_display": "100", "missing_lines": 0, "excluded_lines": 1}, "missing_lines": [], "excluded_lines": [27]}, "MessageBusPort.register_rpc_handler": {"executed_lines": [], "summary": {"covered_lines": 0, "num_statements": 0, "percent_covered": 100.0, "percent_covered_display": "100", "missing_lines": 0, "excluded_lines": 1}, "missing_lines": [], "excluded_lines": [33]}, "MessageBusPort.call_rpc": {"executed_lines": [], "summary": {"covered_lines": 0, "num_statements": 0, "percent_covered": 100.0, "percent_covered_display": "100", "missing_lines": 0, "excluded_lines": 1}, "missing_lines": [], "excluded_lines": [38]}, "MessageBusPort.subscribe_event": {"executed_lines": [], "summary": {"covered_lines": 0, "num_statements": 0, "percent_covered": 100.0, "percent_covered_display": "100", "missing_lines": 0, "excluded_lines": 1}, "missing_lines": [], "excluded_lines": [57]}, "MessageBusPort.publish_event": {"executed_lines": [], "summary": {"covered_lines": 0, "num_statements": 0, "percent_covered": 100.0, "percent_covered_display": "100", "missing_lines": 0, "excluded_lines": 1}, "missing_lines": [], "excluded_lines": [62]}, "MessageBusPort.register_command_handler": {"executed_lines": [], "summary": {"covered_lines": 0, "num_statements": 0, "percent_covered": 100.0, "percent_covered_display": "100", "missing_lines": 0, "excluded_lines": 1}, "missing_lines": [], "excluded_lines": [70]}, "MessageBusPort.send_command": {"executed_lines": [], "summary": {"covered_lines": 0, "num_statements": 0, "percent_covered": 100.0, "percent_covered_display": "100", "missing_lines": 0, "excluded_lines": 1}, "missing_lines": [], "excluded_lines": [75]}, "MessageBusPort.register_service": {"executed_lines": [], "summary": {"covered_lines": 0, "num_statements": 0, "percent_covered": 100.0, "percent_covered_display": "100", "missing_lines": 0, "excluded_lines": 1}, "missing_lines": [], "excluded_lines": [81]}, "MessageBusPort.unregister_service": {"executed_lines": [], "summary": {"covered_lines": 0, "num_statements": 0, "percent_covered": 100.0, "percent_covered_display": "100", "missing_lines": 0, "excluded_lines": 1}, "missing_lines": [], "excluded_lines": [86]}, "MessageBusPort.send_heartbeat": {"executed_lines": [], "summary": {"covered_lines": 0, "num_statements": 0, "percent_covered": 100.0, "percent_covered_display": "100", "missing_lines": 0, "excluded_lines": 1}, "missing_lines": [], "excluded_lines": [91]}, "": {"executed_lines": [1, 3, 4, 6, 7, 8, 11, 12, 14, 15, 19, 20, 24, 25, 30, 31, 35, 36, 41, 42, 59, 60, 65, 66, 72, 73, 78, 79, 83, 84, 88, 89], "summary": {"covered_lines": 30, "num_statements": 30, "percent_covered": 100.0, "percent_covered_display": "100", "missing_lines": 0, "excluded_lines": 15}, "missing_lines": [], "excluded_lines": [18, 23, 28, 29, 34, 39, 40, 58, 63, 64, 71, 76, 77, 82, 87]}}, "classes": {"MessageBusPort": {"executed_lines": [], "summary": {"covered_lines": 0, "num_statements": 0, "percent_covered": 100.0, "percent_covered_display": "100", "missing_lines": 0, "excluded_lines": 12}, "missing_lines": [], "excluded_lines": [17, 22, 27, 33, 38, 57, 62, 70, 75, 81, 86, 91]}, "": {"executed_lines": [1, 3, 4, 6, 7, 8, 11, 12, 14, 15, 19, 20, 24, 25, 30, 31, 35, 36, 41, 42, 59, 60, 65, 66, 72, 73, 78, 79, 83, 84, 88, 89], "summary": {"covered_lines": 30, "num_statements": 30, "percent_covered": 100.0, "percent_covered_display": "100", "missing_lines": 0, "excluded_lines": 15}, "missing_lines": [], "excluded_lines": [18, 23, 28, 29, 34, 39, 40, 58, 63, 64, 71, 76, 77, 82, 87]}}}, "aegis_sdk/ports/metrics.py": {"executed_lines": [1, 8, 9, 10, 13, 14, 20, 21, 30, 31, 40, 41, 50, 51, 62, 63, 71, 72], "summary": {"covered_lines": 16, "num_statements": 16, "percent_covered": 100.0, "percent_covered_display": "100", "missing_lines": 0, "excluded_lines": 12}, "missing_lines": [], "excluded_lines": [28, 29, 38, 39, 48, 49, 60, 61, 69, 70, 74, 75], "functions": {"MetricsPort.increment": {"executed_lines": [], "summary": {"covered_lines": 0, "num_statements": 0, "percent_covered": 100.0, "percent_covered_display": "100", "missing_lines": 0, "excluded_lines": 1}, "missing_lines": [], "excluded_lines": [28]}, "MetricsPort.gauge": {"executed_lines": [], "summary": {"covered_lines": 0, "num_statements": 0, "percent_covered": 100.0, "percent_covered_display": "100", "missing_lines": 0, "excluded_lines": 1}, "missing_lines": [], "excluded_lines": [38]}, "MetricsPort.record": {"executed_lines": [], "summary": {"covered_lines": 0, "num_statements": 0, "percent_covered": 100.0, "percent_covered_display": "100", "missing_lines": 0, "excluded_lines": 1}, "missing_lines": [], "excluded_lines": [48]}, "MetricsPort.timer": {"executed_lines": [], "summary": {"covered_lines": 0, "num_statements": 0, "percent_covered": 100.0, "percent_covered_display": "100", "missing_lines": 0, "excluded_lines": 1}, "missing_lines": [], "excluded_lines": [60]}, "MetricsPort.get_all": {"executed_lines": [], "summary": {"covered_lines": 0, "num_statements": 0, "percent_covered": 100.0, "percent_covered_display": "100", "missing_lines": 0, "excluded_lines": 1}, "missing_lines": [], "excluded_lines": [69]}, "MetricsPort.reset": {"executed_lines": [], "summary": {"covered_lines": 0, "num_statements": 0, "percent_covered": 100.0, "percent_covered_display": "100", "missing_lines": 0, "excluded_lines": 1}, "missing_lines": [], "excluded_lines": [74]}, "": {"executed_lines": [1, 8, 9, 10, 13, 14, 20, 21, 30, 31, 40, 41, 50, 51, 62, 63, 71, 72], "summary": {"covered_lines": 16, "num_statements": 16, "percent_covered": 100.0, "percent_covered_display": "100", "missing_lines": 0, "excluded_lines": 5}, "missing_lines": [], "excluded_lines": [29, 39, 49, 61, 70]}}, "classes": {"MetricsPort": {"executed_lines": [], "summary": {"covered_lines": 0, "num_statements": 0, "percent_covered": 100.0, "percent_covered_display": "100", "missing_lines": 0, "excluded_lines": 6}, "missing_lines": [], "excluded_lines": [28, 38, 48, 60, 69, 74]}, "": {"executed_lines": [1, 8, 9, 10, 13, 14, 20, 21, 30, 31, 40, 41, 50, 51, 62, 63, 71, 72], "summary": {"covered_lines": 16, "num_statements": 16, "percent_covered": 100.0, "percent_covered_display": "100", "missing_lines": 0, "excluded_lines": 5}, "missing_lines": [], "excluded_lines": [29, 39, 49, 61, 70]}}}, "aegis_sdk/ports/repository.py": {"executed_lines": [1, 6, 7, 9, 10, 13, 14, 19, 20, 24, 25, 31, 32, 36, 37], "summary": {"covered_lines": 13, "num_statements": 13, "percent_covered": 100.0, "percent_covered_display": "100", "missing_lines": 0, "excluded_lines": 8}, "missing_lines": [], "excluded_lines": [22, 23, 29, 30, 34, 35, 39, 40], "functions": {"ServiceRepository.save": {"executed_lines": [], "summary": {"covered_lines": 0, "num_statements": 0, "percent_covered": 100.0, "percent_covered_display": "100", "missing_lines": 0, "excluded_lines": 1}, "missing_lines": [], "excluded_lines": [22]}, "ServiceRepository.get": {"executed_lines": [], "summary": {"covered_lines": 0, "num_statements": 0, "percent_covered": 100.0, "percent_covered_display": "100", "missing_lines": 0, "excluded_lines": 1}, "missing_lines": [], "excluded_lines": [29]}, "ServiceRepository.list_by_service": {"executed_lines": [], "summary": {"covered_lines": 0, "num_statements": 0, "percent_covered": 100.0, "percent_covered_display": "100", "missing_lines": 0, "excluded_lines": 1}, "missing_lines": [], "excluded_lines": [34]}, "ServiceRepository.delete": {"executed_lines": [], "summary": {"covered_lines": 0, "num_statements": 0, "percent_covered": 100.0, "percent_covered_display": "100", "missing_lines": 0, "excluded_lines": 1}, "missing_lines": [], "excluded_lines": [39]}, "": {"executed_lines": [1, 6, 7, 9, 10, 13, 14, 19, 20, 24, 25, 31, 32, 36, 37], "summary": {"covered_lines": 13, "num_statements": 13, "percent_covered": 100.0, "percent_covered_display": "100", "missing_lines": 0, "excluded_lines": 3}, "missing_lines": [], "excluded_lines": [23, 30, 35]}}, "classes": {"ServiceRepository": {"executed_lines": [], "summary": {"covered_lines": 0, "num_statements": 0, "percent_covered": 100.0, "percent_covered_display": "100", "missing_lines": 0, "excluded_lines": 4}, "missing_lines": [], "excluded_lines": [22, 29, 34, 39]}, "": {"executed_lines": [1, 6, 7, 9, 10, 13, 14, 19, 20, 24, 25, 31, 32, 36, 37], "summary": {"covered_lines": 13, "num_statements": 13, "percent_covered": 100.0, "percent_covered_display": "100", "missing_lines": 0, "excluded_lines": 3}, "missing_lines": [], "excluded_lines": [23, 30, 35]}}}, "aegis_sdk/ports/service_discovery.py": {"executed_lines": [1, 3, 5, 6, 7, 9, 12, 13, 15, 16, 17, 20, 21, 23, 42, 43, 49, 50, 67, 68, 89, 90, 104, 105], "summary": {"covered_lines": 20, "num_statements": 20, "percent_covered": 100.0, "percent_covered_display": "100", "missing_lines": 0, "excluded_lines": 11}, "missing_lines": [], "excluded_lines": [39, 40, 41, 65, 66, 87, 88, 102, 103, 111, 112], "functions": {"InstanceSelector.select": {"executed_lines": [], "summary": {"covered_lines": 0, "num_statements": 0, "percent_covered": 100.0, "percent_covered_display": "100", "missing_lines": 0, "excluded_lines": 1}, "missing_lines": [], "excluded_lines": [39]}, "ServiceDiscoveryPort.discover_instances": {"executed_lines": [], "summary": {"covered_lines": 0, "num_statements": 0, "percent_covered": 100.0, "percent_covered_display": "100", "missing_lines": 0, "excluded_lines": 1}, "missing_lines": [], "excluded_lines": [65]}, "ServiceDiscoveryPort.select_instance": {"executed_lines": [], "summary": {"covered_lines": 0, "num_statements": 0, "percent_covered": 100.0, "percent_covered_display": "100", "missing_lines": 0, "excluded_lines": 1}, "missing_lines": [], "excluded_lines": [87]}, "ServiceDiscoveryPort.get_selector": {"executed_lines": [], "summary": {"covered_lines": 0, "num_statements": 0, "percent_covered": 100.0, "percent_covered_display": "100", "missing_lines": 0, "excluded_lines": 1}, "missing_lines": [], "excluded_lines": [102]}, "ServiceDiscoveryPort.invalidate_cache": {"executed_lines": [], "summary": {"covered_lines": 0, "num_statements": 0, "percent_covered": 100.0, "percent_covered_display": "100", "missing_lines": 0, "excluded_lines": 1}, "missing_lines": [], "excluded_lines": [111]}, "": {"executed_lines": [1, 3, 5, 6, 7, 9, 12, 13, 15, 16, 17, 20, 21, 23, 42, 43, 49, 50, 67, 68, 89, 90, 104, 105], "summary": {"covered_lines": 20, "num_statements": 20, "percent_covered": 100.0, "percent_covered_display": "100", "missing_lines": 0, "excluded_lines": 5}, "missing_lines": [], "excluded_lines": [40, 41, 66, 88, 103]}}, "classes": {"SelectionStrategy": {"executed_lines": [], "summary": {"covered_lines": 0, "num_statements": 0, "percent_covered": 100.0, "percent_covered_display": "100", "missing_lines": 0, "excluded_lines": 0}, "missing_lines": [], "excluded_lines": []}, "InstanceSelector": {"executed_lines": [], "summary": {"covered_lines": 0, "num_statements": 0, "percent_covered": 100.0, "percent_covered_display": "100", "missing_lines": 0, "excluded_lines": 1}, "missing_lines": [], "excluded_lines": [39]}, "ServiceDiscoveryPort": {"executed_lines": [], "summary": {"covered_lines": 0, "num_statements": 0, "percent_covered": 100.0, "percent_covered_display": "100", "missing_lines": 0, "excluded_lines": 4}, "missing_lines": [], "excluded_lines": [65, 87, 102, 111]}, "": {"executed_lines": [1, 3, 5, 6, 7, 9, 12, 13, 15, 16, 17, 20, 21, 23, 42, 43, 49, 50, 67, 68, 89, 90, 104, 105], "summary": {"covered_lines": 20, "num_statements": 20, "percent_covered": 100.0, "percent_covered_display": "100", "missing_lines": 0, "excluded_lines": 5}, "missing_lines": [], "excluded_lines": [40, 41, 66, 88, 103]}}}, "aegis_sdk/ports/service_registry.py": {"executed_lines": [1, 3, 5, 7, 10, 11, 17, 18, 30, 31, 44, 45, 57, 58, 70, 71, 82, 83], "summary": {"covered_lines": 16, "num_statements": 16, "percent_covered": 100.0, "percent_covered_display": "100", "missing_lines": 0, "excluded_lines": 12}, "missing_lines": [], "excluded_lines": [28, 29, 42, 43, 55, 56, 68, 69, 80, 81, 89, 90], "functions": {"ServiceRegistryPort.register": {"executed_lines": [], "summary": {"covered_lines": 0, "num_statements": 0, "percent_covered": 100.0, "percent_covered_display": "100", "missing_lines": 0, "excluded_lines": 1}, "missing_lines": [], "excluded_lines": [28]}, "ServiceRegistryPort.update_heartbeat": {"executed_lines": [], "summary": {"covered_lines": 0, "num_statements": 0, "percent_covered": 100.0, "percent_covered_display": "100", "missing_lines": 0, "excluded_lines": 1}, "missing_lines": [], "excluded_lines": [42]}, "ServiceRegistryPort.deregister": {"executed_lines": [], "summary": {"covered_lines": 0, "num_statements": 0, "percent_covered": 100.0, "percent_covered_display": "100", "missing_lines": 0, "excluded_lines": 1}, "missing_lines": [], "excluded_lines": [55]}, "ServiceRegistryPort.get_instance": {"executed_lines": [], "summary": {"covered_lines": 0, "num_statements": 0, "percent_covered": 100.0, "percent_covered_display": "100", "missing_lines": 0, "excluded_lines": 1}, "missing_lines": [], "excluded_lines": [68]}, "ServiceRegistryPort.list_instances": {"executed_lines": [], "summary": {"covered_lines": 0, "num_statements": 0, "percent_covered": 100.0, "percent_covered_display": "100", "missing_lines": 0, "excluded_lines": 1}, "missing_lines": [], "excluded_lines": [80]}, "ServiceRegistryPort.list_all_services": {"executed_lines": [], "summary": {"covered_lines": 0, "num_statements": 0, "percent_covered": 100.0, "percent_covered_display": "100", "missing_lines": 0, "excluded_lines": 1}, "missing_lines": [], "excluded_lines": [89]}, "": {"executed_lines": [1, 3, 5, 7, 10, 11, 17, 18, 30, 31, 44, 45, 57, 58, 70, 71, 82, 83], "summary": {"covered_lines": 16, "num_statements": 16, "percent_covered": 100.0, "percent_covered_display": "100", "missing_lines": 0, "excluded_lines": 5}, "missing_lines": [], "excluded_lines": [29, 43, 56, 69, 81]}}, "classes": {"ServiceRegistryPort": {"executed_lines": [], "summary": {"covered_lines": 0, "num_statements": 0, "percent_covered": 100.0, "percent_covered_display": "100", "missing_lines": 0, "excluded_lines": 6}, "missing_lines": [], "excluded_lines": [28, 42, 55, 68, 80, 89]}, "": {"executed_lines": [1, 3, 5, 7, 10, 11, 17, 18, 30, 31, 44, 45, 57, 58, 70, 71, 82, 83], "summary": {"covered_lines": 16, "num_statements": 16, "percent_covered": 100.0, "percent_covered_display": "100", "missing_lines": 0, "excluded_lines": 5}, "missing_lines": [], "excluded_lines": [29, 43, 56, 69, 81]}}}}, "totals": {"covered_lines": 1678, "num_statements": 4669, "percent_covered": 35.9391732705076, "percent_covered_display": "36", "missing_lines": 2991, "excluded_lines": 204}}