{"meta": {"format": 3, "version": "7.10.1", "timestamp": "2025-08-07T15:19:25.773742", "branch_coverage": true, "show_contexts": false}, "files": {"aegis_sdk/__init__.py": {"executed_lines": [1, 3, 4, 6, 7], "summary": {"covered_lines": 4, "num_statements": 4, "percent_covered": 100.0, "percent_covered_display": "100", "missing_lines": 0, "excluded_lines": 0, "num_branches": 0, "num_partial_branches": 0, "covered_branches": 0, "missing_branches": 0}, "missing_lines": [], "excluded_lines": [], "executed_branches": [], "missing_branches": [], "functions": {"": {"executed_lines": [1, 3, 4, 6, 7], "summary": {"covered_lines": 4, "num_statements": 4, "percent_covered": 100.0, "percent_covered_display": "100", "missing_lines": 0, "excluded_lines": 0, "num_branches": 0, "num_partial_branches": 0, "covered_branches": 0, "missing_branches": 0}, "missing_lines": [], "excluded_lines": [], "executed_branches": [], "missing_branches": []}}, "classes": {"": {"executed_lines": [1, 3, 4, 6, 7], "summary": {"covered_lines": 4, "num_statements": 4, "percent_covered": 100.0, "percent_covered_display": "100", "missing_lines": 0, "excluded_lines": 0, "num_branches": 0, "num_partial_branches": 0, "covered_branches": 0, "missing_branches": 0}, "missing_lines": [], "excluded_lines": [], "executed_branches": [], "missing_branches": []}}}, "aegis_sdk/application/__init__.py": {"executed_lines": [1, 3, 4, 6], "summary": {"covered_lines": 3, "num_statements": 3, "percent_covered": 100.0, "percent_covered_display": "100", "missing_lines": 0, "excluded_lines": 0, "num_branches": 0, "num_partial_branches": 0, "covered_branches": 0, "missing_branches": 0}, "missing_lines": [], "excluded_lines": [], "executed_branches": [], "missing_branches": [], "functions": {"": {"executed_lines": [1, 3, 4, 6], "summary": {"covered_lines": 3, "num_statements": 3, "percent_covered": 100.0, "percent_covered_display": "100", "missing_lines": 0, "excluded_lines": 0, "num_branches": 0, "num_partial_branches": 0, "covered_branches": 0, "missing_branches": 0}, "missing_lines": [], "excluded_lines": [], "executed_branches": [], "missing_branches": []}}, "classes": {"": {"executed_lines": [1, 3, 4, 6], "summary": {"covered_lines": 3, "num_statements": 3, "percent_covered": 100.0, "percent_covered_display": "100", "missing_lines": 0, "excluded_lines": 0, "num_branches": 0, "num_partial_branches": 0, "covered_branches": 0, "missing_branches": 0}, "missing_lines": [], "excluded_lines": [], "executed_branches": [], "missing_branches": []}}}, "aegis_sdk/application/dependency_provider.py": {"executed_lines": [1, 7, 9, 11, 20, 21, 28, 29, 30, 31, 33, 34, 52, 53, 54, 55, 56, 57, 58, 59, 61, 62, 71, 72, 76, 78, 79, 88, 89, 93, 95, 96, 105, 106, 110, 112, 113, 122, 123, 127, 129, 130, 135, 136, 137, 138], "summary": {"covered_lines": 43, "num_statements": 43, "percent_covered": 100.0, "percent_covered_display": "100", "missing_lines": 0, "excluded_lines": 3, "num_branches": 16, "num_partial_branches": 0, "covered_branches": 16, "missing_branches": 0}, "missing_lines": [], "excluded_lines": [11, 12, 17], "executed_branches": [[52, 53], [52, 54], [54, 55], [54, 56], [56, 57], [56, 58], [58, -33], [58, 59], [71, 72], [71, 76], [88, 89], [88, 93], [105, 106], [105, 110], [122, 123], [122, 127]], "missing_branches": [], "functions": {"DependencyProvider.register_defaults": {"executed_lines": [52, 53, 54, 55, 56, 57, 58, 59], "summary": {"covered_lines": 8, "num_statements": 8, "percent_covered": 100.0, "percent_covered_display": "100", "missing_lines": 0, "excluded_lines": 0, "num_branches": 8, "num_partial_branches": 0, "covered_branches": 8, "missing_branches": 0}, "missing_lines": [], "excluded_lines": [], "executed_branches": [[52, 53], [52, 54], [54, 55], [54, 56], [56, 57], [56, 58], [58, -33], [58, 59]], "missing_branches": []}, "DependencyProvider.get_default_election_factory": {"executed_lines": [71, 72, 76], "summary": {"covered_lines": 3, "num_statements": 3, "percent_covered": 100.0, "percent_covered_display": "100", "missing_lines": 0, "excluded_lines": 0, "num_branches": 2, "num_partial_branches": 0, "covered_branches": 2, "missing_branches": 0}, "missing_lines": [], "excluded_lines": [], "executed_branches": [[71, 72], [71, 76]], "missing_branches": []}, "DependencyProvider.get_default_use_case_factory": {"executed_lines": [88, 89, 93], "summary": {"covered_lines": 3, "num_statements": 3, "percent_covered": 100.0, "percent_covered_display": "100", "missing_lines": 0, "excluded_lines": 0, "num_branches": 2, "num_partial_branches": 0, "covered_branches": 2, "missing_branches": 0}, "missing_lines": [], "excluded_lines": [], "executed_branches": [[88, 89], [88, 93]], "missing_branches": []}, "DependencyProvider.get_default_kv_store_factory": {"executed_lines": [105, 106, 110], "summary": {"covered_lines": 3, "num_statements": 3, "percent_covered": 100.0, "percent_covered_display": "100", "missing_lines": 0, "excluded_lines": 0, "num_branches": 2, "num_partial_branches": 0, "covered_branches": 2, "missing_branches": 0}, "missing_lines": [], "excluded_lines": [], "executed_branches": [[105, 106], [105, 110]], "missing_branches": []}, "DependencyProvider.get_default_metrics": {"executed_lines": [122, 123, 127], "summary": {"covered_lines": 3, "num_statements": 3, "percent_covered": 100.0, "percent_covered_display": "100", "missing_lines": 0, "excluded_lines": 0, "num_branches": 2, "num_partial_branches": 0, "covered_branches": 2, "missing_branches": 0}, "missing_lines": [], "excluded_lines": [], "executed_branches": [[122, 123], [122, 127]], "missing_branches": []}, "DependencyProvider.reset": {"executed_lines": [135, 136, 137, 138], "summary": {"covered_lines": 4, "num_statements": 4, "percent_covered": 100.0, "percent_covered_display": "100", "missing_lines": 0, "excluded_lines": 0, "num_branches": 0, "num_partial_branches": 0, "covered_branches": 0, "missing_branches": 0}, "missing_lines": [], "excluded_lines": [], "executed_branches": [], "missing_branches": []}, "": {"executed_lines": [1, 7, 9, 11, 20, 21, 28, 29, 30, 31, 33, 34, 61, 62, 78, 79, 95, 96, 112, 113, 129, 130], "summary": {"covered_lines": 19, "num_statements": 19, "percent_covered": 100.0, "percent_covered_display": "100", "missing_lines": 0, "excluded_lines": 3, "num_branches": 0, "num_partial_branches": 0, "covered_branches": 0, "missing_branches": 0}, "missing_lines": [], "excluded_lines": [11, 12, 17], "executed_branches": [], "missing_branches": []}}, "classes": {"DependencyProvider": {"executed_lines": [52, 53, 54, 55, 56, 57, 58, 59, 71, 72, 76, 88, 89, 93, 105, 106, 110, 122, 123, 127, 135, 136, 137, 138], "summary": {"covered_lines": 24, "num_statements": 24, "percent_covered": 100.0, "percent_covered_display": "100", "missing_lines": 0, "excluded_lines": 0, "num_branches": 16, "num_partial_branches": 0, "covered_branches": 16, "missing_branches": 0}, "missing_lines": [], "excluded_lines": [], "executed_branches": [[52, 53], [52, 54], [54, 55], [54, 56], [56, 57], [56, 58], [58, -33], [58, 59], [71, 72], [71, 76], [88, 89], [88, 93], [105, 106], [105, 110], [122, 123], [122, 127]], "missing_branches": []}, "": {"executed_lines": [1, 7, 9, 11, 20, 21, 28, 29, 30, 31, 33, 34, 61, 62, 78, 79, 95, 96, 112, 113, 129, 130], "summary": {"covered_lines": 19, "num_statements": 19, "percent_covered": 100.0, "percent_covered_display": "100", "missing_lines": 0, "excluded_lines": 3, "num_branches": 0, "num_partial_branches": 0, "covered_branches": 0, "missing_branches": 0}, "missing_lines": [], "excluded_lines": [11, 12, 17], "executed_branches": [], "missing_branches": []}}}, "aegis_sdk/application/failover_monitoring_use_case.py": {"executed_lines": [1, 7, 9, 10, 11, 12, 14, 15, 16, 17, 22, 23, 24, 25, 26, 27, 28, 31, 32, 41, 62, 63, 64, 65, 66, 67, 68, 71, 72, 73, 75, 88, 91, 92, 95, 96, 99, 109, 120, 121, 124, 129, 130, 133, 136, 140, 149, 151, 164, 167, 168, 169, 170, 173, 174, 175, 176, 177, 180, 181, 182, 183, 184, 185, 186, 187, 189, 197, 199, 206, 209, 211, 212, 213, 214, 216, 218, 234, 237, 238, 239, 242, 245, 247, 249, 265, 267, 269, 277, 279, 280, 294, 302, 305, 310, 311, 314, 322, 336, 339, 340, 342, 349, 357, 360, 365, 366, 369, 378, 392, 395, 396, 398, 405, 418, 419, 421, 422, 423, 424, 426, 432, 437, 438, 444, 450, 452, 453, 454, 455, 457, 458, 460, 471, 473, 489, 491, 492, 493, 499, 501, 508], "summary": {"covered_lines": 140, "num_statements": 141, "percent_covered": 97.14285714285714, "percent_covered_display": "97", "missing_lines": 1, "excluded_lines": 0, "num_branches": 34, "num_partial_branches": 4, "covered_branches": 30, "missing_branches": 4}, "missing_lines": [287], "excluded_lines": [], "executed_branches": [[91, 92], [91, 95], [167, 168], [167, 173], [173, 174], [173, 180], [175, 176], [175, 177], [180, 181], [180, 189], [209, 211], [209, 216], [212, 213], [238, 239], [238, 242], [242, 245], [242, 247], [267, -249], [267, 269], [279, 280], [310, 311], [310, 314], [365, 366], [421, 422], [421, 432], [452, 453], [452, 471], [454, 455], [492, 493], [492, 501]], "missing_branches": [[212, 209], [279, 287], [365, 369], [454, 452]], "functions": {"FailoverMonitoringUseCase.__init__": {"executed_lines": [62, 63, 64, 65, 66, 67, 68, 71, 72, 73], "summary": {"covered_lines": 10, "num_statements": 10, "percent_covered": 100.0, "percent_covered_display": "100", "missing_lines": 0, "excluded_lines": 0, "num_branches": 0, "num_partial_branches": 0, "covered_branches": 0, "missing_branches": 0}, "missing_lines": [], "excluded_lines": [], "executed_branches": [], "missing_branches": []}, "FailoverMonitoringUseCase.start_monitoring": {"executed_lines": [88, 91, 92, 95, 96, 99, 109, 120, 121, 124, 129, 130, 133, 136, 140, 149], "summary": {"covered_lines": 16, "num_statements": 16, "percent_covered": 100.0, "percent_covered_display": "100", "missing_lines": 0, "excluded_lines": 0, "num_branches": 2, "num_partial_branches": 0, "covered_branches": 2, "missing_branches": 0}, "missing_lines": [], "excluded_lines": [], "executed_branches": [[91, 92], [91, 95]], "missing_branches": []}, "FailoverMonitoringUseCase.stop_monitoring": {"executed_lines": [164, 167, 168, 169, 170, 173, 174, 175, 176, 177, 180, 181, 182, 183, 184, 185, 186, 187, 189, 197], "summary": {"covered_lines": 20, "num_statements": 20, "percent_covered": 100.0, "percent_covered_display": "100", "missing_lines": 0, "excluded_lines": 0, "num_branches": 8, "num_partial_branches": 0, "covered_branches": 8, "missing_branches": 0}, "missing_lines": [], "excluded_lines": [], "executed_branches": [[167, 168], [167, 173], [173, 174], [173, 180], [175, 176], [175, 177], [180, 181], [180, 189]], "missing_branches": []}, "FailoverMonitoringUseCase.stop_all_monitoring": {"executed_lines": [206, 209, 211, 212, 213, 214, 216], "summary": {"covered_lines": 7, "num_statements": 7, "percent_covered": 90.9090909090909, "percent_covered_display": "91", "missing_lines": 0, "excluded_lines": 0, "num_branches": 4, "num_partial_branches": 1, "covered_branches": 3, "missing_branches": 1}, "missing_lines": [], "excluded_lines": [], "executed_branches": [[209, 211], [209, 216], [212, 213]], "missing_branches": [[212, 209]]}, "FailoverMonitoringUseCase.get_status": {"executed_lines": [234, 237, 238, 239, 242, 245, 247], "summary": {"covered_lines": 7, "num_statements": 7, "percent_covered": 100.0, "percent_covered_display": "100", "missing_lines": 0, "excluded_lines": 0, "num_branches": 4, "num_partial_branches": 0, "covered_branches": 4, "missing_branches": 0}, "missing_lines": [], "excluded_lines": [], "executed_branches": [[238, 239], [238, 242], [242, 245], [242, 247]], "missing_branches": []}, "FailoverMonitoringUseCase._check_initial_election": {"executed_lines": [265, 267, 269, 277, 279, 280], "summary": {"covered_lines": 6, "num_statements": 7, "percent_covered": 81.81818181818181, "percent_covered_display": "82", "missing_lines": 1, "excluded_lines": 0, "num_branches": 4, "num_partial_branches": 1, "covered_branches": 3, "missing_branches": 1}, "missing_lines": [287], "excluded_lines": [], "executed_branches": [[267, -249], [267, 269], [279, 280]], "missing_branches": [[279, 287]]}, "FailoverMonitoringUseCase._on_elected": {"executed_lines": [302, 305, 310, 311, 314, 322, 336, 339, 340, 342], "summary": {"covered_lines": 10, "num_statements": 10, "percent_covered": 100.0, "percent_covered_display": "100", "missing_lines": 0, "excluded_lines": 0, "num_branches": 2, "num_partial_branches": 0, "covered_branches": 2, "missing_branches": 0}, "missing_lines": [], "excluded_lines": [], "executed_branches": [[310, 311], [310, 314]], "missing_branches": []}, "FailoverMonitoringUseCase._on_lost": {"executed_lines": [357, 360, 365, 366, 369, 378, 392, 395, 396, 398], "summary": {"covered_lines": 10, "num_statements": 10, "percent_covered": 91.66666666666667, "percent_covered_display": "92", "missing_lines": 0, "excluded_lines": 0, "num_branches": 2, "num_partial_branches": 1, "covered_branches": 1, "missing_branches": 1}, "missing_lines": [], "excluded_lines": [], "executed_branches": [[365, 366]], "missing_branches": [[365, 369]]}, "FailoverMonitoringUseCase._update_instance_status": {"executed_lines": [418, 419, 421, 422, 423, 424, 426, 432, 437, 438], "summary": {"covered_lines": 10, "num_statements": 10, "percent_covered": 100.0, "percent_covered_display": "100", "missing_lines": 0, "excluded_lines": 0, "num_branches": 2, "num_partial_branches": 0, "covered_branches": 2, "missing_branches": 0}, "missing_lines": [], "excluded_lines": [], "executed_branches": [[421, 422], [421, 432]], "missing_branches": []}, "FailoverMonitoringUseCase.get_monitoring_status": {"executed_lines": [450, 452, 453, 454, 455, 457, 458, 460, 471], "summary": {"covered_lines": 9, "num_statements": 9, "percent_covered": 92.3076923076923, "percent_covered_display": "92", "missing_lines": 0, "excluded_lines": 0, "num_branches": 4, "num_partial_branches": 1, "covered_branches": 3, "missing_branches": 1}, "missing_lines": [], "excluded_lines": [], "executed_branches": [[452, 453], [452, 471], [454, 455]], "missing_branches": [[454, 452]]}, "FailoverMonitoringUseCase.trigger_manual_election": {"executed_lines": [489, 491, 492, 493, 499, 501, 508], "summary": {"covered_lines": 7, "num_statements": 7, "percent_covered": 100.0, "percent_covered_display": "100", "missing_lines": 0, "excluded_lines": 0, "num_branches": 2, "num_partial_branches": 0, "covered_branches": 2, "missing_branches": 0}, "missing_lines": [], "excluded_lines": [], "executed_branches": [[492, 493], [492, 501]], "missing_branches": []}, "": {"executed_lines": [1, 7, 9, 10, 11, 12, 14, 15, 16, 17, 22, 23, 24, 25, 26, 27, 28, 31, 32, 41, 75, 151, 199, 218, 249, 294, 349, 405, 444, 473], "summary": {"covered_lines": 28, "num_statements": 28, "percent_covered": 100.0, "percent_covered_display": "100", "missing_lines": 0, "excluded_lines": 0, "num_branches": 0, "num_partial_branches": 0, "covered_branches": 0, "missing_branches": 0}, "missing_lines": [], "excluded_lines": [], "executed_branches": [], "missing_branches": []}}, "classes": {"FailoverMonitoringUseCase": {"executed_lines": [62, 63, 64, 65, 66, 67, 68, 71, 72, 73, 88, 91, 92, 95, 96, 99, 109, 120, 121, 124, 129, 130, 133, 136, 140, 149, 164, 167, 168, 169, 170, 173, 174, 175, 176, 177, 180, 181, 182, 183, 184, 185, 186, 187, 189, 197, 206, 209, 211, 212, 213, 214, 216, 234, 237, 238, 239, 242, 245, 247, 265, 267, 269, 277, 279, 280, 302, 305, 310, 311, 314, 322, 336, 339, 340, 342, 357, 360, 365, 366, 369, 378, 392, 395, 396, 398, 418, 419, 421, 422, 423, 424, 426, 432, 437, 438, 450, 452, 453, 454, 455, 457, 458, 460, 471, 489, 491, 492, 493, 499, 501, 508], "summary": {"covered_lines": 112, "num_statements": 113, "percent_covered": 96.59863945578232, "percent_covered_display": "97", "missing_lines": 1, "excluded_lines": 0, "num_branches": 34, "num_partial_branches": 4, "covered_branches": 30, "missing_branches": 4}, "missing_lines": [287], "excluded_lines": [], "executed_branches": [[91, 92], [91, 95], [167, 168], [167, 173], [173, 174], [173, 180], [175, 176], [175, 177], [180, 181], [180, 189], [209, 211], [209, 216], [212, 213], [238, 239], [238, 242], [242, 245], [242, 247], [267, -249], [267, 269], [279, 280], [310, 311], [310, 314], [365, 366], [421, 422], [421, 432], [452, 453], [452, 471], [454, 455], [492, 493], [492, 501]], "missing_branches": [[212, 209], [279, 287], [365, 369], [454, 452]]}, "": {"executed_lines": [1, 7, 9, 10, 11, 12, 14, 15, 16, 17, 22, 23, 24, 25, 26, 27, 28, 31, 32, 41, 75, 151, 199, 218, 249, 294, 349, 405, 444, 473], "summary": {"covered_lines": 28, "num_statements": 28, "percent_covered": 100.0, "percent_covered_display": "100", "missing_lines": 0, "excluded_lines": 0, "num_branches": 0, "num_partial_branches": 0, "covered_branches": 0, "missing_branches": 0}, "missing_lines": [], "excluded_lines": [], "executed_branches": [], "missing_branches": []}}}, "aegis_sdk/application/metrics.py": {"executed_lines": [1, 3, 4, 5, 7, 10, 11, 13, 15, 16, 17, 18, 19, 21, 23, 24, 25, 26, 27, 29, 30, 32, 34, 36, 37, 38, 39, 40, 42, 44, 55, 56, 58, 60, 61, 62, 63, 65, 67, 69, 71, 73, 75, 77, 80, 81, 82, 83, 84, 86, 87, 88, 90, 91, 92, 94, 96, 98, 99, 100, 102, 104, 106, 113, 115, 116, 117, 121, 124, 126], "summary": {"covered_lines": 67, "num_statements": 67, "percent_covered": 100.0, "percent_covered_display": "100", "missing_lines": 0, "excluded_lines": 0, "num_branches": 2, "num_partial_branches": 0, "covered_branches": 2, "missing_branches": 0}, "missing_lines": [], "excluded_lines": [], "executed_branches": [[36, 37], [36, 38]], "missing_branches": [], "functions": {"MetricsSummary.__init__": {"executed_lines": [15, 16, 17, 18, 19], "summary": {"covered_lines": 5, "num_statements": 5, "percent_covered": 100.0, "percent_covered_display": "100", "missing_lines": 0, "excluded_lines": 0, "num_branches": 0, "num_partial_branches": 0, "covered_branches": 0, "missing_branches": 0}, "missing_lines": [], "excluded_lines": [], "executed_branches": [], "missing_branches": []}, "MetricsSummary.add": {"executed_lines": [23, 24, 25, 26, 27], "summary": {"covered_lines": 5, "num_statements": 5, "percent_covered": 100.0, "percent_covered_display": "100", "missing_lines": 0, "excluded_lines": 0, "num_branches": 0, "num_partial_branches": 0, "covered_branches": 0, "missing_branches": 0}, "missing_lines": [], "excluded_lines": [], "executed_branches": [], "missing_branches": []}, "MetricsSummary.average": {"executed_lines": [32], "summary": {"covered_lines": 1, "num_statements": 1, "percent_covered": 100.0, "percent_covered_display": "100", "missing_lines": 0, "excluded_lines": 0, "num_branches": 0, "num_partial_branches": 0, "covered_branches": 0, "missing_branches": 0}, "missing_lines": [], "excluded_lines": [], "executed_branches": [], "missing_branches": []}, "MetricsSummary.percentile": {"executed_lines": [36, 37, 38, 39, 40], "summary": {"covered_lines": 5, "num_statements": 5, "percent_covered": 100.0, "percent_covered_display": "100", "missing_lines": 0, "excluded_lines": 0, "num_branches": 2, "num_partial_branches": 0, "covered_branches": 2, "missing_branches": 0}, "missing_lines": [], "excluded_lines": [], "executed_branches": [[36, 37], [36, 38]], "missing_branches": []}, "MetricsSummary.to_pydantic": {"executed_lines": [44], "summary": {"covered_lines": 1, "num_statements": 1, "percent_covered": 100.0, "percent_covered_display": "100", "missing_lines": 0, "excluded_lines": 0, "num_branches": 0, "num_partial_branches": 0, "covered_branches": 0, "missing_branches": 0}, "missing_lines": [], "excluded_lines": [], "executed_branches": [], "missing_branches": []}, "Metrics.__init__": {"executed_lines": [60, 61, 62, 63], "summary": {"covered_lines": 4, "num_statements": 4, "percent_covered": 100.0, "percent_covered_display": "100", "missing_lines": 0, "excluded_lines": 0, "num_branches": 0, "num_partial_branches": 0, "covered_branches": 0, "missing_branches": 0}, "missing_lines": [], "excluded_lines": [], "executed_branches": [], "missing_branches": []}, "Metrics.increment": {"executed_lines": [67], "summary": {"covered_lines": 1, "num_statements": 1, "percent_covered": 100.0, "percent_covered_display": "100", "missing_lines": 0, "excluded_lines": 0, "num_branches": 0, "num_partial_branches": 0, "covered_branches": 0, "missing_branches": 0}, "missing_lines": [], "excluded_lines": [], "executed_branches": [], "missing_branches": []}, "Metrics.gauge": {"executed_lines": [71], "summary": {"covered_lines": 1, "num_statements": 1, "percent_covered": 100.0, "percent_covered_display": "100", "missing_lines": 0, "excluded_lines": 0, "num_branches": 0, "num_partial_branches": 0, "covered_branches": 0, "missing_branches": 0}, "missing_lines": [], "excluded_lines": [], "executed_branches": [], "missing_branches": []}, "Metrics.record": {"executed_lines": [75], "summary": {"covered_lines": 1, "num_statements": 1, "percent_covered": 100.0, "percent_covered_display": "100", "missing_lines": 0, "excluded_lines": 0, "num_branches": 0, "num_partial_branches": 0, "covered_branches": 0, "missing_branches": 0}, "missing_lines": [], "excluded_lines": [], "executed_branches": [], "missing_branches": []}, "Metrics.timer": {"executed_lines": [80, 81, 86, 90, 94], "summary": {"covered_lines": 5, "num_statements": 5, "percent_covered": 100.0, "percent_covered_display": "100", "missing_lines": 0, "excluded_lines": 0, "num_branches": 0, "num_partial_branches": 0, "covered_branches": 0, "missing_branches": 0}, "missing_lines": [], "excluded_lines": [], "executed_branches": [], "missing_branches": []}, "Metrics.timer.Timer.__init__": {"executed_lines": [82, 83, 84], "summary": {"covered_lines": 3, "num_statements": 3, "percent_covered": 100.0, "percent_covered_display": "100", "missing_lines": 0, "excluded_lines": 0, "num_branches": 0, "num_partial_branches": 0, "covered_branches": 0, "missing_branches": 0}, "missing_lines": [], "excluded_lines": [], "executed_branches": [], "missing_branches": []}, "Metrics.timer.Timer.__enter__": {"executed_lines": [87, 88], "summary": {"covered_lines": 2, "num_statements": 2, "percent_covered": 100.0, "percent_covered_display": "100", "missing_lines": 0, "excluded_lines": 0, "num_branches": 0, "num_partial_branches": 0, "covered_branches": 0, "missing_branches": 0}, "missing_lines": [], "excluded_lines": [], "executed_branches": [], "missing_branches": []}, "Metrics.timer.Timer.__exit__": {"executed_lines": [91, 92], "summary": {"covered_lines": 2, "num_statements": 2, "percent_covered": 100.0, "percent_covered_display": "100", "missing_lines": 0, "excluded_lines": 0, "num_branches": 0, "num_partial_branches": 0, "covered_branches": 0, "missing_branches": 0}, "missing_lines": [], "excluded_lines": [], "executed_branches": [], "missing_branches": []}, "Metrics.get_all": {"executed_lines": [98, 99, 100], "summary": {"covered_lines": 3, "num_statements": 3, "percent_covered": 100.0, "percent_covered_display": "100", "missing_lines": 0, "excluded_lines": 0, "num_branches": 0, "num_partial_branches": 0, "covered_branches": 0, "missing_branches": 0}, "missing_lines": [], "excluded_lines": [], "executed_branches": [], "missing_branches": []}, "Metrics.get_snapshot": {"executed_lines": [104, 106], "summary": {"covered_lines": 2, "num_statements": 2, "percent_covered": 100.0, "percent_covered_display": "100", "missing_lines": 0, "excluded_lines": 0, "num_branches": 0, "num_partial_branches": 0, "covered_branches": 0, "missing_branches": 0}, "missing_lines": [], "excluded_lines": [], "executed_branches": [], "missing_branches": []}, "Metrics.reset": {"executed_lines": [115, 116, 117], "summary": {"covered_lines": 3, "num_statements": 3, "percent_covered": 100.0, "percent_covered_display": "100", "missing_lines": 0, "excluded_lines": 0, "num_branches": 0, "num_partial_branches": 0, "covered_branches": 0, "missing_branches": 0}, "missing_lines": [], "excluded_lines": [], "executed_branches": [], "missing_branches": []}, "get_metrics": {"executed_lines": [126], "summary": {"covered_lines": 1, "num_statements": 1, "percent_covered": 100.0, "percent_covered_display": "100", "missing_lines": 0, "excluded_lines": 0, "num_branches": 0, "num_partial_branches": 0, "covered_branches": 0, "missing_branches": 0}, "missing_lines": [], "excluded_lines": [], "executed_branches": [], "missing_branches": []}, "": {"executed_lines": [1, 3, 4, 5, 7, 10, 11, 13, 21, 29, 30, 34, 42, 55, 56, 58, 65, 69, 73, 77, 96, 102, 113, 121, 124], "summary": {"covered_lines": 22, "num_statements": 22, "percent_covered": 100.0, "percent_covered_display": "100", "missing_lines": 0, "excluded_lines": 0, "num_branches": 0, "num_partial_branches": 0, "covered_branches": 0, "missing_branches": 0}, "missing_lines": [], "excluded_lines": [], "executed_branches": [], "missing_branches": []}}, "classes": {"MetricsSummary": {"executed_lines": [15, 16, 17, 18, 19, 23, 24, 25, 26, 27, 32, 36, 37, 38, 39, 40, 44], "summary": {"covered_lines": 17, "num_statements": 17, "percent_covered": 100.0, "percent_covered_display": "100", "missing_lines": 0, "excluded_lines": 0, "num_branches": 2, "num_partial_branches": 0, "covered_branches": 2, "missing_branches": 0}, "missing_lines": [], "excluded_lines": [], "executed_branches": [[36, 37], [36, 38]], "missing_branches": []}, "Metrics": {"executed_lines": [60, 61, 62, 63, 67, 71, 75, 80, 81, 86, 90, 94, 98, 99, 100, 104, 106, 115, 116, 117], "summary": {"covered_lines": 20, "num_statements": 20, "percent_covered": 100.0, "percent_covered_display": "100", "missing_lines": 0, "excluded_lines": 0, "num_branches": 0, "num_partial_branches": 0, "covered_branches": 0, "missing_branches": 0}, "missing_lines": [], "excluded_lines": [], "executed_branches": [], "missing_branches": []}, "Metrics.timer.Timer": {"executed_lines": [82, 83, 84, 87, 88, 91, 92], "summary": {"covered_lines": 7, "num_statements": 7, "percent_covered": 100.0, "percent_covered_display": "100", "missing_lines": 0, "excluded_lines": 0, "num_branches": 0, "num_partial_branches": 0, "covered_branches": 0, "missing_branches": 0}, "missing_lines": [], "excluded_lines": [], "executed_branches": [], "missing_branches": []}, "": {"executed_lines": [1, 3, 4, 5, 7, 10, 11, 13, 21, 29, 30, 34, 42, 55, 56, 58, 65, 69, 73, 77, 96, 102, 113, 121, 124, 126], "summary": {"covered_lines": 23, "num_statements": 23, "percent_covered": 100.0, "percent_covered_display": "100", "missing_lines": 0, "excluded_lines": 0, "num_branches": 0, "num_partial_branches": 0, "covered_branches": 0, "missing_branches": 0}, "missing_lines": [], "excluded_lines": [], "executed_branches": [], "missing_branches": []}}}, "aegis_sdk/application/service.py": {"executed_lines": [1, 3, 5, 6, 7, 8, 9, 10, 12, 14, 20, 21, 22, 23, 25, 33, 34, 36, 37, 38, 39, 40, 41, 43, 44, 45, 47, 48, 49, 52, 53, 55, 57, 58, 59, 60, 62, 64, 65, 66, 67, 69, 71, 72, 73, 74, 75, 77, 81, 82, 83, 84, 85, 86, 88, 90, 91, 92, 94, 95, 96, 98, 99, 100, 101, 103, 105, 107, 108, 110, 112, 113, 114, 115, 116, 118, 119, 121, 123, 124, 126, 128, 129, 131, 134, 135, 137, 139, 140, 141, 143, 147, 148, 149, 154, 155, 157, 158, 164, 165, 167, 169, 171, 174, 175, 177, 189, 190, 191, 192, 193, 194, 195, 196, 197, 198, 199, 200, 202, 204, 206, 208, 209, 210, 211, 212, 214, 216, 217, 218, 219, 220, 221, 222, 223, 225, 226, 227, 228, 230, 232, 233, 234, 235, 237, 240, 242, 243, 251, 255, 257, 259, 260, 261, 262, 264, 266, 269, 270, 272, 274, 276, 278, 279, 281, 282, 283, 284, 285, 286, 288, 291, 292, 293, 294, 297, 299, 302, 303, 305, 320, 330, 331, 332, 335, 336, 337, 338, 341, 346, 349, 350, 351, 361, 364, 365, 366, 369, 370, 372, 374, 376, 378, 380, 385, 386, 387, 388, 389, 390, 392, 397, 398, 400, 401, 402, 404, 406, 416, 417, 418, 419, 420, 422, 427, 428, 430, 431, 432, 434, 436, 437, 446, 447, 448, 452, 453, 454, 460, 462, 464, 467, 468, 471, 472, 473, 476, 479, 480, 482, 484, 485, 486, 490, 491, 492, 499, 501, 503, 504, 505, 512, 514, 515, 521, 523, 525, 526, 532, 534, 536, 537, 543, 545, 547, 548, 549, 550, 553, 556, 558, 559, 560, 561, 563, 565, 572, 580, 583, 584, 585, 586, 588, 589, 594, 595, 597, 605, 606, 607, 608, 609, 610, 611, 612, 613, 614, 616, 624, 633, 637, 638, 640, 643, 645, 646, 647, 648, 650, 652, 670, 672, 676, 678, 680, 684, 692, 695, 697, 698, 700, 702, 709, 711, 713, 715, 725, 726, 728, 729, 730, 731, 733, 744, 745, 747, 749, 751, 752, 753, 755, 756, 757, 762, 764, 765, 767, 768, 769, 771, 772, 775, 776, 778, 779, 780, 781, 785, 787, 788, 790, 791, 795, 796, 797, 806, 808, 810, 812, 814, 816, 818, 820, 823, 825, 827, 829, 831, 839, 840, 841, 842, 844, 846], "summary": {"covered_lines": 386, "num_statements": 413, "percent_covered": 90.09009009009009, "percent_covered_display": "90", "missing_lines": 27, "excluded_lines": 5, "num_branches": 142, "num_partial_branches": 18, "covered_branches": 114, "missing_branches": 28}, "missing_lines": [102, 567, 568, 569, 570, 581, 598, 641, 654, 655, 657, 658, 659, 661, 662, 663, 666, 667, 668, 673, 677, 704, 705, 706, 707, 712, 754], "excluded_lines": [25, 26, 27, 28, 29], "executed_branches": [[47, 48], [47, 49], [64, 65], [64, 66], [72, 73], [72, 75], [81, 82], [81, 83], [84, 85], [84, 86], [91, 92], [91, 94], [94, 95], [94, 98], [101, 103], [113, 114], [113, 116], [148, 149], [148, 154], [157, -143], [157, 158], [209, -206], [209, 210], [216, -214], [216, 217], [223, 225], [223, 228], [225, 226], [233, -230], [233, 234], [242, 243], [242, 251], [278, 279], [278, 281], [281, 282], [281, 291], [284, 285], [292, 293], [292, 299], [294, 297], [294, 299], [436, -434], [436, 437], [446, -434], [446, 447], [453, 454], [453, 460], [467, 468], [467, 471], [471, 472], [471, 479], [472, 471], [472, 473], [479, -462], [479, 480], [484, 485], [484, 499], [491, 492], [504, -501], [504, 505], [514, 515], [525, 526], [525, 532], [536, 537], [536, 543], [547, -545], [547, 548], [558, 559], [558, 560], [580, 583], [584, 585], [584, 605], [585, 586], [585, 605], [594, 595], [594, 597], [597, 605], [607, 608], [607, 609], [611, 612], [611, 614], [612, 613], [637, 638], [640, 643], [645, 646], [645, 647], [672, 676], [676, 678], [711, 713], [725, 726], [728, 729], [728, 730], [730, 731], [730, 733], [751, 752], [751, 753], [753, 755], [755, 756], [755, 757], [764, 765], [768, 769], [768, 771], [771, 772], [771, 778], [775, 776], [775, 778], [778, -762], [778, 779], [779, 780], [779, 781], [787, 788], [787, 790], [796, 797], [839, 840]], "missing_branches": [[101, 102], [225, 227], [284, 291], [491, 499], [514, 521], [567, 568], [567, 570], [580, 581], [597, 598], [612, 614], [637, 640], [640, 641], [654, 655], [654, 657], [657, 658], [657, 661], [666, 667], [666, 668], [672, 673], [676, 677], [704, 705], [704, 707], [711, 712], [725, 728], [753, 754], [764, 767], [796, -785], [839, 841]], "functions": {"ServiceConfig.validate_service_name": {"executed_lines": [47, 48, 49], "summary": {"covered_lines": 3, "num_statements": 3, "percent_covered": 100.0, "percent_covered_display": "100", "missing_lines": 0, "excluded_lines": 0, "num_branches": 2, "num_partial_branches": 0, "covered_branches": 2, "missing_branches": 0}, "missing_lines": [], "excluded_lines": [], "executed_branches": [[47, 48], [47, 49]], "missing_branches": []}, "HandlerRegistry.__init__": {"executed_lines": [57, 58, 59, 60], "summary": {"covered_lines": 4, "num_statements": 4, "percent_covered": 100.0, "percent_covered_display": "100", "missing_lines": 0, "excluded_lines": 0, "num_branches": 0, "num_partial_branches": 0, "covered_branches": 0, "missing_branches": 0}, "missing_lines": [], "excluded_lines": [], "executed_branches": [], "missing_branches": []}, "HandlerRegistry.register_rpc": {"executed_lines": [64, 65, 66, 67], "summary": {"covered_lines": 4, "num_statements": 4, "percent_covered": 100.0, "percent_covered_display": "100", "missing_lines": 0, "excluded_lines": 0, "num_branches": 2, "num_partial_branches": 0, "covered_branches": 2, "missing_branches": 0}, "missing_lines": [], "excluded_lines": [], "executed_branches": [[64, 65], [64, 66]], "missing_branches": []}, "HandlerRegistry.unregister_rpc": {"executed_lines": [71, 72, 73, 74, 75], "summary": {"covered_lines": 5, "num_statements": 5, "percent_covered": 100.0, "percent_covered_display": "100", "missing_lines": 0, "excluded_lines": 0, "num_branches": 2, "num_partial_branches": 0, "covered_branches": 2, "missing_branches": 0}, "missing_lines": [], "excluded_lines": [], "executed_branches": [[72, 73], [72, 75]], "missing_branches": []}, "HandlerRegistry.register_event": {"executed_lines": [81, 82, 83, 84, 85, 86], "summary": {"covered_lines": 6, "num_statements": 6, "percent_covered": 100.0, "percent_covered_display": "100", "missing_lines": 0, "excluded_lines": 0, "num_branches": 4, "num_partial_branches": 0, "covered_branches": 4, "missing_branches": 0}, "missing_lines": [], "excluded_lines": [], "executed_branches": [[81, 82], [81, 83], [84, 85], [84, 86]], "missing_branches": []}, "HandlerRegistry.unregister_event": {"executed_lines": [90, 91, 92, 94, 95, 96, 98, 99, 100, 101, 103], "summary": {"covered_lines": 11, "num_statements": 12, "percent_covered": 88.88888888888889, "percent_covered_display": "89", "missing_lines": 1, "excluded_lines": 0, "num_branches": 6, "num_partial_branches": 1, "covered_branches": 5, "missing_branches": 1}, "missing_lines": [102], "excluded_lines": [], "executed_branches": [[91, 92], [91, 94], [94, 95], [94, 98], [101, 103]], "missing_branches": [[101, 102]]}, "HandlerRegistry.register_command": {"executed_lines": [107, 108], "summary": {"covered_lines": 2, "num_statements": 2, "percent_covered": 100.0, "percent_covered_display": "100", "missing_lines": 0, "excluded_lines": 0, "num_branches": 0, "num_partial_branches": 0, "covered_branches": 0, "missing_branches": 0}, "missing_lines": [], "excluded_lines": [], "executed_branches": [], "missing_branches": []}, "HandlerRegistry.unregister_command": {"executed_lines": [112, 113, 114, 115, 116], "summary": {"covered_lines": 5, "num_statements": 5, "percent_covered": 100.0, "percent_covered_display": "100", "missing_lines": 0, "excluded_lines": 0, "num_branches": 2, "num_partial_branches": 0, "covered_branches": 2, "missing_branches": 0}, "missing_lines": [], "excluded_lines": [], "executed_branches": [[113, 114], [113, 116]], "missing_branches": []}, "HandlerRegistry.rpc_handlers": {"executed_lines": [121], "summary": {"covered_lines": 1, "num_statements": 1, "percent_covered": 100.0, "percent_covered_display": "100", "missing_lines": 0, "excluded_lines": 0, "num_branches": 0, "num_partial_branches": 0, "covered_branches": 0, "missing_branches": 0}, "missing_lines": [], "excluded_lines": [], "executed_branches": [], "missing_branches": []}, "HandlerRegistry.event_handlers": {"executed_lines": [126], "summary": {"covered_lines": 1, "num_statements": 1, "percent_covered": 100.0, "percent_covered_display": "100", "missing_lines": 0, "excluded_lines": 0, "num_branches": 0, "num_partial_branches": 0, "covered_branches": 0, "missing_branches": 0}, "missing_lines": [], "excluded_lines": [], "executed_branches": [], "missing_branches": []}, "HandlerRegistry.command_handlers": {"executed_lines": [131], "summary": {"covered_lines": 1, "num_statements": 1, "percent_covered": 100.0, "percent_covered_display": "100", "missing_lines": 0, "excluded_lines": 0, "num_branches": 0, "num_partial_branches": 0, "covered_branches": 0, "missing_branches": 0}, "missing_lines": [], "excluded_lines": [], "executed_branches": [], "missing_branches": []}, "LifecycleManager.__init__": {"executed_lines": [139, 140, 141], "summary": {"covered_lines": 3, "num_statements": 3, "percent_covered": 100.0, "percent_covered_display": "100", "missing_lines": 0, "excluded_lines": 0, "num_branches": 0, "num_partial_branches": 0, "covered_branches": 0, "missing_branches": 0}, "missing_lines": [], "excluded_lines": [], "executed_branches": [], "missing_branches": []}, "LifecycleManager.transition_to": {"executed_lines": [147, 148, 149, 154, 155, 157, 158], "summary": {"covered_lines": 7, "num_statements": 7, "percent_covered": 100.0, "percent_covered_display": "100", "missing_lines": 0, "excluded_lines": 0, "num_branches": 4, "num_partial_branches": 0, "covered_branches": 4, "missing_branches": 0}, "missing_lines": [], "excluded_lines": [], "executed_branches": [[148, 149], [148, 154], [157, -143], [157, 158]], "missing_branches": []}, "LifecycleManager.state": {"executed_lines": [167], "summary": {"covered_lines": 1, "num_statements": 1, "percent_covered": 100.0, "percent_covered_display": "100", "missing_lines": 0, "excluded_lines": 0, "num_branches": 0, "num_partial_branches": 0, "covered_branches": 0, "missing_branches": 0}, "missing_lines": [], "excluded_lines": [], "executed_branches": [], "missing_branches": []}, "LifecycleManager.is_operational": {"executed_lines": [171], "summary": {"covered_lines": 1, "num_statements": 1, "percent_covered": 100.0, "percent_covered_display": "100", "missing_lines": 0, "excluded_lines": 0, "num_branches": 0, "num_partial_branches": 0, "covered_branches": 0, "missing_branches": 0}, "missing_lines": [], "excluded_lines": [], "executed_branches": [], "missing_branches": []}, "HealthManager.__init__": {"executed_lines": [189, 190, 191, 192, 193, 194, 195, 196, 197, 198, 199, 200], "summary": {"covered_lines": 12, "num_statements": 12, "percent_covered": 100.0, "percent_covered_display": "100", "missing_lines": 0, "excluded_lines": 0, "num_branches": 0, "num_partial_branches": 0, "covered_branches": 0, "missing_branches": 0}, "missing_lines": [], "excluded_lines": [], "executed_branches": [], "missing_branches": []}, "HealthManager.start_heartbeat": {"executed_lines": [204], "summary": {"covered_lines": 1, "num_statements": 1, "percent_covered": 100.0, "percent_covered_display": "100", "missing_lines": 0, "excluded_lines": 0, "num_branches": 0, "num_partial_branches": 0, "covered_branches": 0, "missing_branches": 0}, "missing_lines": [], "excluded_lines": [], "executed_branches": [], "missing_branches": []}, "HealthManager.stop_heartbeat": {"executed_lines": [208, 209, 210, 211, 212], "summary": {"covered_lines": 5, "num_statements": 5, "percent_covered": 100.0, "percent_covered_display": "100", "missing_lines": 0, "excluded_lines": 0, "num_branches": 2, "num_partial_branches": 0, "covered_branches": 2, "missing_branches": 0}, "missing_lines": [], "excluded_lines": [], "executed_branches": [[209, -206], [209, 210]], "missing_branches": []}, "HealthManager._heartbeat_loop": {"executed_lines": [216, 217, 218, 219, 220, 221, 222, 223, 225, 226, 227, 228], "summary": {"covered_lines": 12, "num_statements": 12, "percent_covered": 94.44444444444444, "percent_covered_display": "94", "missing_lines": 0, "excluded_lines": 0, "num_branches": 6, "num_partial_branches": 1, "covered_branches": 5, "missing_branches": 1}, "missing_lines": [], "excluded_lines": [], "executed_branches": [[216, -214], [216, 217], [223, 225], [223, 228], [225, 226]], "missing_branches": [[225, 227]]}, "HealthManager._send_heartbeat": {"executed_lines": [232, 233, 234, 235], "summary": {"covered_lines": 4, "num_statements": 4, "percent_covered": 100.0, "percent_covered_display": "100", "missing_lines": 0, "excluded_lines": 0, "num_branches": 2, "num_partial_branches": 0, "covered_branches": 2, "missing_branches": 0}, "missing_lines": [], "excluded_lines": [], "executed_branches": [[233, -230], [233, 234]], "missing_branches": []}, "HealthManager._handle_heartbeat_failure": {"executed_lines": [240, 242, 243, 251], "summary": {"covered_lines": 4, "num_statements": 4, "percent_covered": 100.0, "percent_covered_display": "100", "missing_lines": 0, "excluded_lines": 0, "num_branches": 2, "num_partial_branches": 0, "covered_branches": 2, "missing_branches": 0}, "missing_lines": [], "excluded_lines": [], "executed_branches": [[242, 243], [242, 251]], "missing_branches": []}, "HealthManager._backoff_sleep": {"executed_lines": [257, 259, 260, 261, 262], "summary": {"covered_lines": 5, "num_statements": 5, "percent_covered": 100.0, "percent_covered_display": "100", "missing_lines": 0, "excluded_lines": 0, "num_branches": 0, "num_partial_branches": 0, "covered_branches": 0, "missing_branches": 0}, "missing_lines": [], "excluded_lines": [], "executed_branches": [], "missing_branches": []}, "HealthManager.is_healthy": {"executed_lines": [266], "summary": {"covered_lines": 1, "num_statements": 1, "percent_covered": 100.0, "percent_covered_display": "100", "missing_lines": 0, "excluded_lines": 0, "num_branches": 0, "num_partial_branches": 0, "covered_branches": 0, "missing_branches": 0}, "missing_lines": [], "excluded_lines": [], "executed_branches": [], "missing_branches": []}, "ServiceNameResolver.__init__": {"executed_lines": [274], "summary": {"covered_lines": 1, "num_statements": 1, "percent_covered": 100.0, "percent_covered_display": "100", "missing_lines": 0, "excluded_lines": 0, "num_branches": 0, "num_partial_branches": 0, "covered_branches": 0, "missing_branches": 0}, "missing_lines": [], "excluded_lines": [], "executed_branches": [], "missing_branches": []}, "ServiceNameResolver.is_service_name": {"executed_lines": [278, 279, 281, 282, 283, 284, 285, 286, 288, 291, 292, 293, 294, 297, 299], "summary": {"covered_lines": 15, "num_statements": 15, "percent_covered": 96.0, "percent_covered_display": "96", "missing_lines": 0, "excluded_lines": 0, "num_branches": 10, "num_partial_branches": 1, "covered_branches": 9, "missing_branches": 1}, "missing_lines": [], "excluded_lines": [], "executed_branches": [[278, 279], [278, 281], [281, 282], [281, 291], [284, 285], [292, 293], [292, 299], [294, 297], [294, 299]], "missing_branches": [[284, 291]]}, "Service.__init__": {"executed_lines": [320, 330, 331, 332, 335, 336, 337, 338, 341, 346, 349, 350, 351, 361, 364, 365, 366], "summary": {"covered_lines": 17, "num_statements": 17, "percent_covered": 100.0, "percent_covered_display": "100", "missing_lines": 0, "excluded_lines": 0, "num_branches": 0, "num_partial_branches": 0, "covered_branches": 0, "missing_branches": 0}, "missing_lines": [], "excluded_lines": [], "executed_branches": [], "missing_branches": []}, "Service.lifecycle_state": {"executed_lines": [372], "summary": {"covered_lines": 1, "num_statements": 1, "percent_covered": 100.0, "percent_covered_display": "100", "missing_lines": 0, "excluded_lines": 0, "num_branches": 0, "num_partial_branches": 0, "covered_branches": 0, "missing_branches": 0}, "missing_lines": [], "excluded_lines": [], "executed_branches": [], "missing_branches": []}, "Service.is_operational": {"executed_lines": [376], "summary": {"covered_lines": 1, "num_statements": 1, "percent_covered": 100.0, "percent_covered_display": "100", "missing_lines": 0, "excluded_lines": 0, "num_branches": 0, "num_partial_branches": 0, "covered_branches": 0, "missing_branches": 0}, "missing_lines": [], "excluded_lines": [], "executed_branches": [], "missing_branches": []}, "Service.start": {"executed_lines": [380, 385, 386, 387, 388, 389, 390, 392, 397, 398, 400, 401, 402], "summary": {"covered_lines": 13, "num_statements": 13, "percent_covered": 100.0, "percent_covered_display": "100", "missing_lines": 0, "excluded_lines": 0, "num_branches": 0, "num_partial_branches": 0, "covered_branches": 0, "missing_branches": 0}, "missing_lines": [], "excluded_lines": [], "executed_branches": [], "missing_branches": []}, "Service.stop": {"executed_lines": [406, 416, 417, 418, 419, 420, 422, 427, 428, 430, 431, 432], "summary": {"covered_lines": 12, "num_statements": 12, "percent_covered": 100.0, "percent_covered_display": "100", "missing_lines": 0, "excluded_lines": 0, "num_branches": 0, "num_partial_branches": 0, "covered_branches": 0, "missing_branches": 0}, "missing_lines": [], "excluded_lines": [], "executed_branches": [], "missing_branches": []}, "Service._initialize_service_instance": {"executed_lines": [436, 437, 446, 447, 448, 452, 453, 454, 460], "summary": {"covered_lines": 9, "num_statements": 9, "percent_covered": 100.0, "percent_covered_display": "100", "missing_lines": 0, "excluded_lines": 0, "num_branches": 6, "num_partial_branches": 0, "covered_branches": 6, "missing_branches": 0}, "missing_lines": [], "excluded_lines": [], "executed_branches": [[436, -434], [436, 437], [446, -434], [446, 447], [453, 454], [453, 460]], "missing_branches": []}, "Service._register_with_infrastructure": {"executed_lines": [464, 467, 468, 471, 472, 473, 476, 479, 480], "summary": {"covered_lines": 9, "num_statements": 9, "percent_covered": 100.0, "percent_covered_display": "100", "missing_lines": 0, "excluded_lines": 0, "num_branches": 8, "num_partial_branches": 0, "covered_branches": 8, "missing_branches": 0}, "missing_lines": [], "excluded_lines": [], "executed_branches": [[467, 468], [467, 471], [471, 472], [471, 479], [472, 471], [472, 473], [479, -462], [479, 480]], "missing_branches": []}, "Service._deregister_from_infrastructure": {"executed_lines": [484, 485, 486, 490, 491, 492, 499], "summary": {"covered_lines": 7, "num_statements": 7, "percent_covered": 90.9090909090909, "percent_covered_display": "91", "missing_lines": 0, "excluded_lines": 0, "num_branches": 4, "num_partial_branches": 1, "covered_branches": 3, "missing_branches": 1}, "missing_lines": [], "excluded_lines": [], "executed_branches": [[484, 485], [484, 499], [491, 492]], "missing_branches": [[491, 499]]}, "Service._handle_start_failure": {"executed_lines": [503, 504, 505], "summary": {"covered_lines": 3, "num_statements": 3, "percent_covered": 100.0, "percent_covered_display": "100", "missing_lines": 0, "excluded_lines": 0, "num_branches": 2, "num_partial_branches": 0, "covered_branches": 2, "missing_branches": 0}, "missing_lines": [], "excluded_lines": [], "executed_branches": [[504, -501], [504, 505]], "missing_branches": []}, "Service._handle_stop_failure": {"executed_lines": [514, 515, 521], "summary": {"covered_lines": 3, "num_statements": 3, "percent_covered": 80.0, "percent_covered_display": "80", "missing_lines": 0, "excluded_lines": 0, "num_branches": 2, "num_partial_branches": 1, "covered_branches": 1, "missing_branches": 1}, "missing_lines": [], "excluded_lines": [], "executed_branches": [[514, 515]], "missing_branches": [[514, 521]]}, "Service._log_start_success": {"executed_lines": [525, 526, 532], "summary": {"covered_lines": 3, "num_statements": 3, "percent_covered": 100.0, "percent_covered_display": "100", "missing_lines": 0, "excluded_lines": 0, "num_branches": 2, "num_partial_branches": 0, "covered_branches": 2, "missing_branches": 0}, "missing_lines": [], "excluded_lines": [], "executed_branches": [[525, 526], [525, 532]], "missing_branches": []}, "Service._log_stop_success": {"executed_lines": [536, 537, 543], "summary": {"covered_lines": 3, "num_statements": 3, "percent_covered": 100.0, "percent_covered_display": "100", "missing_lines": 0, "excluded_lines": 0, "num_branches": 2, "num_partial_branches": 0, "covered_branches": 2, "missing_branches": 0}, "missing_lines": [], "excluded_lines": [], "executed_branches": [[536, 537], [536, 543]], "missing_branches": []}, "Service._cancel_status_update_task": {"executed_lines": [547, 548, 549, 550], "summary": {"covered_lines": 4, "num_statements": 4, "percent_covered": 100.0, "percent_covered_display": "100", "missing_lines": 0, "excluded_lines": 0, "num_branches": 2, "num_partial_branches": 0, "covered_branches": 2, "missing_branches": 0}, "missing_lines": [], "excluded_lines": [], "executed_branches": [[547, -545], [547, 548]], "missing_branches": []}, "Service.rpc": {"executed_lines": [556, 563], "summary": {"covered_lines": 2, "num_statements": 2, "percent_covered": 100.0, "percent_covered_display": "100", "missing_lines": 0, "excluded_lines": 0, "num_branches": 0, "num_partial_branches": 0, "covered_branches": 0, "missing_branches": 0}, "missing_lines": [], "excluded_lines": [], "executed_branches": [], "missing_branches": []}, "Service.rpc.decorator": {"executed_lines": [558, 559, 560, 561], "summary": {"covered_lines": 4, "num_statements": 4, "percent_covered": 100.0, "percent_covered_display": "100", "missing_lines": 0, "excluded_lines": 0, "num_branches": 2, "num_partial_branches": 0, "covered_branches": 2, "missing_branches": 0}, "missing_lines": [], "excluded_lines": [], "executed_branches": [[558, 559], [558, 560]], "missing_branches": []}, "Service.unregister_rpc": {"executed_lines": [], "summary": {"covered_lines": 0, "num_statements": 4, "percent_covered": 0.0, "percent_covered_display": "0", "missing_lines": 4, "excluded_lines": 0, "num_branches": 2, "num_partial_branches": 0, "covered_branches": 0, "missing_branches": 2}, "missing_lines": [567, 568, 569, 570], "excluded_lines": [], "executed_branches": [], "missing_branches": [[567, 568], [567, 570]]}, "Service.call_rpc": {"executed_lines": [580, 583, 584, 585, 586, 588, 589, 594, 595, 597, 605, 606, 607, 608, 609, 610, 611, 612, 613, 614], "summary": {"covered_lines": 20, "num_statements": 22, "percent_covered": 86.84210526315789, "percent_covered_display": "87", "missing_lines": 2, "excluded_lines": 0, "num_branches": 16, "num_partial_branches": 3, "covered_branches": 13, "missing_branches": 3}, "missing_lines": [581, 598], "excluded_lines": [], "executed_branches": [[580, 583], [584, 585], [584, 605], [585, 586], [585, 605], [594, 595], [594, 597], [597, 605], [607, 608], [607, 609], [611, 612], [611, 614], [612, 613]], "missing_branches": [[580, 581], [597, 598], [612, 614]]}, "Service.create_rpc_request": {"executed_lines": [624], "summary": {"covered_lines": 1, "num_statements": 1, "percent_covered": 100.0, "percent_covered_display": "100", "missing_lines": 0, "excluded_lines": 0, "num_branches": 0, "num_partial_branches": 0, "covered_branches": 0, "missing_branches": 0}, "missing_lines": [], "excluded_lines": [], "executed_branches": [], "missing_branches": []}, "Service.subscribe": {"executed_lines": [637, 638, 640, 643, 650], "summary": {"covered_lines": 5, "num_statements": 6, "percent_covered": 70.0, "percent_covered_display": "70", "missing_lines": 1, "excluded_lines": 0, "num_branches": 4, "num_partial_branches": 2, "covered_branches": 2, "missing_branches": 2}, "missing_lines": [641], "excluded_lines": [], "executed_branches": [[637, 638], [640, 643]], "missing_branches": [[637, 640], [640, 641]]}, "Service.subscribe.decorator": {"executed_lines": [645, 646, 647, 648], "summary": {"covered_lines": 4, "num_statements": 4, "percent_covered": 100.0, "percent_covered_display": "100", "missing_lines": 0, "excluded_lines": 0, "num_branches": 2, "num_partial_branches": 0, "covered_branches": 2, "missing_branches": 0}, "missing_lines": [], "excluded_lines": [], "executed_branches": [[645, 646], [645, 647]], "missing_branches": []}, "Service.unsubscribe": {"executed_lines": [], "summary": {"covered_lines": 0, "num_statements": 11, "percent_covered": 0.0, "percent_covered_display": "0", "missing_lines": 11, "excluded_lines": 0, "num_branches": 6, "num_partial_branches": 0, "covered_branches": 0, "missing_branches": 6}, "missing_lines": [654, 655, 657, 658, 659, 661, 662, 663, 666, 667, 668], "excluded_lines": [], "executed_branches": [], "missing_branches": [[654, 655], [654, 657], [657, 658], [657, 661], [666, 667], [666, 668]]}, "Service.publish_event": {"executed_lines": [672, 676, 678], "summary": {"covered_lines": 3, "num_statements": 5, "percent_covered": 55.55555555555556, "percent_covered_display": "56", "missing_lines": 2, "excluded_lines": 0, "num_branches": 4, "num_partial_branches": 2, "covered_branches": 2, "missing_branches": 2}, "missing_lines": [673, 677], "excluded_lines": [], "executed_branches": [[672, 676], [676, 678]], "missing_branches": [[672, 673], [676, 677]]}, "Service.create_event": {"executed_lines": [684], "summary": {"covered_lines": 1, "num_statements": 1, "percent_covered": 100.0, "percent_covered_display": "100", "missing_lines": 0, "excluded_lines": 0, "num_branches": 0, "num_partial_branches": 0, "covered_branches": 0, "missing_branches": 0}, "missing_lines": [], "excluded_lines": [], "executed_branches": [], "missing_branches": []}, "Service.command": {"executed_lines": [695, 700], "summary": {"covered_lines": 2, "num_statements": 2, "percent_covered": 100.0, "percent_covered_display": "100", "missing_lines": 0, "excluded_lines": 0, "num_branches": 0, "num_partial_branches": 0, "covered_branches": 0, "missing_branches": 0}, "missing_lines": [], "excluded_lines": [], "executed_branches": [], "missing_branches": []}, "Service.command.decorator": {"executed_lines": [697, 698], "summary": {"covered_lines": 2, "num_statements": 2, "percent_covered": 100.0, "percent_covered_display": "100", "missing_lines": 0, "excluded_lines": 0, "num_branches": 0, "num_partial_branches": 0, "covered_branches": 0, "missing_branches": 0}, "missing_lines": [], "excluded_lines": [], "executed_branches": [], "missing_branches": []}, "Service.unregister_command": {"executed_lines": [], "summary": {"covered_lines": 0, "num_statements": 4, "percent_covered": 0.0, "percent_covered_display": "0", "missing_lines": 4, "excluded_lines": 0, "num_branches": 2, "num_partial_branches": 0, "covered_branches": 0, "missing_branches": 2}, "missing_lines": [704, 705, 706, 707], "excluded_lines": [], "executed_branches": [], "missing_branches": [[704, 705], [704, 707]]}, "Service.send_command": {"executed_lines": [711, 713], "summary": {"covered_lines": 2, "num_statements": 3, "percent_covered": 60.0, "percent_covered_display": "60", "missing_lines": 1, "excluded_lines": 0, "num_branches": 2, "num_partial_branches": 1, "covered_branches": 1, "missing_branches": 1}, "missing_lines": [712], "excluded_lines": [], "executed_branches": [[711, 713]], "missing_branches": [[711, 712]]}, "Service.create_command": {"executed_lines": [725, 726, 728, 729, 730, 731, 733], "summary": {"covered_lines": 7, "num_statements": 7, "percent_covered": 92.3076923076923, "percent_covered_display": "92", "missing_lines": 0, "excluded_lines": 0, "num_branches": 6, "num_partial_branches": 1, "covered_branches": 5, "missing_branches": 1}, "missing_lines": [], "excluded_lines": [], "executed_branches": [[725, 726], [728, 729], [728, 730], [730, 731], [730, 733]], "missing_branches": [[725, 728]]}, "Service.info": {"executed_lines": [747], "summary": {"covered_lines": 1, "num_statements": 1, "percent_covered": 100.0, "percent_covered_display": "100", "missing_lines": 0, "excluded_lines": 0, "num_branches": 0, "num_partial_branches": 0, "covered_branches": 0, "missing_branches": 0}, "missing_lines": [], "excluded_lines": [], "executed_branches": [], "missing_branches": []}, "Service.is_healthy": {"executed_lines": [751, 752, 753, 755, 756, 757], "summary": {"covered_lines": 6, "num_statements": 7, "percent_covered": 84.61538461538461, "percent_covered_display": "85", "missing_lines": 1, "excluded_lines": 0, "num_branches": 6, "num_partial_branches": 1, "covered_branches": 5, "missing_branches": 1}, "missing_lines": [754], "excluded_lines": [], "executed_branches": [[751, 752], [751, 753], [753, 755], [755, 756], [755, 757]], "missing_branches": [[753, 754]]}, "Service.set_status": {"executed_lines": [764, 765, 767, 768, 769, 771, 772, 775, 776, 778, 779, 780, 781], "summary": {"covered_lines": 13, "num_statements": 13, "percent_covered": 96.0, "percent_covered_display": "96", "missing_lines": 0, "excluded_lines": 0, "num_branches": 12, "num_partial_branches": 1, "covered_branches": 11, "missing_branches": 1}, "missing_lines": [], "excluded_lines": [], "executed_branches": [[764, 765], [768, 769], [768, 771], [771, 772], [771, 778], [775, 776], [775, 778], [778, -762], [778, 779], [779, 780], [779, 781]], "missing_branches": [[764, 767]]}, "Service._update_registry_status": {"executed_lines": [787, 788, 790, 791, 795, 796, 797], "summary": {"covered_lines": 7, "num_statements": 7, "percent_covered": 90.9090909090909, "percent_covered_display": "91", "missing_lines": 0, "excluded_lines": 0, "num_branches": 4, "num_partial_branches": 1, "covered_branches": 3, "missing_branches": 1}, "missing_lines": [], "excluded_lines": [], "executed_branches": [[787, 788], [787, 790], [796, 797]], "missing_branches": [[796, -785]]}, "Service.on_start": {"executed_lines": [808], "summary": {"covered_lines": 1, "num_statements": 1, "percent_covered": 100.0, "percent_covered_display": "100", "missing_lines": 0, "excluded_lines": 0, "num_branches": 0, "num_partial_branches": 0, "covered_branches": 0, "missing_branches": 0}, "missing_lines": [], "excluded_lines": [], "executed_branches": [], "missing_branches": []}, "Service.on_started": {"executed_lines": [812], "summary": {"covered_lines": 1, "num_statements": 1, "percent_covered": 100.0, "percent_covered_display": "100", "missing_lines": 0, "excluded_lines": 0, "num_branches": 0, "num_partial_branches": 0, "covered_branches": 0, "missing_branches": 0}, "missing_lines": [], "excluded_lines": [], "executed_branches": [], "missing_branches": []}, "Service.on_stop": {"executed_lines": [816], "summary": {"covered_lines": 1, "num_statements": 1, "percent_covered": 100.0, "percent_covered_display": "100", "missing_lines": 0, "excluded_lines": 0, "num_branches": 0, "num_partial_branches": 0, "covered_branches": 0, "missing_branches": 0}, "missing_lines": [], "excluded_lines": [], "executed_branches": [], "missing_branches": []}, "Service.on_stopped": {"executed_lines": [820], "summary": {"covered_lines": 1, "num_statements": 1, "percent_covered": 100.0, "percent_covered_display": "100", "missing_lines": 0, "excluded_lines": 0, "num_branches": 0, "num_partial_branches": 0, "covered_branches": 0, "missing_branches": 0}, "missing_lines": [], "excluded_lines": [], "executed_branches": [], "missing_branches": []}, "Service.register_rpc_method": {"executed_lines": [825], "summary": {"covered_lines": 1, "num_statements": 1, "percent_covered": 100.0, "percent_covered_display": "100", "missing_lines": 0, "excluded_lines": 0, "num_branches": 0, "num_partial_branches": 0, "covered_branches": 0, "missing_branches": 0}, "missing_lines": [], "excluded_lines": [], "executed_branches": [], "missing_branches": []}, "Service.register_command_handler": {"executed_lines": [829], "summary": {"covered_lines": 1, "num_statements": 1, "percent_covered": 100.0, "percent_covered_display": "100", "missing_lines": 0, "excluded_lines": 0, "num_branches": 0, "num_partial_branches": 0, "covered_branches": 0, "missing_branches": 0}, "missing_lines": [], "excluded_lines": [], "executed_branches": [], "missing_branches": []}, "Service.subscribe_event": {"executed_lines": [839, 840, 841, 842], "summary": {"covered_lines": 4, "num_statements": 4, "percent_covered": 83.33333333333333, "percent_covered_display": "83", "missing_lines": 0, "excluded_lines": 0, "num_branches": 2, "num_partial_branches": 1, "covered_branches": 1, "missing_branches": 1}, "missing_lines": [], "excluded_lines": [], "executed_branches": [[839, 840]], "missing_branches": [[839, 841]]}, "Service._is_service_name": {"executed_lines": [846], "summary": {"covered_lines": 1, "num_statements": 1, "percent_covered": 100.0, "percent_covered_display": "100", "missing_lines": 0, "excluded_lines": 0, "num_branches": 0, "num_partial_branches": 0, "covered_branches": 0, "missing_branches": 0}, "missing_lines": [], "excluded_lines": [], "executed_branches": [], "missing_branches": []}, "": {"executed_lines": [1, 3, 5, 6, 7, 8, 9, 10, 12, 14, 20, 21, 22, 23, 25, 33, 34, 36, 37, 38, 39, 40, 41, 43, 44, 45, 52, 53, 55, 62, 69, 77, 88, 105, 110, 118, 119, 123, 124, 128, 129, 134, 135, 137, 143, 164, 165, 169, 174, 175, 177, 202, 206, 214, 230, 237, 255, 264, 269, 270, 272, 276, 302, 303, 305, 369, 370, 374, 378, 404, 434, 462, 482, 501, 512, 523, 534, 545, 553, 565, 572, 616, 633, 652, 670, 680, 692, 702, 709, 715, 744, 745, 749, 762, 785, 806, 810, 814, 818, 823, 827, 831, 844], "summary": {"covered_lines": 95, "num_statements": 95, "percent_covered": 100.0, "percent_covered_display": "100", "missing_lines": 0, "excluded_lines": 5, "num_branches": 0, "num_partial_branches": 0, "covered_branches": 0, "missing_branches": 0}, "missing_lines": [], "excluded_lines": [25, 26, 27, 28, 29], "executed_branches": [], "missing_branches": []}}, "classes": {"ServiceConfig": {"executed_lines": [47, 48, 49], "summary": {"covered_lines": 3, "num_statements": 3, "percent_covered": 100.0, "percent_covered_display": "100", "missing_lines": 0, "excluded_lines": 0, "num_branches": 2, "num_partial_branches": 0, "covered_branches": 2, "missing_branches": 0}, "missing_lines": [], "excluded_lines": [], "executed_branches": [[47, 48], [47, 49]], "missing_branches": []}, "HandlerRegistry": {"executed_lines": [57, 58, 59, 60, 64, 65, 66, 67, 71, 72, 73, 74, 75, 81, 82, 83, 84, 85, 86, 90, 91, 92, 94, 95, 96, 98, 99, 100, 101, 103, 107, 108, 112, 113, 114, 115, 116, 121, 126, 131], "summary": {"covered_lines": 40, "num_statements": 41, "percent_covered": 96.49122807017544, "percent_covered_display": "96", "missing_lines": 1, "excluded_lines": 0, "num_branches": 16, "num_partial_branches": 1, "covered_branches": 15, "missing_branches": 1}, "missing_lines": [102], "excluded_lines": [], "executed_branches": [[64, 65], [64, 66], [72, 73], [72, 75], [81, 82], [81, 83], [84, 85], [84, 86], [91, 92], [91, 94], [94, 95], [94, 98], [101, 103], [113, 114], [113, 116]], "missing_branches": [[101, 102]]}, "LifecycleManager": {"executed_lines": [139, 140, 141, 147, 148, 149, 154, 155, 157, 158, 167, 171], "summary": {"covered_lines": 12, "num_statements": 12, "percent_covered": 100.0, "percent_covered_display": "100", "missing_lines": 0, "excluded_lines": 0, "num_branches": 4, "num_partial_branches": 0, "covered_branches": 4, "missing_branches": 0}, "missing_lines": [], "excluded_lines": [], "executed_branches": [[148, 149], [148, 154], [157, -143], [157, 158]], "missing_branches": []}, "HealthManager": {"executed_lines": [189, 190, 191, 192, 193, 194, 195, 196, 197, 198, 199, 200, 204, 208, 209, 210, 211, 212, 216, 217, 218, 219, 220, 221, 222, 223, 225, 226, 227, 228, 232, 233, 234, 235, 240, 242, 243, 251, 257, 259, 260, 261, 262, 266], "summary": {"covered_lines": 44, "num_statements": 44, "percent_covered": 98.21428571428571, "percent_covered_display": "98", "missing_lines": 0, "excluded_lines": 0, "num_branches": 12, "num_partial_branches": 1, "covered_branches": 11, "missing_branches": 1}, "missing_lines": [], "excluded_lines": [], "executed_branches": [[209, -206], [209, 210], [216, -214], [216, 217], [223, 225], [223, 228], [225, 226], [233, -230], [233, 234], [242, 243], [242, 251]], "missing_branches": [[225, 227]]}, "ServiceNameResolver": {"executed_lines": [274, 278, 279, 281, 282, 283, 284, 285, 286, 288, 291, 292, 293, 294, 297, 299], "summary": {"covered_lines": 16, "num_statements": 16, "percent_covered": 96.15384615384616, "percent_covered_display": "96", "missing_lines": 0, "excluded_lines": 0, "num_branches": 10, "num_partial_branches": 1, "covered_branches": 9, "missing_branches": 1}, "missing_lines": [], "excluded_lines": [], "executed_branches": [[278, 279], [278, 281], [281, 282], [281, 291], [284, 285], [292, 293], [292, 299], [294, 297], [294, 299]], "missing_branches": [[284, 291]]}, "Service": {"executed_lines": [320, 330, 331, 332, 335, 336, 337, 338, 341, 346, 349, 350, 351, 361, 364, 365, 366, 372, 376, 380, 385, 386, 387, 388, 389, 390, 392, 397, 398, 400, 401, 402, 406, 416, 417, 418, 419, 420, 422, 427, 428, 430, 431, 432, 436, 437, 446, 447, 448, 452, 453, 454, 460, 464, 467, 468, 471, 472, 473, 476, 479, 480, 484, 485, 486, 490, 491, 492, 499, 503, 504, 505, 514, 515, 521, 525, 526, 532, 536, 537, 543, 547, 548, 549, 550, 556, 558, 559, 560, 561, 563, 580, 583, 584, 585, 586, 588, 589, 594, 595, 597, 605, 606, 607, 608, 609, 610, 611, 612, 613, 614, 624, 637, 638, 640, 643, 645, 646, 647, 648, 650, 672, 676, 678, 684, 695, 697, 698, 700, 711, 713, 725, 726, 728, 729, 730, 731, 733, 747, 751, 752, 753, 755, 756, 757, 764, 765, 767, 768, 769, 771, 772, 775, 776, 778, 779, 780, 781, 787, 788, 790, 791, 795, 796, 797, 808, 812, 816, 820, 825, 829, 839, 840, 841, 842, 846], "summary": {"covered_lines": 176, "num_statements": 202, "percent_covered": 83.0, "percent_covered_display": "83", "missing_lines": 26, "excluded_lines": 0, "num_branches": 98, "num_partial_branches": 15, "covered_branches": 73, "missing_branches": 25}, "missing_lines": [567, 568, 569, 570, 581, 598, 641, 654, 655, 657, 658, 659, 661, 662, 663, 666, 667, 668, 673, 677, 704, 705, 706, 707, 712, 754], "excluded_lines": [], "executed_branches": [[436, -434], [436, 437], [446, -434], [446, 447], [453, 454], [453, 460], [467, 468], [467, 471], [471, 472], [471, 479], [472, 471], [472, 473], [479, -462], [479, 480], [484, 485], [484, 499], [491, 492], [504, -501], [504, 505], [514, 515], [525, 526], [525, 532], [536, 537], [536, 543], [547, -545], [547, 548], [558, 559], [558, 560], [580, 583], [584, 585], [584, 605], [585, 586], [585, 605], [594, 595], [594, 597], [597, 605], [607, 608], [607, 609], [611, 612], [611, 614], [612, 613], [637, 638], [640, 643], [645, 646], [645, 647], [672, 676], [676, 678], [711, 713], [725, 726], [728, 729], [728, 730], [730, 731], [730, 733], [751, 752], [751, 753], [753, 755], [755, 756], [755, 757], [764, 765], [768, 769], [768, 771], [771, 772], [771, 778], [775, 776], [775, 778], [778, -762], [778, 779], [779, 780], [779, 781], [787, 788], [787, 790], [796, 797], [839, 840]], "missing_branches": [[491, 499], [514, 521], [567, 568], [567, 570], [580, 581], [597, 598], [612, 614], [637, 640], [640, 641], [654, 655], [654, 657], [657, 658], [657, 661], [666, 667], [666, 668], [672, 673], [676, 677], [704, 705], [704, 707], [711, 712], [725, 728], [753, 754], [764, 767], [796, -785], [839, 841]]}, "": {"executed_lines": [1, 3, 5, 6, 7, 8, 9, 10, 12, 14, 20, 21, 22, 23, 25, 33, 34, 36, 37, 38, 39, 40, 41, 43, 44, 45, 52, 53, 55, 62, 69, 77, 88, 105, 110, 118, 119, 123, 124, 128, 129, 134, 135, 137, 143, 164, 165, 169, 174, 175, 177, 202, 206, 214, 230, 237, 255, 264, 269, 270, 272, 276, 302, 303, 305, 369, 370, 374, 378, 404, 434, 462, 482, 501, 512, 523, 534, 545, 553, 565, 572, 616, 633, 652, 670, 680, 692, 702, 709, 715, 744, 745, 749, 762, 785, 806, 810, 814, 818, 823, 827, 831, 844], "summary": {"covered_lines": 95, "num_statements": 95, "percent_covered": 100.0, "percent_covered_display": "100", "missing_lines": 0, "excluded_lines": 5, "num_branches": 0, "num_partial_branches": 0, "covered_branches": 0, "missing_branches": 0}, "missing_lines": [], "excluded_lines": [25, 26, 27, 28, 29], "executed_branches": [], "missing_branches": []}}}, "aegis_sdk/application/single_active_dtos.py": {"executed_lines": [1, 6, 8, 10, 13, 14, 16, 19, 25, 30, 37, 43, 49, 55, 61, 68, 69, 70, 72, 74, 75, 79, 81, 82, 83, 85, 87, 92, 94, 95, 96, 98, 99, 100, 101, 104, 106, 107, 108, 110, 111, 112, 116, 119, 120, 122, 124, 125, 126, 127, 130, 131, 133, 135, 136, 137, 138, 139, 140, 144, 148], "summary": {"covered_lines": 57, "num_statements": 59, "percent_covered": 91.54929577464789, "percent_covered_display": "92", "missing_lines": 2, "excluded_lines": 0, "num_branches": 12, "num_partial_branches": 4, "covered_branches": 8, "missing_branches": 4}, "missing_lines": [88, 113], "excluded_lines": [], "executed_branches": [[74, 75], [74, 79], [87, 92], [98, 99], [100, 101], [100, 104], [110, 111], [112, 116]], "missing_branches": [[87, 88], [98, 104], [110, 116], [112, 113]], "functions": {"SingleActiveConfig.validate_service_name": {"executed_lines": [72, 74, 75, 79], "summary": {"covered_lines": 4, "num_statements": 4, "percent_covered": 100.0, "percent_covered_display": "100", "missing_lines": 0, "excluded_lines": 0, "num_branches": 2, "num_partial_branches": 0, "covered_branches": 2, "missing_branches": 0}, "missing_lines": [], "excluded_lines": [], "executed_branches": [[74, 75], [74, 79]], "missing_branches": []}, "SingleActiveConfig.validate_group_id": {"executed_lines": [85, 87, 92], "summary": {"covered_lines": 3, "num_statements": 4, "percent_covered": 66.66666666666667, "percent_covered_display": "67", "missing_lines": 1, "excluded_lines": 0, "num_branches": 2, "num_partial_branches": 1, "covered_branches": 1, "missing_branches": 1}, "missing_lines": [88], "excluded_lines": [], "executed_branches": [[87, 92]], "missing_branches": [[87, 88]]}, "SingleActiveConfig.validate_heartbeat_interval": {"executed_lines": [98, 99, 100, 101, 104], "summary": {"covered_lines": 5, "num_statements": 5, "percent_covered": 88.88888888888889, "percent_covered_display": "89", "missing_lines": 0, "excluded_lines": 0, "num_branches": 4, "num_partial_branches": 1, "covered_branches": 3, "missing_branches": 1}, "missing_lines": [], "excluded_lines": [], "executed_branches": [[98, 99], [100, 101], [100, 104]], "missing_branches": [[98, 104]]}, "SingleActiveConfig.validate_leader_ttl": {"executed_lines": [110, 111, 112, 116], "summary": {"covered_lines": 4, "num_statements": 5, "percent_covered": 66.66666666666667, "percent_covered_display": "67", "missing_lines": 1, "excluded_lines": 0, "num_branches": 4, "num_partial_branches": 2, "covered_branches": 2, "missing_branches": 2}, "missing_lines": [113], "excluded_lines": [], "executed_branches": [[110, 111], [112, 116]], "missing_branches": [[110, 116], [112, 113]]}, "": {"executed_lines": [1, 6, 8, 10, 13, 14, 16, 19, 25, 30, 37, 43, 49, 55, 61, 68, 69, 70, 81, 82, 83, 94, 95, 96, 106, 107, 108, 119, 120, 122, 124, 125, 126, 127, 130, 131, 133, 135, 136, 137, 138, 139, 140, 144, 148], "summary": {"covered_lines": 41, "num_statements": 41, "percent_covered": 100.0, "percent_covered_display": "100", "missing_lines": 0, "excluded_lines": 0, "num_branches": 0, "num_partial_branches": 0, "covered_branches": 0, "missing_branches": 0}, "missing_lines": [], "excluded_lines": [], "executed_branches": [], "missing_branches": []}}, "classes": {"SingleActiveConfig": {"executed_lines": [72, 74, 75, 79, 85, 87, 92, 98, 99, 100, 101, 104, 110, 111, 112, 116], "summary": {"covered_lines": 16, "num_statements": 18, "percent_covered": 80.0, "percent_covered_display": "80", "missing_lines": 2, "excluded_lines": 0, "num_branches": 12, "num_partial_branches": 4, "covered_branches": 8, "missing_branches": 4}, "missing_lines": [88, 113], "excluded_lines": [], "executed_branches": [[74, 75], [74, 79], [87, 92], [98, 99], [100, 101], [100, 104], [110, 111], [112, 116]], "missing_branches": [[87, 88], [98, 104], [110, 116], [112, 113]]}, "ExclusiveRPCResponse": {"executed_lines": [], "summary": {"covered_lines": 0, "num_statements": 0, "percent_covered": 100.0, "percent_covered_display": "100", "missing_lines": 0, "excluded_lines": 0, "num_branches": 0, "num_partial_branches": 0, "covered_branches": 0, "missing_branches": 0}, "missing_lines": [], "excluded_lines": [], "executed_branches": [], "missing_branches": []}, "SingleActiveStatus": {"executed_lines": [], "summary": {"covered_lines": 0, "num_statements": 0, "percent_covered": 100.0, "percent_covered_display": "100", "missing_lines": 0, "excluded_lines": 0, "num_branches": 0, "num_partial_branches": 0, "covered_branches": 0, "missing_branches": 0}, "missing_lines": [], "excluded_lines": [], "executed_branches": [], "missing_branches": []}, "": {"executed_lines": [1, 6, 8, 10, 13, 14, 16, 19, 25, 30, 37, 43, 49, 55, 61, 68, 69, 70, 81, 82, 83, 94, 95, 96, 106, 107, 108, 119, 120, 122, 124, 125, 126, 127, 130, 131, 133, 135, 136, 137, 138, 139, 140, 144, 148], "summary": {"covered_lines": 41, "num_statements": 41, "percent_covered": 100.0, "percent_covered_display": "100", "missing_lines": 0, "excluded_lines": 0, "num_branches": 0, "num_partial_branches": 0, "covered_branches": 0, "missing_branches": 0}, "missing_lines": [], "excluded_lines": [], "executed_branches": [], "missing_branches": []}}}, "aegis_sdk/application/single_active_service.py": {"executed_lines": [1, 9, 11, 12, 13, 14, 15, 17, 18, 19, 20, 21, 22, 23, 24, 25, 26, 27, 28, 36, 40, 41, 49, 75, 78, 92, 93, 94, 95, 98, 99, 100, 101, 104, 105, 106, 109, 112, 114, 120, 122, 125, 126, 128, 132, 143, 147, 152, 160, 167, 177, 180, 181, 191, 192, 193, 195, 196, 204, 210, 220, 223, 224, 231, 232, 233, 235, 241, 242, 253, 255, 257, 260, 264, 265, 273, 276, 277, 278, 279, 286, 293, 294, 295, 296, 297, 298, 300, 308, 310, 313, 314, 315, 319, 320, 321, 322, 323, 328, 331, 332, 334, 336, 342, 343, 344, 345, 349, 354, 370, 384, 385, 386, 387, 388, 389, 391, 399, 401, 402, 403, 405, 409, 422, 423, 424, 427, 428, 430, 431, 432, 433, 434, 436], "summary": {"covered_lines": 131, "num_statements": 151, "percent_covered": 81.2807881773399, "percent_covered_display": "81", "missing_lines": 20, "excluded_lines": 2, "num_branches": 52, "num_partial_branches": 10, "covered_branches": 34, "missing_branches": 18}, "missing_lines": [144, 149, 215, 216, 217, 218, 248, 249, 250, 261, 311, 350, 351, 352, 410, 411, 412, 413, 414, 419], "excluded_lines": [36, 37], "executed_branches": [[125, 126], [125, 143], [126, 128], [143, 147], [147, 152], [180, -122], [180, 181], [195, 196], [195, 204], [223, 224], [223, 231], [231, 232], [231, 253], [241, 242], [241, 253], [260, 264], [264, 265], [276, -257], [276, 277], [278, 279], [296, 297], [296, 310], [297, 298], [297, 300], [310, 313], [321, 322], [343, 344], [387, 388], [387, 401], [388, 389], [388, 391], [403, 405], [427, 428], [427, 430]], "missing_branches": [[126, 132], [143, 144], [147, 149], [216, 217], [216, 218], [249, 250], [249, 253], [260, 261], [264, -257], [278, -257], [310, 311], [321, 323], [343, 354], [351, 352], [351, 354], [403, 410], [412, 413], [412, 414]], "functions": {"SingleActiveService.__init__": {"executed_lines": [75, 78, 92, 93, 94, 95, 98, 99, 100, 101, 104, 105, 106, 109, 112], "summary": {"covered_lines": 15, "num_statements": 15, "percent_covered": 100.0, "percent_covered_display": "100", "missing_lines": 0, "excluded_lines": 0, "num_branches": 0, "num_partial_branches": 0, "covered_branches": 0, "missing_branches": 0}, "missing_lines": [], "excluded_lines": [], "executed_branches": [], "missing_branches": []}, "SingleActiveService._update_active_status": {"executed_lines": [120], "summary": {"covered_lines": 1, "num_statements": 1, "percent_covered": 100.0, "percent_covered_display": "100", "missing_lines": 0, "excluded_lines": 0, "num_branches": 0, "num_partial_branches": 0, "covered_branches": 0, "missing_branches": 0}, "missing_lines": [], "excluded_lines": [], "executed_branches": [], "missing_branches": []}, "SingleActiveService.start": {"executed_lines": [125, 126, 128, 132, 143, 147, 152, 160, 167, 177, 180, 181, 191, 192, 193, 195, 196, 204, 210], "summary": {"covered_lines": 19, "num_statements": 25, "percent_covered": 71.7948717948718, "percent_covered_display": "72", "missing_lines": 6, "excluded_lines": 0, "num_branches": 14, "num_partial_branches": 3, "covered_branches": 9, "missing_branches": 5}, "missing_lines": [144, 149, 215, 216, 217, 218], "excluded_lines": [], "executed_branches": [[125, 126], [125, 143], [126, 128], [143, 147], [147, 152], [180, -122], [180, 181], [195, 196], [195, 204]], "missing_branches": [[126, 132], [143, 144], [147, 149], [216, 217], [216, 218]]}, "SingleActiveService.stop": {"executed_lines": [223, 224, 231, 232, 233, 235, 241, 242, 253, 255], "summary": {"covered_lines": 10, "num_statements": 13, "percent_covered": 76.19047619047619, "percent_covered_display": "76", "missing_lines": 3, "excluded_lines": 0, "num_branches": 8, "num_partial_branches": 0, "covered_branches": 6, "missing_branches": 2}, "missing_lines": [248, 249, 250], "excluded_lines": [], "executed_branches": [[223, 224], [223, 231], [231, 232], [231, 253], [241, 242], [241, 253]], "missing_branches": [[249, 250], [249, 253]]}, "SingleActiveService._update_registry_heartbeat": {"executed_lines": [260, 264, 265, 273, 276, 277, 278, 279], "summary": {"covered_lines": 8, "num_statements": 9, "percent_covered": 76.47058823529412, "percent_covered_display": "76", "missing_lines": 1, "excluded_lines": 0, "num_branches": 8, "num_partial_branches": 3, "covered_branches": 5, "missing_branches": 3}, "missing_lines": [261], "excluded_lines": [], "executed_branches": [[260, 264], [264, 265], [276, -257], [276, 277], [278, 279]], "missing_branches": [[260, 261], [264, -257], [278, -257]]}, "SingleActiveService.exclusive_rpc": {"executed_lines": [293, 294, 334], "summary": {"covered_lines": 3, "num_statements": 3, "percent_covered": 100.0, "percent_covered_display": "100", "missing_lines": 0, "excluded_lines": 0, "num_branches": 0, "num_partial_branches": 0, "covered_branches": 0, "missing_branches": 0}, "missing_lines": [], "excluded_lines": [], "executed_branches": [], "missing_branches": []}, "SingleActiveService.exclusive_rpc.decorator": {"executed_lines": [295, 331, 332], "summary": {"covered_lines": 3, "num_statements": 3, "percent_covered": 100.0, "percent_covered_display": "100", "missing_lines": 0, "excluded_lines": 0, "num_branches": 0, "num_partial_branches": 0, "covered_branches": 0, "missing_branches": 0}, "missing_lines": [], "excluded_lines": [], "executed_branches": [], "missing_branches": []}, "SingleActiveService.exclusive_rpc.decorator.wrapper": {"executed_lines": [296, 297, 298, 300, 308, 310, 313, 314, 315, 319, 320, 321, 322, 323, 328], "summary": {"covered_lines": 15, "num_statements": 16, "percent_covered": 87.5, "percent_covered_display": "88", "missing_lines": 1, "excluded_lines": 0, "num_branches": 8, "num_partial_branches": 2, "covered_branches": 6, "missing_branches": 2}, "missing_lines": [311], "excluded_lines": [], "executed_branches": [[296, 297], [296, 310], [297, 298], [297, 300], [310, 313], [321, 322]], "missing_branches": [[310, 311], [321, 323]]}, "SingleActiveService.get_status": {"executed_lines": [342, 343, 344, 345, 349, 354], "summary": {"covered_lines": 6, "num_statements": 9, "percent_covered": 53.84615384615385, "percent_covered_display": "54", "missing_lines": 3, "excluded_lines": 0, "num_branches": 4, "num_partial_branches": 1, "covered_branches": 1, "missing_branches": 3}, "missing_lines": [350, 351, 352], "excluded_lines": [], "executed_branches": [[343, 344]], "missing_branches": [[343, 354], [351, 352], [351, 354]]}, "exclusive_rpc": {"executed_lines": [384, 385, 427, 428, 430, 436], "summary": {"covered_lines": 6, "num_statements": 6, "percent_covered": 100.0, "percent_covered_display": "100", "missing_lines": 0, "excluded_lines": 0, "num_branches": 2, "num_partial_branches": 0, "covered_branches": 2, "missing_branches": 0}, "missing_lines": [], "excluded_lines": [], "executed_branches": [[427, 428], [427, 430]], "missing_branches": []}, "exclusive_rpc.decorator": {"executed_lines": [386, 422, 423, 424], "summary": {"covered_lines": 4, "num_statements": 4, "percent_covered": 100.0, "percent_covered_display": "100", "missing_lines": 0, "excluded_lines": 0, "num_branches": 0, "num_partial_branches": 0, "covered_branches": 0, "missing_branches": 0}, "missing_lines": [], "excluded_lines": [], "executed_branches": [], "missing_branches": []}, "exclusive_rpc.decorator.wrapper": {"executed_lines": [387, 388, 389, 391, 399, 401, 402, 403, 405, 409], "summary": {"covered_lines": 10, "num_statements": 16, "percent_covered": 62.5, "percent_covered_display": "62", "missing_lines": 6, "excluded_lines": 0, "num_branches": 8, "num_partial_branches": 1, "covered_branches": 5, "missing_branches": 3}, "missing_lines": [410, 411, 412, 413, 414, 419], "excluded_lines": [], "executed_branches": [[387, 388], [387, 401], [388, 389], [388, 391], [403, 405]], "missing_branches": [[403, 410], [412, 413], [412, 414]]}, "exclusive_rpc.outer_decorator": {"executed_lines": [431, 432, 433, 434], "summary": {"covered_lines": 4, "num_statements": 4, "percent_covered": 100.0, "percent_covered_display": "100", "missing_lines": 0, "excluded_lines": 0, "num_branche
[...]
_lines": [], "excluded_lines": [70], "executed_branches": [], "missing_branches": []}, "MessageBusPort.send_command": {"executed_lines": [], "summary": {"covered_lines": 0, "num_statements": 0, "percent_covered": 100.0, "percent_covered_display": "100", "missing_lines": 0, "excluded_lines": 1, "num_branches": 0, "num_partial_branches": 0, "covered_branches": 0, "missing_branches": 0}, "missing_lines": [], "excluded_lines": [75], "executed_branches": [], "missing_branches": []}, "MessageBusPort.register_service": {"executed_lines": [], "summary": {"covered_lines": 0, "num_statements": 0, "percent_covered": 100.0, "percent_covered_display": "100", "missing_lines": 0, "excluded_lines": 1, "num_branches": 0, "num_partial_branches": 0, "covered_branches": 0, "missing_branches": 0}, "missing_lines": [], "excluded_lines": [81], "executed_branches": [], "missing_branches": []}, "MessageBusPort.unregister_service": {"executed_lines": [], "summary": {"covered_lines": 0, "num_statements": 0, "percent_covered": 100.0, "percent_covered_display": "100", "missing_lines": 0, "excluded_lines": 1, "num_branches": 0, "num_partial_branches": 0, "covered_branches": 0, "missing_branches": 0}, "missing_lines": [], "excluded_lines": [86], "executed_branches": [], "missing_branches": []}, "MessageBusPort.send_heartbeat": {"executed_lines": [], "summary": {"covered_lines": 0, "num_statements": 0, "percent_covered": 100.0, "percent_covered_display": "100", "missing_lines": 0, "excluded_lines": 1, "num_branches": 0, "num_partial_branches": 0, "covered_branches": 0, "missing_branches": 0}, "missing_lines": [], "excluded_lines": [91], "executed_branches": [], "missing_branches": []}, "": {"executed_lines": [1, 3, 4, 6, 7, 8, 11, 12, 14, 15, 19, 20, 24, 25, 30, 31, 35, 36, 41, 42, 59, 60, 65, 66, 72, 73, 78, 79, 83, 84, 88, 89], "summary": {"covered_lines": 30, "num_statements": 30, "percent_covered": 100.0, "percent_covered_display": "100", "missing_lines": 0, "excluded_lines": 15, "num_branches": 0, "num_partial_branches": 0, "covered_branches": 0, "missing_branches": 0}, "missing_lines": [], "excluded_lines": [18, 23, 28, 29, 34, 39, 40, 58, 63, 64, 71, 76, 77, 82, 87], "executed_branches": [], "missing_branches": []}}, "classes": {"MessageBusPort": {"executed_lines": [], "summary": {"covered_lines": 0, "num_statements": 0, "percent_covered": 100.0, "percent_covered_display": "100", "missing_lines": 0, "excluded_lines": 12, "num_branches": 0, "num_partial_branches": 0, "covered_branches": 0, "missing_branches": 0}, "missing_lines": [], "excluded_lines": [17, 22, 27, 33, 38, 57, 62, 70, 75, 81, 86, 91], "executed_branches": [], "missing_branches": []}, "": {"executed_lines": [1, 3, 4, 6, 7, 8, 11, 12, 14, 15, 19, 20, 24, 25, 30, 31, 35, 36, 41, 42, 59, 60, 65, 66, 72, 73, 78, 79, 83, 84, 88, 89], "summary": {"covered_lines": 30, "num_statements": 30, "percent_covered": 100.0, "percent_covered_display": "100", "missing_lines": 0, "excluded_lines": 15, "num_branches": 0, "num_partial_branches": 0, "covered_branches": 0, "missing_branches": 0}, "missing_lines": [], "excluded_lines": [18, 23, 28, 29, 34, 39, 40, 58, 63, 64, 71, 76, 77, 82, 87], "executed_branches": [], "missing_branches": []}}}, "aegis_sdk/ports/metrics.py": {"executed_lines": [1, 8, 9, 10, 13, 14, 20, 21, 30, 31, 40, 41, 50, 51, 62, 63, 71, 72], "summary": {"covered_lines": 16, "num_statements": 16, "percent_covered": 100.0, "percent_covered_display": "100", "missing_lines": 0, "excluded_lines": 12, "num_branches": 0, "num_partial_branches": 0, "covered_branches": 0, "missing_branches": 0}, "missing_lines": [], "excluded_lines": [28, 29, 38, 39, 48, 49, 60, 61, 69, 70, 74, 75], "executed_branches": [], "missing_branches": [], "functions": {"MetricsPort.increment": {"executed_lines": [], "summary": {"covered_lines": 0, "num_statements": 0, "percent_covered": 100.0, "percent_covered_display": "100", "missing_lines": 0, "excluded_lines": 1, "num_branches": 0, "num_partial_branches": 0, "covered_branches": 0, "missing_branches": 0}, "missing_lines": [], "excluded_lines": [28], "executed_branches": [], "missing_branches": []}, "MetricsPort.gauge": {"executed_lines": [], "summary": {"covered_lines": 0, "num_statements": 0, "percent_covered": 100.0, "percent_covered_display": "100", "missing_lines": 0, "excluded_lines": 1, "num_branches": 0, "num_partial_branches": 0, "covered_branches": 0, "missing_branches": 0}, "missing_lines": [], "excluded_lines": [38], "executed_branches": [], "missing_branches": []}, "MetricsPort.record": {"executed_lines": [], "summary": {"covered_lines": 0, "num_statements": 0, "percent_covered": 100.0, "percent_covered_display": "100", "missing_lines": 0, "excluded_lines": 1, "num_branches": 0, "num_partial_branches": 0, "covered_branches": 0, "missing_branches": 0}, "missing_lines": [], "excluded_lines": [48], "executed_branches": [], "missing_branches": []}, "MetricsPort.timer": {"executed_lines": [], "summary": {"covered_lines": 0, "num_statements": 0, "percent_covered": 100.0, "percent_covered_display": "100", "missing_lines": 0, "excluded_lines": 1, "num_branches": 0, "num_partial_branches": 0, "covered_branches": 0, "missing_branches": 0}, "missing_lines": [], "excluded_lines": [60], "executed_branches": [], "missing_branches": []}, "MetricsPort.get_all": {"executed_lines": [], "summary": {"covered_lines": 0, "num_statements": 0, "percent_covered": 100.0, "percent_covered_display": "100", "missing_lines": 0, "excluded_lines": 1, "num_branches": 0, "num_partial_branches": 0, "covered_branches": 0, "missing_branches": 0}, "missing_lines": [], "excluded_lines": [69], "executed_branches": [], "missing_branches": []}, "MetricsPort.reset": {"executed_lines": [], "summary": {"covered_lines": 0, "num_statements": 0, "percent_covered": 100.0, "percent_covered_display": "100", "missing_lines": 0, "excluded_lines": 1, "num_branches": 0, "num_partial_branches": 0, "covered_branches": 0, "missing_branches": 0}, "missing_lines": [], "excluded_lines": [74], "executed_branches": [], "missing_branches": []}, "": {"executed_lines": [1, 8, 9, 10, 13, 14, 20, 21, 30, 31, 40, 41, 50, 51, 62, 63, 71, 72], "summary": {"covered_lines": 16, "num_statements": 16, "percent_covered": 100.0, "percent_covered_display": "100", "missing_lines": 0, "excluded_lines": 5, "num_branches": 0, "num_partial_branches": 0, "covered_branches": 0, "missing_branches": 0}, "missing_lines": [], "excluded_lines": [29, 39, 49, 61, 70], "executed_branches": [], "missing_branches": []}}, "classes": {"MetricsPort": {"executed_lines": [], "summary": {"covered_lines": 0, "num_statements": 0, "percent_covered": 100.0, "percent_covered_display": "100", "missing_lines": 0, "excluded_lines": 6, "num_branches": 0, "num_partial_branches": 0, "covered_branches": 0, "missing_branches": 0}, "missing_lines": [], "excluded_lines": [28, 38, 48, 60, 69, 74], "executed_branches": [], "missing_branches": []}, "": {"executed_lines": [1, 8, 9, 10, 13, 14, 20, 21, 30, 31, 40, 41, 50, 51, 62, 63, 71, 72], "summary": {"covered_lines": 16, "num_statements": 16, "percent_covered": 100.0, "percent_covered_display": "100", "missing_lines": 0, "excluded_lines": 5, "num_branches": 0, "num_partial_branches": 0, "covered_branches": 0, "missing_branches": 0}, "missing_lines": [], "excluded_lines": [29, 39, 49, 61, 70], "executed_branches": [], "missing_branches": []}}}, "aegis_sdk/ports/repository.py": {"executed_lines": [1, 6, 7, 9, 10, 13, 14, 19, 20, 24, 25, 31, 32, 36, 37], "summary": {"covered_lines": 13, "num_statements": 13, "percent_covered": 100.0, "percent_covered_display": "100", "missing_lines": 0, "excluded_lines": 8, "num_branches": 0, "num_partial_branches": 0, "covered_branches": 0, "missing_branches": 0}, "missing_lines": [], "excluded_lines": [22, 23, 29, 30, 34, 35, 39, 40], "executed_branches": [], "missing_branches": [], "functions": {"ServiceRepository.save": {"executed_lines": [], "summary": {"covered_lines": 0, "num_statements": 0, "percent_covered": 100.0, "percent_covered_display": "100", "missing_lines": 0, "excluded_lines": 1, "num_branches": 0, "num_partial_branches": 0, "covered_branches": 0, "missing_branches": 0}, "missing_lines": [], "excluded_lines": [22], "executed_branches": [], "missing_branches": []}, "ServiceRepository.get": {"executed_lines": [], "summary": {"covered_lines": 0, "num_statements": 0, "percent_covered": 100.0, "percent_covered_display": "100", "missing_lines": 0, "excluded_lines": 1, "num_branches": 0, "num_partial_branches": 0, "covered_branches": 0, "missing_branches": 0}, "missing_lines": [], "excluded_lines": [29], "executed_branches": [], "missing_branches": []}, "ServiceRepository.list_by_service": {"executed_lines": [], "summary": {"covered_lines": 0, "num_statements": 0, "percent_covered": 100.0, "percent_covered_display": "100", "missing_lines": 0, "excluded_lines": 1, "num_branches": 0, "num_partial_branches": 0, "covered_branches": 0, "missing_branches": 0}, "missing_lines": [], "excluded_lines": [34], "executed_branches": [], "missing_branches": []}, "ServiceRepository.delete": {"executed_lines": [], "summary": {"covered_lines": 0, "num_statements": 0, "percent_covered": 100.0, "percent_covered_display": "100", "missing_lines": 0, "excluded_lines": 1, "num_branches": 0, "num_partial_branches": 0, "covered_branches": 0, "missing_branches": 0}, "missing_lines": [], "excluded_lines": [39], "executed_branches": [], "missing_branches": []}, "": {"executed_lines": [1, 6, 7, 9, 10, 13, 14, 19, 20, 24, 25, 31, 32, 36, 37], "summary": {"covered_lines": 13, "num_statements": 13, "percent_covered": 100.0, "percent_covered_display": "100", "missing_lines": 0, "excluded_lines": 3, "num_branches": 0, "num_partial_branches": 0, "covered_branches": 0, "missing_branches": 0}, "missing_lines": [], "excluded_lines": [23, 30, 35], "executed_branches": [], "missing_branches": []}}, "classes": {"ServiceRepository": {"executed_lines": [], "summary": {"covered_lines": 0, "num_statements": 0, "percent_covered": 100.0, "percent_covered_display": "100", "missing_lines": 0, "excluded_lines": 4, "num_branches": 0, "num_partial_branches": 0, "covered_branches": 0, "missing_branches": 0}, "missing_lines": [], "excluded_lines": [22, 29, 34, 39], "executed_branches": [], "missing_branches": []}, "": {"executed_lines": [1, 6, 7, 9, 10, 13, 14, 19, 20, 24, 25, 31, 32, 36, 37], "summary": {"covered_lines": 13, "num_statements": 13, "percent_covered": 100.0, "percent_covered_display": "100", "missing_lines": 0, "excluded_lines": 3, "num_branches": 0, "num_partial_branches": 0, "covered_branches": 0, "missing_branches": 0}, "missing_lines": [], "excluded_lines": [23, 30, 35], "executed_branches": [], "missing_branches": []}}}, "aegis_sdk/ports/service_discovery.py": {"executed_lines": [1, 3, 5, 6, 7, 9, 12, 13, 15, 16, 17, 20, 21, 23, 42, 43, 49, 50, 67, 68, 89, 90, 104, 105], "summary": {"covered_lines": 20, "num_statements": 20, "percent_covered": 100.0, "percent_covered_display": "100", "missing_lines": 0, "excluded_lines": 11, "num_branches": 0, "num_partial_branches": 0, "covered_branches": 0, "missing_branches": 0}, "missing_lines": [], "excluded_lines": [39, 40, 41, 65, 66, 87, 88, 102, 103, 111, 112], "executed_branches": [], "missing_branches": [], "functions": {"InstanceSelector.select": {"executed_lines": [], "summary": {"covered_lines": 0, "num_statements": 0, "percent_covered": 100.0, "percent_covered_display": "100", "missing_lines": 0, "excluded_lines": 1, "num_branches": 0, "num_partial_branches": 0, "covered_branches": 0, "missing_branches": 0}, "missing_lines": [], "excluded_lines": [39], "executed_branches": [], "missing_branches": []}, "ServiceDiscoveryPort.discover_instances": {"executed_lines": [], "summary": {"covered_lines": 0, "num_statements": 0, "percent_covered": 100.0, "percent_covered_display": "100", "missing_lines": 0, "excluded_lines": 1, "num_branches": 0, "num_partial_branches": 0, "covered_branches": 0, "missing_branches": 0}, "missing_lines": [], "excluded_lines": [65], "executed_branches": [], "missing_branches": []}, "ServiceDiscoveryPort.select_instance": {"executed_lines": [], "summary": {"covered_lines": 0, "num_statements": 0, "percent_covered": 100.0, "percent_covered_display": "100", "missing_lines": 0, "excluded_lines": 1, "num_branches": 0, "num_partial_branches": 0, "covered_branches": 0, "missing_branches": 0}, "missing_lines": [], "excluded_lines": [87], "executed_branches": [], "missing_branches": []}, "ServiceDiscoveryPort.get_selector": {"executed_lines": [], "summary": {"covered_lines": 0, "num_statements": 0, "percent_covered": 100.0, "percent_covered_display": "100", "missing_lines": 0, "excluded_lines": 1, "num_branches": 0, "num_partial_branches": 0, "covered_branches": 0, "missing_branches": 0}, "missing_lines": [], "excluded_lines": [102], "executed_branches": [], "missing_branches": []}, "ServiceDiscoveryPort.invalidate_cache": {"executed_lines": [], "summary": {"covered_lines": 0, "num_statements": 0, "percent_covered": 100.0, "percent_covered_display": "100", "missing_lines": 0, "excluded_lines": 1, "num_branches": 0, "num_partial_branches": 0, "covered_branches": 0, "missing_branches": 0}, "missing_lines": [], "excluded_lines": [111], "executed_branches": [], "missing_branches": []}, "": {"executed_lines": [1, 3, 5, 6, 7, 9, 12, 13, 15, 16, 17, 20, 21, 23, 42, 43, 49, 50, 67, 68, 89, 90, 104, 105], "summary": {"covered_lines": 20, "num_statements": 20, "percent_covered": 100.0, "percent_covered_display": "100", "missing_lines": 0, "excluded_lines": 5, "num_branches": 0, "num_partial_branches": 0, "covered_branches": 0, "missing_branches": 0}, "missing_lines": [], "excluded_lines": [40, 41, 66, 88, 103], "executed_branches": [], "missing_branches": []}}, "classes": {"SelectionStrategy": {"executed_lines": [], "summary": {"covered_lines": 0, "num_statements": 0, "percent_covered": 100.0, "percent_covered_display": "100", "missing_lines": 0, "excluded_lines": 0, "num_branches": 0, "num_partial_branches": 0, "covered_branches": 0, "missing_branches": 0}, "missing_lines": [], "excluded_lines": [], "executed_branches": [], "missing_branches": []}, "InstanceSelector": {"executed_lines": [], "summary": {"covered_lines": 0, "num_statements": 0, "percent_covered": 100.0, "percent_covered_display": "100", "missing_lines": 0, "excluded_lines": 1, "num_branches": 0, "num_partial_branches": 0, "covered_branches": 0, "missing_branches": 0}, "missing_lines": [], "excluded_lines": [39], "executed_branches": [], "missing_branches": []}, "ServiceDiscoveryPort": {"executed_lines": [], "summary": {"covered_lines": 0, "num_statements": 0, "percent_covered": 100.0, "percent_covered_display": "100", "missing_lines": 0, "excluded_lines": 4, "num_branches": 0, "num_partial_branches": 0, "covered_branches": 0, "missing_branches": 0}, "missing_lines": [], "excluded_lines": [65, 87, 102, 111], "executed_branches": [], "missing_branches": []}, "": {"executed_lines": [1, 3, 5, 6, 7, 9, 12, 13, 15, 16, 17, 20, 21, 23, 42, 43, 49, 50, 67, 68, 89, 90, 104, 105], "summary": {"covered_lines": 20, "num_statements": 20, "percent_covered": 100.0, "percent_covered_display": "100", "missing_lines": 0, "excluded_lines": 5, "num_branches": 0, "num_partial_branches": 0, "covered_branches": 0, "missing_branches": 0}, "missing_lines": [], "excluded_lines": [40, 41, 66, 88, 103], "executed_branches": [], "missing_branches": []}}}, "aegis_sdk/ports/service_registry.py": {"executed_lines": [1, 3, 5, 7, 10, 11, 17, 18, 30, 31, 44, 45, 57, 58, 70, 71, 82, 83], "summary": {"covered_lines": 16, "num_statements": 16, "percent_covered": 100.0, "percent_covered_display": "100", "missing_lines": 0, "excluded_lines": 12, "num_branches": 0, "num_partial_branches": 0, "covered_branches": 0, "missing_branches": 0}, "missing_lines": [], "excluded_lines": [28, 29, 42, 43, 55, 56, 68, 69, 80, 81, 89, 90], "executed_branches": [], "missing_branches": [], "functions": {"ServiceRegistryPort.register": {"executed_lines": [], "summary": {"covered_lines": 0, "num_statements": 0, "percent_covered": 100.0, "percent_covered_display": "100", "missing_lines": 0, "excluded_lines": 1, "num_branches": 0, "num_partial_branches": 0, "covered_branches": 0, "missing_branches": 0}, "missing_lines": [], "excluded_lines": [28], "executed_branches": [], "missing_branches": []}, "ServiceRegistryPort.update_heartbeat": {"executed_lines": [], "summary": {"covered_lines": 0, "num_statements": 0, "percent_covered": 100.0, "percent_covered_display": "100", "missing_lines": 0, "excluded_lines": 1, "num_branches": 0, "num_partial_branches": 0, "covered_branches": 0, "missing_branches": 0}, "missing_lines": [], "excluded_lines": [42], "executed_branches": [], "missing_branches": []}, "ServiceRegistryPort.deregister": {"executed_lines": [], "summary": {"covered_lines": 0, "num_statements": 0, "percent_covered": 100.0, "percent_covered_display": "100", "missing_lines": 0, "excluded_lines": 1, "num_branches": 0, "num_partial_branches": 0, "covered_branches": 0, "missing_branches": 0}, "missing_lines": [], "excluded_lines": [55], "executed_branches": [], "missing_branches": []}, "ServiceRegistryPort.get_instance": {"executed_lines": [], "summary": {"covered_lines": 0, "num_statements": 0, "percent_covered": 100.0, "percent_covered_display": "100", "missing_lines": 0, "excluded_lines": 1, "num_branches": 0, "num_partial_branches": 0, "covered_branches": 0, "missing_branches": 0}, "missing_lines": [], "excluded_lines": [68], "executed_branches": [], "missing_branches": []}, "ServiceRegistryPort.list_instances": {"executed_lines": [], "summary": {"covered_lines": 0, "num_statements": 0, "percent_covered": 100.0, "percent_covered_display": "100", "missing_lines": 0, "excluded_lines": 1, "num_branches": 0, "num_partial_branches": 0, "covered_branches": 0, "missing_branches": 0}, "missing_lines": [], "excluded_lines": [80], "executed_branches": [], "missing_branches": []}, "ServiceRegistryPort.list_all_services": {"executed_lines": [], "summary": {"covered_lines": 0, "num_statements": 0, "percent_covered": 100.0, "percent_covered_display": "100", "missing_lines": 0, "excluded_lines": 1, "num_branches": 0, "num_partial_branches": 0, "covered_branches": 0, "missing_branches": 0}, "missing_lines": [], "excluded_lines": [89], "executed_branches": [], "missing_branches": []}, "": {"executed_lines": [1, 3, 5, 7, 10, 11, 17, 18, 30, 31, 44, 45, 57, 58, 70, 71, 82, 83], "summary": {"covered_lines": 16, "num_statements": 16, "percent_covered": 100.0, "percent_covered_display": "100", "missing_lines": 0, "excluded_lines": 5, "num_branches": 0, "num_partial_branches": 0, "covered_branches": 0, "missing_branches": 0}, "missing_lines": [], "excluded_lines": [29, 43, 56, 69, 81], "executed_branches": [], "missing_branches": []}}, "classes": {"ServiceRegistryPort": {"executed_lines": [], "summary": {"covered_lines": 0, "num_statements": 0, "percent_covered": 100.0, "percent_covered_display": "100", "missing_lines": 0, "excluded_lines": 6, "num_branches": 0, "num_partial_branches": 0, "covered_branches": 0, "missing_branches": 0}, "missing_lines": [], "excluded_lines": [28, 42, 55, 68, 80, 89], "executed_branches": [], "missing_branches": []}, "": {"executed_lines": [1, 3, 5, 7, 10, 11, 17, 18, 30, 31, 44, 45, 57, 58, 70, 71, 82, 83], "summary": {"covered_lines": 16, "num_statements": 16, "percent_covered": 100.0, "percent_covered_display": "100", "missing_lines": 0, "excluded_lines": 5, "num_branches": 0, "num_partial_branches": 0, "covered_branches": 0, "missing_branches": 0}, "missing_lines": [], "excluded_lines": [29, 43, 56, 69, 81], "executed_branches": [], "missing_branches": []}}}}, "totals": {"covered_lines": 4404, "num_statements": 5625, "percent_covered": 75.2956261575723, "percent_covered_display": "75", "missing_lines": 1221, "excluded_lines": 204, "num_branches": 1394, "num_partial_branches": 189, "covered_branches": 881, "missing_branches": 513}}
